{"/home/gabriele/Scrivania/IS22-TEAM-25/ProgettoT25/src/server.js": {"path":"/home/gabriele/Scrivania/IS22-TEAM-25/ProgettoT25/src/server.js","statementMap":{"0":{"start":{"line":2,"column":0},"end":{"line":2,"column":26}},"1":{"start":{"line":4,"column":16},"end":{"line":4,"column":34}},"2":{"start":{"line":5,"column":12},"end":{"line":5,"column":21}},"3":{"start":{"line":7,"column":13},"end":{"line":7,"column":28}},"4":{"start":{"line":9,"column":13},"end":{"line":9,"column":28}},"5":{"start":{"line":10,"column":0},"end":{"line":10,"column":15}},"6":{"start":{"line":12,"column":0},"end":{"line":12,"column":24}},"7":{"start":{"line":13,"column":0},"end":{"line":13,"column":48}},"8":{"start":{"line":16,"column":18},"end":{"line":16,"column":47}},"9":{"start":{"line":17,"column":24},"end":{"line":17,"column":50}},"10":{"start":{"line":18,"column":0},"end":{"line":18,"column":73}},"11":{"start":{"line":21,"column":21},"end":{"line":21,"column":58}},"12":{"start":{"line":23,"column":21},"end":{"line":23,"column":47}},"13":{"start":{"line":24,"column":0},"end":{"line":24,"column":50}},"14":{"start":{"line":25,"column":0},"end":{"line":25,"column":40}},"15":{"start":{"line":26,"column":0},"end":{"line":26,"column":40}},"16":{"start":{"line":27,"column":0},"end":{"line":27,"column":40}},"17":{"start":{"line":28,"column":0},"end":{"line":28,"column":32}},"18":{"start":{"line":30,"column":20},"end":{"line":30,"column":54}},"19":{"start":{"line":31,"column":0},"end":{"line":31,"column":32}},"20":{"start":{"line":32,"column":0},"end":{"line":32,"column":31}},"21":{"start":{"line":34,"column":23},"end":{"line":34,"column":51}},"22":{"start":{"line":35,"column":0},"end":{"line":35,"column":38}},"23":{"start":{"line":36,"column":0},"end":{"line":36,"column":40}},"24":{"start":{"line":37,"column":0},"end":{"line":37,"column":34}},"25":{"start":{"line":39,"column":26},"end":{"line":39,"column":57}},"26":{"start":{"line":40,"column":0},"end":{"line":40,"column":38}},"27":{"start":{"line":41,"column":0},"end":{"line":41,"column":50}},"28":{"start":{"line":42,"column":0},"end":{"line":42,"column":49}},"29":{"start":{"line":43,"column":0},"end":{"line":43,"column":37}},"30":{"start":{"line":45,"column":25},"end":{"line":45,"column":55}},"31":{"start":{"line":46,"column":0},"end":{"line":46,"column":37}},"32":{"start":{"line":47,"column":0},"end":{"line":47,"column":48}},"33":{"start":{"line":48,"column":0},"end":{"line":48,"column":43}},"34":{"start":{"line":49,"column":0},"end":{"line":49,"column":36}},"35":{"start":{"line":51,"column":21},"end":{"line":51,"column":48}},"36":{"start":{"line":52,"column":0},"end":{"line":52,"column":43}},"37":{"start":{"line":53,"column":0},"end":{"line":53,"column":39}},"38":{"start":{"line":54,"column":0},"end":{"line":54,"column":37}},"39":{"start":{"line":55,"column":0},"end":{"line":55,"column":41}},"40":{"start":{"line":57,"column":0},"end":{"line":57,"column":32}},"41":{"start":{"line":59,"column":19},"end":{"line":59,"column":49}},"42":{"start":{"line":60,"column":0},"end":{"line":60,"column":29}},"43":{"start":{"line":62,"column":0},"end":{"line":62,"column":21}}},"fnMap":{},"branchMap":{},"s":{"0":7,"1":7,"2":7,"3":7,"4":7,"5":7,"6":7,"7":7,"8":7,"9":7,"10":7,"11":7,"12":7,"13":7,"14":7,"15":7,"16":7,"17":7,"18":7,"19":7,"20":7,"21":7,"22":7,"23":7,"24":7,"25":7,"26":7,"27":7,"28":7,"29":7,"30":7,"31":7,"32":7,"33":7,"34":7,"35":7,"36":7,"37":7,"38":7,"39":7,"40":7,"41":7,"42":7,"43":7},"f":{},"b":{},"_coverageSchema":"1a1c01bbd47fc00a2c39e90264f33305004495a9","hash":"984f78cb7b65405055879677f7a9c6ffbbeabebc"}
,"/home/gabriele/Scrivania/IS22-TEAM-25/ProgettoT25/src/auxiliaries/checks.js": {"path":"/home/gabriele/Scrivania/IS22-TEAM-25/ProgettoT25/src/auxiliaries/checks.js","statementMap":{"0":{"start":{"line":2,"column":16},"end":{"line":16,"column":1}},"1":{"start":{"line":3,"column":17},"end":{"line":3,"column":30}},"2":{"start":{"line":4,"column":4},"end":{"line":6,"column":5}},"3":{"start":{"line":5,"column":8},"end":{"line":5,"column":21}},"4":{"start":{"line":8,"column":4},"end":{"line":15,"column":5}},"5":{"start":{"line":12,"column":8},"end":{"line":12,"column":20}},"6":{"start":{"line":14,"column":8},"end":{"line":14,"column":21}},"7":{"start":{"line":18,"column":22},"end":{"line":24,"column":1}},"8":{"start":{"line":19,"column":4},"end":{"line":23,"column":8}},"9":{"start":{"line":26,"column":21},"end":{"line":30,"column":1}},"10":{"start":{"line":27,"column":4},"end":{"line":29,"column":6}},"11":{"start":{"line":31,"column":0},"end":{"line":31,"column":56}}},"fnMap":{"0":{"name":"(anonymous_0)","decl":{"start":{"line":2,"column":16},"end":{"line":2,"column":17}},"loc":{"start":{"line":2,"column":34},"end":{"line":16,"column":1}},"line":2},"1":{"name":"(anonymous_1)","decl":{"start":{"line":18,"column":22},"end":{"line":18,"column":23}},"loc":{"start":{"line":18,"column":33},"end":{"line":24,"column":1}},"line":18},"2":{"name":"(anonymous_2)","decl":{"start":{"line":26,"column":21},"end":{"line":26,"column":22}},"loc":{"start":{"line":26,"column":31},"end":{"line":30,"column":1}},"line":26}},"branchMap":{"0":{"loc":{"start":{"line":4,"column":4},"end":{"line":6,"column":5}},"type":"if","locations":[{"start":{"line":4,"column":4},"end":{"line":6,"column":5}},{"start":{},"end":{}}],"line":4},"1":{"loc":{"start":{"line":8,"column":4},"end":{"line":15,"column":5}},"type":"if","locations":[{"start":{"line":8,"column":4},"end":{"line":15,"column":5}},{"start":{"line":13,"column":11},"end":{"line":15,"column":5}}],"line":8},"2":{"loc":{"start":{"line":8,"column":7},"end":{"line":11,"column":25}},"type":"binary-expr","locations":[{"start":{"line":8,"column":7},"end":{"line":8,"column":25}},{"start":{"line":8,"column":29},"end":{"line":8,"column":47}},{"start":{"line":9,"column":7},"end":{"line":9,"column":25}},{"start":{"line":9,"column":29},"end":{"line":9,"column":47}},{"start":{"line":10,"column":7},"end":{"line":10,"column":25}},{"start":{"line":10,"column":29},"end":{"line":10,"column":47}},{"start":{"line":11,"column":7},"end":{"line":11,"column":25}}],"line":8}},"s":{"0":7,"1":11,"2":11,"3":1,"4":10,"5":8,"6":2,"7":7,"8":14,"9":7,"10":8,"11":7},"f":{"0":11,"1":14,"2":8},"b":{"0":[1,10],"1":[8,2],"2":[10,8,7,6,5,4,3]},"_coverageSchema":"1a1c01bbd47fc00a2c39e90264f33305004495a9","hash":"af7ad8da511ff662cb12aeb0723b6d8de401f69d"}
,"/home/gabriele/Scrivania/IS22-TEAM-25/ProgettoT25/src/auxiliaries/createId.js": {"path":"/home/gabriele/Scrivania/IS22-TEAM-25/ProgettoT25/src/auxiliaries/createId.js","statementMap":{"0":{"start":{"line":2,"column":18},"end":{"line":2,"column":32}},"1":{"start":{"line":3,"column":4},"end":{"line":3,"column":101}},"2":{"start":{"line":6,"column":0},"end":{"line":6,"column":28}}},"fnMap":{"0":{"name":"createId","decl":{"start":{"line":1,"column":9},"end":{"line":1,"column":17}},"loc":{"start":{"line":1,"column":56},"end":{"line":4,"column":1}},"line":1}},"branchMap":{},"s":{"0":11,"1":11,"2":7},"f":{"0":11},"b":{},"_coverageSchema":"1a1c01bbd47fc00a2c39e90264f33305004495a9","hash":"0835e8486b3c48c586c157f16d5c298e184ac1d5"}
,"/home/gabriele/Scrivania/IS22-TEAM-25/ProgettoT25/src/auxiliaries/dateFunction.js": {"path":"/home/gabriele/Scrivania/IS22-TEAM-25/ProgettoT25/src/auxiliaries/dateFunction.js","statementMap":{"0":{"start":{"line":2,"column":20},"end":{"line":6,"column":1}},"1":{"start":{"line":3,"column":31},"end":{"line":3,"column":46}},"2":{"start":{"line":4,"column":19},"end":{"line":4,"column":47}},"3":{"start":{"line":5,"column":4},"end":{"line":5,"column":18}},"4":{"start":{"line":9,"column":21},"end":{"line":13,"column":1}},"5":{"start":{"line":10,"column":31},"end":{"line":10,"column":46}},"6":{"start":{"line":11,"column":19},"end":{"line":11,"column":47}},"7":{"start":{"line":12,"column":4},"end":{"line":12,"column":18}},"8":{"start":{"line":16,"column":21},"end":{"line":20,"column":1}},"9":{"start":{"line":17,"column":4},"end":{"line":19,"column":6}},"10":{"start":{"line":23,"column":22},"end":{"line":27,"column":1}},"11":{"start":{"line":24,"column":4},"end":{"line":26,"column":6}},"12":{"start":{"line":29,"column":0},"end":{"line":29,"column":74}}},"fnMap":{"0":{"name":"(anonymous_0)","decl":{"start":{"line":2,"column":20},"end":{"line":2,"column":21}},"loc":{"start":{"line":2,"column":30},"end":{"line":6,"column":1}},"line":2},"1":{"name":"(anonymous_1)","decl":{"start":{"line":9,"column":21},"end":{"line":9,"column":22}},"loc":{"start":{"line":9,"column":31},"end":{"line":13,"column":1}},"line":9},"2":{"name":"(anonymous_2)","decl":{"start":{"line":16,"column":21},"end":{"line":16,"column":22}},"loc":{"start":{"line":16,"column":31},"end":{"line":20,"column":1}},"line":16},"3":{"name":"(anonymous_3)","decl":{"start":{"line":23,"column":22},"end":{"line":23,"column":23}},"loc":{"start":{"line":23,"column":32},"end":{"line":27,"column":1}},"line":23}},"branchMap":{},"s":{"0":7,"1":8,"2":8,"3":8,"4":7,"5":8,"6":8,"7":8,"8":7,"9":8,"10":7,"11":10,"12":7},"f":{"0":8,"1":8,"2":8,"3":10},"b":{},"_coverageSchema":"1a1c01bbd47fc00a2c39e90264f33305004495a9","hash":"610ec9c60626eb6219e90e49c3ed09201d006cbb"}
,"/home/gabriele/Scrivania/IS22-TEAM-25/ProgettoT25/src/auxiliaries/filtraggio.js": {"path":"/home/gabriele/Scrivania/IS22-TEAM-25/ProgettoT25/src/auxiliaries/filtraggio.js","statementMap":{"0":{"start":{"line":1,"column":25},"end":{"line":1,"column":54}},"1":{"start":{"line":2,"column":16},"end":{"line":2,"column":54}},"2":{"start":{"line":4,"column":20},"end":{"line":110,"column":1}},"3":{"start":{"line":5,"column":16},"end":{"line":5,"column":30}},"4":{"start":{"line":6,"column":18},"end":{"line":6,"column":34}},"5":{"start":{"line":7,"column":16},"end":{"line":7,"column":36}},"6":{"start":{"line":8,"column":16},"end":{"line":8,"column":26}},"7":{"start":{"line":9,"column":17},"end":{"line":9,"column":31}},"8":{"start":{"line":10,"column":15},"end":{"line":10,"column":30}},"9":{"start":{"line":11,"column":15},"end":{"line":11,"column":28}},"10":{"start":{"line":13,"column":15},"end":{"line":13,"column":29}},"11":{"start":{"line":14,"column":15},"end":{"line":14,"column":27}},"12":{"start":{"line":16,"column":4},"end":{"line":26,"column":5}},"13":{"start":{"line":17,"column":8},"end":{"line":25,"column":9}},"14":{"start":{"line":18,"column":12},"end":{"line":24,"column":14}},"15":{"start":{"line":19,"column":16},"end":{"line":21,"column":17}},"16":{"start":{"line":20,"column":20},"end":{"line":20,"column":33}},"17":{"start":{"line":22,"column":26},"end":{"line":22,"column":69}},"18":{"start":{"line":23,"column":16},"end":{"line":23,"column":38}},"19":{"start":{"line":28,"column":4},"end":{"line":38,"column":5}},"20":{"start":{"line":29,"column":8},"end":{"line":37,"column":9}},"21":{"start":{"line":30,"column":12},"end":{"line":36,"column":14}},"22":{"start":{"line":31,"column":16},"end":{"line":33,"column":17}},"23":{"start":{"line":32,"column":20},"end":{"line":32,"column":33}},"24":{"start":{"line":34,"column":26},"end":{"line":34,"column":69}},"25":{"start":{"line":35,"column":16},"end":{"line":35,"column":43}},"26":{"start":{"line":42,"column":4},"end":{"line":52,"column":5}},"27":{"start":{"line":43,"column":8},"end":{"line":51,"column":9}},"28":{"start":{"line":44,"column":12},"end":{"line":50,"column":14}},"29":{"start":{"line":45,"column":16},"end":{"line":49,"column":17}},"30":{"start":{"line":46,"column":20},"end":{"line":46,"column":66}},"31":{"start":{"line":48,"column":20},"end":{"line":48,"column":51}},"32":{"start":{"line":54,"column":4},"end":{"line":64,"column":5}},"33":{"start":{"line":55,"column":8},"end":{"line":63,"column":9}},"34":{"start":{"line":56,"column":12},"end":{"line":62,"column":14}},"35":{"start":{"line":57,"column":16},"end":{"line":61,"column":17}},"36":{"start":{"line":58,"column":20},"end":{"line":58,"column":66}},"37":{"start":{"line":60,"column":20},"end":{"line":60,"column":51}},"38":{"start":{"line":66,"column":4},"end":{"line":72,"column":5}},"39":{"start":{"line":67,"column":8},"end":{"line":71,"column":9}},"40":{"start":{"line":68,"column":12},"end":{"line":70,"column":14}},"41":{"start":{"line":69,"column":16},"end":{"line":69,"column":51}},"42":{"start":{"line":74,"column":4},"end":{"line":80,"column":5}},"43":{"start":{"line":75,"column":8},"end":{"line":79,"column":9}},"44":{"start":{"line":76,"column":12},"end":{"line":78,"column":14}},"45":{"start":{"line":77,"column":16},"end":{"line":77,"column":63}},"46":{"start":{"line":82,"column":4},"end":{"line":88,"column":5}},"47":{"start":{"line":83,"column":8},"end":{"line":87,"column":9}},"48":{"start":{"line":84,"column":12},"end":{"line":86,"column":14}},"49":{"start":{"line":85,"column":16},"end":{"line":85,"column":64}},"50":{"start":{"line":90,"column":4},"end":{"line":97,"column":5}},"51":{"start":{"line":91,"column":8},"end":{"line":96,"column":9}},"52":{"start":{"line":92,"column":12},"end":{"line":95,"column":14}},"53":{"start":{"line":93,"column":26},"end":{"line":93,"column":38}},"54":{"start":{"line":94,"column":16},"end":{"line":94,"column":57}},"55":{"start":{"line":99,"column":4},"end":{"line":106,"column":5}},"56":{"start":{"line":100,"column":8},"end":{"line":105,"column":9}},"57":{"start":{"line":101,"column":12},"end":{"line":104,"column":14}},"58":{"start":{"line":102,"column":26},"end":{"line":102,"column":38}},"59":{"start":{"line":103,"column":16},"end":{"line":103,"column":57}},"60":{"start":{"line":108,"column":4},"end":{"line":108,"column":25}},"61":{"start":{"line":112,"column":27},"end":{"line":117,"column":1}},"62":{"start":{"line":113,"column":26},"end":{"line":115,"column":6}},"63":{"start":{"line":114,"column":8},"end":{"line":114,"column":57}},"64":{"start":{"line":116,"column":4},"end":{"line":116,"column":27}},"65":{"start":{"line":121,"column":28},"end":{"line":134,"column":1}},"66":{"start":{"line":122,"column":26},"end":{"line":132,"column":6}},"67":{"start":{"line":123,"column":8},"end":{"line":131,"column":9}},"68":{"start":{"line":124,"column":12},"end":{"line":124,"column":69}},"69":{"start":{"line":125,"column":15},"end":{"line":131,"column":9}},"70":{"start":{"line":126,"column":12},"end":{"line":126,"column":54}},"71":{"start":{"line":127,"column":15},"end":{"line":131,"column":9}},"72":{"start":{"line":128,"column":12},"end":{"line":128,"column":54}},"73":{"start":{"line":130,"column":12},"end":{"line":130,"column":39}},"74":{"start":{"line":133,"column":4},"end":{"line":133,"column":27}},"75":{"start":{"line":141,"column":31},"end":{"line":146,"column":1}},"76":{"start":{"line":142,"column":26},"end":{"line":144,"column":6}},"77":{"start":{"line":143,"column":8},"end":{"line":143,"column":57}},"78":{"start":{"line":145,"column":4},"end":{"line":145,"column":27}},"79":{"start":{"line":149,"column":32},"end":{"line":162,"column":1}},"80":{"start":{"line":150,"column":26},"end":{"line":160,"column":6}},"81":{"start":{"line":151,"column":8},"end":{"line":159,"column":9}},"82":{"start":{"line":152,"column":12},"end":{"line":152,"column":69}},"83":{"start":{"line":153,"column":15},"end":{"line":159,"column":9}},"84":{"start":{"line":154,"column":12},"end":{"line":154,"column":54}},"85":{"start":{"line":155,"column":15},"end":{"line":159,"column":9}},"86":{"start":{"line":156,"column":12},"end":{"line":156,"column":54}},"87":{"start":{"line":158,"column":12},"end":{"line":158,"column":39}},"88":{"start":{"line":161,"column":4},"end":{"line":161,"column":27}},"89":{"start":{"line":164,"column":21},"end":{"line":169,"column":1}},"90":{"start":{"line":165,"column":18},"end":{"line":165,"column":45}},"91":{"start":{"line":166,"column":4},"end":{"line":168,"column":6}},"92":{"start":{"line":167,"column":8},"end":{"line":167,"column":48}},"93":{"start":{"line":171,"column":25},"end":{"line":176,"column":1}},"94":{"start":{"line":172,"column":18},"end":{"line":172,"column":45}},"95":{"start":{"line":173,"column":4},"end":{"line":175,"column":6}},"96":{"start":{"line":174,"column":8},"end":{"line":174,"column":53}},"97":{"start":{"line":178,"column":0},"end":{"line":183,"column":2}}},"fnMap":{"0":{"name":"(anonymous_0)","decl":{"start":{"line":4,"column":20},"end":{"line":4,"column":21}},"loc":{"start":{"line":4,"column":49},"end":{"line":110,"column":1}},"line":4},"1":{"name":"(anonymous_1)","decl":{"start":{"line":18,"column":49},"end":{"line":18,"column":50}},"loc":{"start":{"line":18,"column":69},"end":{"line":24,"column":13}},"line":18},"2":{"name":"(anonymous_2)","decl":{"start":{"line":30,"column":49},"end":{"line":30,"column":50}},"loc":{"start":{"line":30,"column":69},"end":{"line":36,"column":13}},"line":30},"3":{"name":"(anonymous_3)","decl":{"start":{"line":44,"column":49},"end":{"line":44,"column":50}},"loc":{"start":{"line":44,"column":70},"end":{"line":50,"column":13}},"line":44},"4":{"name":"(anonymous_4)","decl":{"start":{"line":56,"column":49},"end":{"line":56,"column":50}},"loc":{"start":{"line":56,"column":70},"end":{"line":62,"column":13}},"line":56},"5":{"name":"(anonymous_5)","decl":{"start":{"line":68,"column":49},"end":{"line":68,"column":50}},"loc":{"start":{"line":68,"column":69},"end":{"line":70,"column":13}},"line":68},"6":{"name":"(anonymous_6)","decl":{"start":{"line":76,"column":49},"end":{"line":76,"column":50}},"loc":{"start":{"line":76,"column":69},"end":{"line":78,"column":13}},"line":76},"7":{"name":"(anonymous_7)","decl":{"start":{"line":84,"column":49},"end":{"line":84,"column":50}},"loc":{"start":{"line":84,"column":69},"end":{"line":86,"column":13}},"line":84},"8":{"name":"(anonymous_8)","decl":{"start":{"line":92,"column":49},"end":{"line":92,"column":50}},"loc":{"start":{"line":92,"column":69},"end":{"line":95,"column":13}},"line":92},"9":{"name":"(anonymous_9)","decl":{"start":{"line":101,"column":49},"end":{"line":101,"column":50}},"loc":{"start":{"line":101,"column":69},"end":{"line":104,"column":13}},"line":101},"10":{"name":"(anonymous_10)","decl":{"start":{"line":112,"column":27},"end":{"line":112,"column":28}},"loc":{"start":{"line":112,"column":44},"end":{"line":117,"column":1}},"line":112},"11":{"name":"(anonymous_11)","decl":{"start":{"line":113,"column":39},"end":{"line":113,"column":40}},"loc":{"start":{"line":113,"column":52},"end":{"line":115,"column":5}},"line":113},"12":{"name":"(anonymous_12)","decl":{"start":{"line":121,"column":28},"end":{"line":121,"column":29}},"loc":{"start":{"line":121,"column":45},"end":{"line":134,"column":1}},"line":121},"13":{"name":"(anonymous_13)","decl":{"start":{"line":122,"column":39},"end":{"line":122,"column":40}},"loc":{"start":{"line":122,"column":52},"end":{"line":132,"column":5}},"line":122},"14":{"name":"(anonymous_14)","decl":{"start":{"line":141,"column":31},"end":{"line":141,"column":32}},"loc":{"start":{"line":141,"column":48},"end":{"line":146,"column":1}},"line":141},"15":{"name":"(anonymous_15)","decl":{"start":{"line":142,"column":39},"end":{"line":142,"column":40}},"loc":{"start":{"line":142,"column":52},"end":{"line":144,"column":5}},"line":142},"16":{"name":"(anonymous_16)","decl":{"start":{"line":149,"column":32},"end":{"line":149,"column":33}},"loc":{"start":{"line":149,"column":49},"end":{"line":162,"column":1}},"line":149},"17":{"name":"(anonymous_17)","decl":{"start":{"line":150,"column":39},"end":{"line":150,"column":40}},"loc":{"start":{"line":150,"column":52},"end":{"line":160,"column":5}},"line":150},"18":{"name":"(anonymous_18)","decl":{"start":{"line":164,"column":21},"end":{"line":164,"column":22}},"loc":{"start":{"line":164,"column":50},"end":{"line":169,"column":1}},"line":164},"19":{"name":"(anonymous_19)","decl":{"start":{"line":166,"column":26},"end":{"line":166,"column":27}},"loc":{"start":{"line":166,"column":49},"end":{"line":168,"column":5}},"line":166},"20":{"name":"(anonymous_20)","decl":{"start":{"line":171,"column":25},"end":{"line":171,"column":26}},"loc":{"start":{"line":171,"column":54},"end":{"line":176,"column":1}},"line":171},"21":{"name":"(anonymous_21)","decl":{"start":{"line":173,"column":26},"end":{"line":173,"column":27}},"loc":{"start":{"line":173,"column":49},"end":{"line":175,"column":5}},"line":173}},"branchMap":{"0":{"loc":{"start":{"line":16,"column":4},"end":{"line":26,"column":5}},"type":"if","locations":[{"start":{"line":16,"column":4},"end":{"line":26,"column":5}},{"start":{},"end":{}}],"line":16},"1":{"loc":{"start":{"line":17,"column":8},"end":{"line":25,"column":9}},"type":"if","locations":[{"start":{"line":17,"column":8},"end":{"line":25,"column":9}},{"start":{},"end":{}}],"line":17},"2":{"loc":{"start":{"line":19,"column":16},"end":{"line":21,"column":17}},"type":"if","locations":[{"start":{"line":19,"column":16},"end":{"line":21,"column":17}},{"start":{},"end":{}}],"line":19},"3":{"loc":{"start":{"line":28,"column":4},"end":{"line":38,"column":5}},"type":"if","locations":[{"start":{"line":28,"column":4},"end":{"line":38,"column":5}},{"start":{},"end":{}}],"line":28},"4":{"loc":{"start":{"line":29,"column":8},"end":{"line":37,"column":9}},"type":"if","locations":[{"start":{"line":29,"column":8},"end":{"line":37,"column":9}},{"start":{},"end":{}}],"line":29},"5":{"loc":{"start":{"line":31,"column":16},"end":{"line":33,"column":17}},"type":"if","locations":[{"start":{"line":31,"column":16},"end":{"line":33,"column":17}},{"start":{},"end":{}}],"line":31},"6":{"loc":{"start":{"line":42,"column":4},"end":{"line":52,"column":5}},"type":"if","locations":[{"start":{"line":42,"column":4},"end":{"line":52,"column":5}},{"start":{},"end":{}}],"line":42},"7":{"loc":{"start":{"line":43,"column":8},"end":{"line":51,"column":9}},"type":"if","locations":[{"start":{"line":43,"column":8},"end":{"line":51,"column":9}},{"start":{},"end":{}}],"line":43},"8":{"loc":{"start":{"line":45,"column":16},"end":{"line":49,"column":17}},"type":"if","locations":[{"start":{"line":45,"column":16},"end":{"line":49,"column":17}},{"start":{"line":47,"column":23},"end":{"line":49,"column":17}}],"line":45},"9":{"loc":{"start":{"line":54,"column":4},"end":{"line":64,"column":5}},"type":"if","locations":[{"start":{"line":54,"column":4},"end":{"line":64,"column":5}},{"start":{},"end":{}}],"line":54},"10":{"loc":{"start":{"line":55,"column":8},"end":{"line":63,"column":9}},"type":"if","locations":[{"start":{"line":55,"column":8},"end":{"line":63,"column":9}},{"start":{},"end":{}}],"line":55},"11":{"loc":{"start":{"line":57,"column":16},"end":{"line":61,"column":17}},"type":"if","locations":[{"start":{"line":57,"column":16},"end":{"line":61,"column":17}},{"start":{"line":59,"column":23},"end":{"line":61,"column":17}}],"line":57},"12":{"loc":{"start":{"line":66,"column":4},"end":{"line":72,"column":5}},"type":"if","locations":[{"start":{"line":66,"column":4},"end":{"line":72,"column":5}},{"start":{},"end":{}}],"line":66},"13":{"loc":{"start":{"line":67,"column":8},"end":{"line":71,"column":9}},"type":"if","locations":[{"start":{"line":67,"column":8},"end":{"line":71,"column":9}},{"start":{},"end":{}}],"line":67},"14":{"loc":{"start":{"line":74,"column":4},"end":{"line":80,"column":5}},"type":"if","locations":[{"start":{"line":74,"column":4},"end":{"line":80,"column":5}},{"start":{},"end":{}}],"line":74},"15":{"loc":{"start":{"line":75,"column":8},"end":{"line":79,"column":9}},"type":"if","locations":[{"start":{"line":75,"column":8},"end":{"line":79,"column":9}},{"start":{},"end":{}}],"line":75},"16":{"loc":{"start":{"line":82,"column":4},"end":{"line":88,"column":5}},"type":"if","locations":[{"start":{"line":82,"column":4},"end":{"line":88,"column":5}},{"start":{},"end":{}}],"line":82},"17":{"loc":{"start":{"line":83,"column":8},"end":{"line":87,"column":9}},"type":"if","locations":[{"start":{"line":83,"column":8},"end":{"line":87,"column":9}},{"start":{},"end":{}}],"line":83},"18":{"loc":{"start":{"line":90,"column":4},"end":{"line":97,"column":5}},"type":"if","locations":[{"start":{"line":90,"column":4},"end":{"line":97,"column":5}},{"start":{},"end":{}}],"line":90},"19":{"loc":{"start":{"line":91,"column":8},"end":{"line":96,"column":9}},"type":"if","locations":[{"start":{"line":91,"column":8},"end":{"line":96,"column":9}},{"start":{},"end":{}}],"line":91},"20":{"loc":{"start":{"line":99,"column":4},"end":{"line":106,"column":5}},"type":"if","locations":[{"start":{"line":99,"column":4},"end":{"line":106,"column":5}},{"start":{},"end":{}}],"line":99},"21":{"loc":{"start":{"line":100,"column":8},"end":{"line":105,"column":9}},"type":"if","locations":[{"start":{"line":100,"column":8},"end":{"line":105,"column":9}},{"start":{},"end":{}}],"line":100},"22":{"loc":{"start":{"line":123,"column":8},"end":{"line":131,"column":9}},"type":"if","locations":[{"start":{"line":123,"column":8},"end":{"line":131,"column":9}},{"start":{"line":125,"column":15},"end":{"line":131,"column":9}}],"line":123},"23":{"loc":{"start":{"line":123,"column":11},"end":{"line":123,"column":83}},"type":"binary-expr","locations":[{"start":{"line":123,"column":11},"end":{"line":123,"column":45}},{"start":{"line":123,"column":49},"end":{"line":123,"column":83}}],"line":123},"24":{"loc":{"start":{"line":125,"column":15},"end":{"line":131,"column":9}},"type":"if","locations":[{"start":{"line":125,"column":15},"end":{"line":131,"column":9}},{"start":{"line":127,"column":15},"end":{"line":131,"column":9}}],"line":125},"25":{"loc":{"start":{"line":125,"column":19},"end":{"line":125,"column":91}},"type":"binary-expr","locations":[{"start":{"line":125,"column":19},"end":{"line":125,"column":53}},{"start":{"line":125,"column":57},"end":{"line":125,"column":91}}],"line":125},"26":{"loc":{"start":{"line":127,"column":15},"end":{"line":131,"column":9}},"type":"if","locations":[{"start":{"line":127,"column":15},"end":{"line":131,"column":9}},{"start":{"line":129,"column":97},"end":{"line":131,"column":9}}],"line":127},"27":{"loc":{"start":{"line":127,"column":19},"end":{"line":127,"column":91}},"type":"binary-expr","locations":[{"start":{"line":127,"column":19},"end":{"line":127,"column":53}},{"start":{"line":127,"column":57},"end":{"line":127,"column":91}}],"line":127},"28":{"loc":{"start":{"line":151,"column":8},"end":{"line":159,"column":9}},"type":"if","locations":[{"start":{"line":151,"column":8},"end":{"line":159,"column":9}},{"start":{"line":153,"column":15},"end":{"line":159,"column":9}}],"line":151},"29":{"loc":{"start":{"line":151,"column":11},"end":{"line":151,"column":83}},"type":"binary-expr","locations":[{"start":{"line":151,"column":11},"end":{"line":151,"column":45}},{"start":{"line":151,"column":49},"end":{"line":151,"column":83}}],"line":151},"30":{"loc":{"start":{"line":153,"column":15},"end":{"line":159,"column":9}},"type":"if","locations":[{"start":{"line":153,"column":15},"end":{"line":159,"column":9}},{"start":{"line":155,"column":15},"end":{"line":159,"column":9}}],"line":153},"31":{"loc":{"start":{"line":153,"column":19},"end":{"line":153,"column":91}},"type":"binary-expr","locations":[{"start":{"line":153,"column":19},"end":{"line":153,"column":53}},{"start":{"line":153,"column":57},"end":{"line":153,"column":91}}],"line":153},"32":{"loc":{"start":{"line":155,"column":15},"end":{"line":159,"column":9}},"type":"if","locations":[{"start":{"line":155,"column":15},"end":{"line":159,"column":9}},{"start":{"line":157,"column":97},"end":{"line":159,"column":9}}],"line":155},"33":{"loc":{"start":{"line":155,"column":19},"end":{"line":155,"column":91}},"type":"binary-expr","locations":[{"start":{"line":155,"column":19},"end":{"line":155,"column":53}},{"start":{"line":155,"column":57},"end":{"line":155,"column":91}}],"line":155}},"s":{"0":7,"1":7,"2":7,"3":18,"4":18,"5":18,"6":18,"7":18,"8":18,"9":18,"10":18,"11":18,"12":18,"13":4,"14":3,"15":17,"16":7,"17":10,"18":10,"19":18,"20":3,"21":2,"22":8,"23":7,"24":1,"25":1,"26":18,"27":5,"28":4,"29":31,"30":14,"31":17,"32":18,"33":4,"34":3,"35":20,"36":7,"37":13,"38":18,"39":7,"40":6,"41":46,"42":18,"43":4,"44":3,"45":19,"46":18,"47":4,"48":3,"49":15,"50":18,"51":2,"52":1,"53":7,"54":7,"55":18,"56":3,"57":2,"58":11,"59":11,"60":18,"61":7,"62":4,"63":12,"64":4,"65":7,"66":4,"67":10,"68":3,"69":7,"70":4,"71":3,"72":2,"73":1,"74":4,"75":7,"76":4,"77":11,"78":4,"79":7,"80":4,"81":9,"82":2,"83":7,"84":2,"85":5,"86":4,"87":1,"88":4,"89":7,"90":6,"91":6,"92":44,"93":7,"94":4,"95":4,"96":28,"97":7},"f":{"0":18,"1":17,"2":8,"3":31,"4":20,"5":46,"6":19,"7":15,"8":7,"9":11,"10":4,"11":12,"12":4,"13":10,"14":4,"15":11,"16":4,"17":9,"18":6,"19":44,"20":4,"21":28},"b":{"0":[4,14],"1":[3,1],"2":[7,10],"3":[3,15],"4":[2,1],"5":[7,1],"6":[5,13],"7":[4,1],"8":[14,17],"9":[4,14],"10":[3,1],"11":[7,13],"12":[7,11],"13":[6,1],"14":[4,14],"15":[3,1],"16":[4,14],"17":[3,1],"18":[2,16],"19":[1,1],"20":[3,15],"21":[2,1],"22":[3,7],"23":[10,7],"24":[4,3],"25":[7,4],"26":[2,1],"27":[3,3],"28":[2,7],"29":[9,4],"30":[2,5],"31":[7,2],"32":[4,1],"33":[5,5]},"_coverageSchema":"1a1c01bbd47fc00a2c39e90264f33305004495a9","hash":"3d5adca51c91f246ed3dc3d1b1a43443bf122eef"}
,"/home/gabriele/Scrivania/IS22-TEAM-25/ProgettoT25/src/auxiliaries/randomString.js": {"path":"/home/gabriele/Scrivania/IS22-TEAM-25/ProgettoT25/src/auxiliaries/randomString.js","statementMap":{"0":{"start":{"line":2,"column":16},"end":{"line":2,"column":79}},"1":{"start":{"line":3,"column":17},"end":{"line":3,"column":19}},"2":{"start":{"line":4,"column":4},"end":{"line":7,"column":5}},"3":{"start":{"line":4,"column":17},"end":{"line":4,"column":18}},"4":{"start":{"line":5,"column":22},"end":{"line":5,"column":66}},"5":{"start":{"line":6,"column":6},"end":{"line":6,"column":40}},"6":{"start":{"line":8,"column":4},"end":{"line":8,"column":18}},"7":{"start":{"line":11,"column":0},"end":{"line":11,"column":36}}},"fnMap":{"0":{"name":"createRandomString","decl":{"start":{"line":1,"column":9},"end":{"line":1,"column":27}},"loc":{"start":{"line":1,"column":46},"end":{"line":9,"column":1}},"line":1}},"branchMap":{},"s":{"0":11,"1":11,"2":11,"3":11,"4":63,"5":63,"6":11,"7":7},"f":{"0":11},"b":{},"_coverageSchema":"1a1c01bbd47fc00a2c39e90264f33305004495a9","hash":"3de00649b6d5ec0d6fcfbc30f4a3b11663f0e5bb"}
,"/home/gabriele/Scrivania/IS22-TEAM-25/ProgettoT25/src/controllers/annuncio.js": {"path":"/home/gabriele/Scrivania/IS22-TEAM-25/ProgettoT25/src/controllers/annuncio.js","statementMap":{"0":{"start":{"line":1,"column":12},"end":{"line":1,"column":44}},"1":{"start":{"line":2,"column":19},"end":{"line":2,"column":55}},"2":{"start":{"line":4,"column":17},"end":{"line":4,"column":46}},"3":{"start":{"line":5,"column":13},"end":{"line":5,"column":40}},"4":{"start":{"line":6,"column":22},"end":{"line":67,"column":1}},"5":{"start":{"line":7,"column":4},"end":{"line":66,"column":6}},"6":{"start":{"line":8,"column":8},"end":{"line":65,"column":9}},"7":{"start":{"line":9,"column":12},"end":{"line":61,"column":14}},"8":{"start":{"line":10,"column":16},"end":{"line":60,"column":17}},"9":{"start":{"line":11,"column":20},"end":{"line":11,"column":71}},"10":{"start":{"line":11,"column":29},"end":{"line":11,"column":71}},"11":{"start":{"line":12,"column":20},"end":{"line":12,"column":106}},"12":{"start":{"line":15,"column":20},"end":{"line":21,"column":21}},"13":{"start":{"line":16,"column":24},"end":{"line":20,"column":25}},"14":{"start":{"line":17,"column":28},"end":{"line":19,"column":29}},"15":{"start":{"line":18,"column":32},"end":{"line":18,"column":136}},"16":{"start":{"line":25,"column":32},"end":{"line":25,"column":42}},"17":{"start":{"line":26,"column":31},"end":{"line":26,"column":113}},"18":{"start":{"line":28,"column":44},"end":{"line":28,"column":118}},"19":{"start":{"line":30,"column":40},"end":{"line":42,"column":22}},"20":{"start":{"line":44,"column":20},"end":{"line":54,"column":21}},"21":{"start":{"line":45,"column":24},"end":{"line":45,"column":91}},"22":{"start":{"line":46,"column":24},"end":{"line":48,"column":25}},"23":{"start":{"line":47,"column":28},"end":{"line":47,"column":101}},"24":{"start":{"line":49,"column":24},"end":{"line":51,"column":25}},"25":{"start":{"line":50,"column":28},"end":{"line":50,"column":91}},"26":{"start":{"line":53,"column":24},"end":{"line":53,"column":61}},"27":{"start":{"line":56,"column":20},"end":{"line":59,"column":22}},"28":{"start":{"line":57,"column":24},"end":{"line":57,"column":75}},"29":{"start":{"line":57,"column":33},"end":{"line":57,"column":75}},"30":{"start":{"line":58,"column":24},"end":{"line":58,"column":58}},"31":{"start":{"line":63,"column":12},"end":{"line":63,"column":65}},"32":{"start":{"line":63,"column":21},"end":{"line":63,"column":65}},"33":{"start":{"line":64,"column":12},"end":{"line":64,"column":110}},"34":{"start":{"line":69,"column":24},"end":{"line":81,"column":1}},"35":{"start":{"line":70,"column":4},"end":{"line":80,"column":6}},"36":{"start":{"line":71,"column":8},"end":{"line":79,"column":9}},"37":{"start":{"line":72,"column":12},"end":{"line":74,"column":13}},"38":{"start":{"line":73,"column":16},"end":{"line":73,"column":99}},"39":{"start":{"line":75,"column":12},"end":{"line":75,"column":46}},"40":{"start":{"line":77,"column":12},"end":{"line":77,"column":62}},"41":{"start":{"line":77,"column":20},"end":{"line":77,"column":62}},"42":{"start":{"line":78,"column":12},"end":{"line":78,"column":95}},"43":{"start":{"line":83,"column":17},"end":{"line":92,"column":1}},"44":{"start":{"line":84,"column":4},"end":{"line":91,"column":6}},"45":{"start":{"line":85,"column":8},"end":{"line":90,"column":9}},"46":{"start":{"line":86,"column":12},"end":{"line":86,"column":46}},"47":{"start":{"line":88,"column":12},"end":{"line":88,"column":62}},"48":{"start":{"line":88,"column":20},"end":{"line":88,"column":62}},"49":{"start":{"line":89,"column":12},"end":{"line":89,"column":113}},"50":{"start":{"line":94,"column":28},"end":{"line":106,"column":1}},"51":{"start":{"line":95,"column":4},"end":{"line":105,"column":6}},"52":{"start":{"line":96,"column":8},"end":{"line":104,"column":9}},"53":{"start":{"line":97,"column":12},"end":{"line":99,"column":13}},"54":{"start":{"line":98,"column":16},"end":{"line":98,"column":120}},"55":{"start":{"line":100,"column":12},"end":{"line":100,"column":46}},"56":{"start":{"line":102,"column":12},"end":{"line":102,"column":62}},"57":{"start":{"line":102,"column":20},"end":{"line":102,"column":62}},"58":{"start":{"line":103,"column":12},"end":{"line":103,"column":116}},"59":{"start":{"line":108,"column":24},"end":{"line":115,"column":1}},"60":{"start":{"line":109,"column":19},"end":{"line":109,"column":64}},"61":{"start":{"line":110,"column":4},"end":{"line":112,"column":5}},"62":{"start":{"line":111,"column":8},"end":{"line":111,"column":118}},"63":{"start":{"line":113,"column":4},"end":{"line":113,"column":52}},"64":{"start":{"line":114,"column":4},"end":{"line":114,"column":34}},"65":{"start":{"line":117,"column":22},"end":{"line":135,"column":1}},"66":{"start":{"line":118,"column":4},"end":{"line":134,"column":7}},"67":{"start":{"line":119,"column":8},"end":{"line":133,"column":9}},"68":{"start":{"line":120,"column":12},"end":{"line":129,"column":13}},"69":{"start":{"line":121,"column":16},"end":{"line":121,"column":99}},"70":{"start":{"line":123,"column":35},"end":{"line":123,"column":72}},"71":{"start":{"line":124,"column":16},"end":{"line":128,"column":17}},"72":{"start":{"line":125,"column":20},"end":{"line":125,"column":130}},"73":{"start":{"line":127,"column":20},"end":{"line":127,"column":62}},"74":{"start":{"line":131,"column":12},"end":{"line":131,"column":62}},"75":{"start":{"line":131,"column":20},"end":{"line":131,"column":62}},"76":{"start":{"line":132,"column":12},"end":{"line":132,"column":95}},"77":{"start":{"line":137,"column":25},"end":{"line":177,"column":1}},"78":{"start":{"line":138,"column":4},"end":{"line":176,"column":7}},"79":{"start":{"line":139,"column":8},"end":{"line":175,"column":9}},"80":{"start":{"line":140,"column":12},"end":{"line":140,"column":62}},"81":{"start":{"line":140,"column":20},"end":{"line":140,"column":62}},"82":{"start":{"line":141,"column":12},"end":{"line":141,"column":91}},"83":{"start":{"line":144,"column":12},"end":{"line":150,"column":13}},"84":{"start":{"line":145,"column":16},"end":{"line":149,"column":17}},"85":{"start":{"line":146,"column":20},"end":{"line":148,"column":21}},"86":{"start":{"line":147,"column":24},"end":{"line":147,"column":128}},"87":{"start":{"line":153,"column":12},"end":{"line":155,"column":13}},"88":{"start":{"line":154,"column":16},"end":{"line":154,"column":100}},"89":{"start":{"line":157,"column":12},"end":{"line":174,"column":18}},"90":{"start":{"line":172,"column":20},"end":{"line":172,"column":70}},"91":{"start":{"line":172,"column":28},"end":{"line":172,"column":70}},"92":{"start":{"line":173,"column":20},"end":{"line":173,"column":50}},"93":{"start":{"line":179,"column":22},"end":{"line":193,"column":1}},"94":{"start":{"line":180,"column":14},"end":{"line":180,"column":26}},"95":{"start":{"line":181,"column":17},"end":{"line":181,"column":38}},"96":{"start":{"line":182,"column":4},"end":{"line":192,"column":5}},"97":{"start":{"line":183,"column":8},"end":{"line":183,"column":73}},"98":{"start":{"line":184,"column":11},"end":{"line":192,"column":5}},"99":{"start":{"line":185,"column":8},"end":{"line":185,"column":77}},"100":{"start":{"line":186,"column":11},"end":{"line":192,"column":5}},"101":{"start":{"line":187,"column":8},"end":{"line":187,"column":74}},"102":{"start":{"line":188,"column":11},"end":{"line":192,"column":5}},"103":{"start":{"line":189,"column":8},"end":{"line":189,"column":78}},"104":{"start":{"line":191,"column":8},"end":{"line":191,"column":90}},"105":{"start":{"line":197,"column":22},"end":{"line":215,"column":1}},"106":{"start":{"line":198,"column":17},"end":{"line":198,"column":32}},"107":{"start":{"line":200,"column":4},"end":{"line":214,"column":6}},"108":{"start":{"line":201,"column":8},"end":{"line":213,"column":9}},"109":{"start":{"line":202,"column":12},"end":{"line":204,"column":13}},"110":{"start":{"line":203,"column":16},"end":{"line":203,"column":99}},"111":{"start":{"line":205,"column":26},"end":{"line":205,"column":60}},"112":{"start":{"line":206,"column":12},"end":{"line":208,"column":13}},"113":{"start":{"line":207,"column":16},"end":{"line":207,"column":130}},"114":{"start":{"line":209,"column":12},"end":{"line":209,"column":47}},"115":{"start":{"line":211,"column":12},"end":{"line":211,"column":62}},"116":{"start":{"line":211,"column":20},"end":{"line":211,"column":62}},"117":{"start":{"line":212,"column":12},"end":{"line":212,"column":95}},"118":{"start":{"line":218,"column":0},"end":{"line":228,"column":1}}},"fnMap":{"0":{"name":"(anonymous_0)","decl":{"start":{"line":6,"column":22},"end":{"line":6,"column":23}},"loc":{"start":{"line":6,"column":35},"end":{"line":67,"column":1}},"line":6},"1":{"name":"(anonymous_1)","decl":{"start":{"line":7,"column":48},"end":{"line":7,"column":49}},"loc":{"start":{"line":7,"column":63},"end":{"line":66,"column":5}},"line":7},"2":{"name":"(anonymous_2)","decl":{"start":{"line":9,"column":61},"end":{"line":9,"column":62}},"loc":{"start":{"line":9,"column":76},"end":{"line":61,"column":13}},"line":9},"3":{"name":"(anonymous_3)","decl":{"start":{"line":56,"column":37},"end":{"line":56,"column":38}},"loc":{"start":{"line":56,"column":52},"end":{"line":59,"column":21}},"line":56},"4":{"name":"(anonymous_4)","decl":{"start":{"line":69,"column":24},"end":{"line":69,"column":25}},"loc":{"start":{"line":69,"column":37},"end":{"line":81,"column":1}},"line":69},"5":{"name":"(anonymous_5)","decl":{"start":{"line":70,"column":21},"end":{"line":70,"column":22}},"loc":{"start":{"line":70,"column":33},"end":{"line":80,"column":5}},"line":70},"6":{"name":"(anonymous_6)","decl":{"start":{"line":83,"column":17},"end":{"line":83,"column":18}},"loc":{"start":{"line":83,"column":30},"end":{"line":92,"column":1}},"line":83},"7":{"name":"(anonymous_7)","decl":{"start":{"line":84,"column":37},"end":{"line":84,"column":38}},"loc":{"start":{"line":84,"column":52},"end":{"line":91,"column":5}},"line":84},"8":{"name":"(anonymous_8)","decl":{"start":{"line":94,"column":28},"end":{"line":94,"column":29}},"loc":{"start":{"line":94,"column":42},"end":{"line":106,"column":1}},"line":94},"9":{"name":"(anonymous_9)","decl":{"start":{"line":95,"column":62},"end":{"line":95,"column":63}},"loc":{"start":{"line":95,"column":75},"end":{"line":105,"column":5}},"line":95},"10":{"name":"(anonymous_10)","decl":{"start":{"line":108,"column":24},"end":{"line":108,"column":25}},"loc":{"start":{"line":108,"column":44},"end":{"line":115,"column":1}},"line":108},"11":{"name":"(anonymous_11)","decl":{"start":{"line":117,"column":22},"end":{"line":117,"column":23}},"loc":{"start":{"line":117,"column":36},"end":{"line":135,"column":1}},"line":117},"12":{"name":"(anonymous_12)","decl":{"start":{"line":118,"column":22},"end":{"line":118,"column":23}},"loc":{"start":{"line":118,"column":37},"end":{"line":134,"column":5}},"line":118},"13":{"name":"(anonymous_13)","decl":{"start":{"line":137,"column":25},"end":{"line":137,"column":26}},"loc":{"start":{"line":137,"column":39},"end":{"line":177,"column":1}},"line":137},"14":{"name":"(anonymous_14)","decl":{"start":{"line":138,"column":49},"end":{"line":138,"column":50}},"loc":{"start":{"line":138,"column":64},"end":{"line":176,"column":5}},"line":138},"15":{"name":"(anonymous_15)","decl":{"start":{"line":171,"column":20},"end":{"line":171,"column":21}},"loc":{"start":{"line":171,"column":35},"end":{"line":174,"column":17}},"line":171},"16":{"name":"(anonymous_16)","decl":{"start":{"line":179,"column":22},"end":{"line":179,"column":23}},"loc":{"start":{"line":179,"column":36},"end":{"line":193,"column":1}},"line":179},"17":{"name":"(anonymous_17)","decl":{"start":{"line":197,"column":22},"end":{"line":197,"column":23}},"loc":{"start":{"line":197,"column":36},"end":{"line":215,"column":1}},"line":197},"18":{"name":"(anonymous_18)","decl":{"start":{"line":200,"column":21},"end":{"line":200,"column":22}},"loc":{"start":{"line":200,"column":33},"end":{"line":214,"column":5}},"line":200}},"branchMap":{"0":{"loc":{"start":{"line":8,"column":8},"end":{"line":65,"column":9}},"type":"if","locations":[{"start":{"line":8,"column":8},"end":{"line":65,"column":9}},{"start":{"line":62,"column":15},"end":{"line":65,"column":9}}],"line":8},"1":{"loc":{"start":{"line":10,"column":16},"end":{"line":60,"column":17}},"type":"if","locations":[{"start":{"line":10,"column":16},"end":{"line":60,"column":17}},{"start":{"line":13,"column":23},"end":{"line":60,"column":17}}],"line":10},"2":{"loc":{"start":{"line":11,"column":20},"end":{"line":11,"column":71}},"type":"if","locations":[{"start":{"line":11,"column":20},"end":{"line":11,"column":71}},{"start":{},"end":{}}],"line":11},"3":{"loc":{"start":{"line":15,"column":20},"end":{"line":21,"column":21}},"type":"if","locations":[{"start":{"line":15,"column":20},"end":{"line":21,"column":21}},{"start":{},"end":{}}],"line":15},"4":{"loc":{"start":{"line":16,"column":24},"end":{"line":20,"column":25}},"type":"if","locations":[{"start":{"line":16,"column":24},"end":{"line":20,"column":25}},{"start":{},"end":{}}],"line":16},"5":{"loc":{"start":{"line":17,"column":28},"end":{"line":19,"column":29}},"type":"if","locations":[{"start":{"line":17,"column":28},"end":{"line":19,"column":29}},{"start":{},"end":{}}],"line":17},"6":{"loc":{"start":{"line":44,"column":20},"end":{"line":54,"column":21}},"type":"if","locations":[{"start":{"line":44,"column":20},"end":{"line":54,"column":21}},{"start":{"line":52,"column":27},"end":{"line":54,"column":21}}],"line":44},"7":{"loc":{"start":{"line":46,"column":24},"end":{"line":48,"column":25}},"type":"if","locations":[{"start":{"line":46,"column":24},"end":{"line":48,"column":25}},{"start":{},"end":{}}],"line":46},"8":{"loc":{"start":{"line":49,"column":24},"end":{"line":51,"column":25}},"type":"if","locations":[{"start":{"line":49,"column":24},"end":{"line":51,"column":25}},{"start":{},"end":{}}],"line":49},"9":{"loc":{"start":{"line":57,"column":24},"end":{"line":57,"column":75}},"type":"if","locations":[{"start":{"line":57,"column":24},"end":{"line":57,"column":75}},{"start":{},"end":{}}],"line":57},"10":{"loc":{"start":{"line":63,"column":12},"end":{"line":63,"column":65}},"type":"if","locations":[{"start":{"line":63,"column":12},"end":{"line":63,"column":65}},{"start":{},"end":{}}],"line":63},"11":{"loc":{"start":{"line":71,"column":8},"end":{"line":79,"column":9}},"type":"if","locations":[{"start":{"line":71,"column":8},"end":{"line":79,"column":9}},{"start":{"line":76,"column":15},"end":{"line":79,"column":9}}],"line":71},"12":{"loc":{"start":{"line":72,"column":12},"end":{"line":74,"column":13}},"type":"if","locations":[{"start":{"line":72,"column":12},"end":{"line":74,"column":13}},{"start":{},"end":{}}],"line":72},"13":{"loc":{"start":{"line":77,"column":12},"end":{"line":77,"column":62}},"type":"if","locations":[{"start":{"line":77,"column":12},"end":{"line":77,"column":62}},{"start":{},"end":{}}],"line":77},"14":{"loc":{"start":{"line":85,"column":8},"end":{"line":90,"column":9}},"type":"if","locations":[{"start":{"line":85,"column":8},"end":{"line":90,"column":9}},{"start":{"line":87,"column":15},"end":{"line":90,"column":9}}],"line":85},"15":{"loc":{"start":{"line":88,"column":12},"end":{"line":88,"column":62}},"type":"if","locations":[{"start":{"line":88,"column":12},"end":{"line":88,"column":62}},{"start":{},"end":{}}],"line":88},"16":{"loc":{"start":{"line":96,"column":8},"end":{"line":104,"column":9}},"type":"if","locations":[{"start":{"line":96,"column":8},"end":{"line":104,"column":9}},{"start":{"line":101,"column":15},"end":{"line":104,"column":9}}],"line":96},"17":{"loc":{"start":{"line":97,"column":12},"end":{"line":99,"column":13}},"type":"if","locations":[{"start":{"line":97,"column":12},"end":{"line":99,"column":13}},{"start":{},"end":{}}],"line":97},"18":{"loc":{"start":{"line":102,"column":12},"end":{"line":102,"column":62}},"type":"if","locations":[{"start":{"line":102,"column":12},"end":{"line":102,"column":62}},{"start":{},"end":{}}],"line":102},"19":{"loc":{"start":{"line":110,"column":4},"end":{"line":112,"column":5}},"type":"if","locations":[{"start":{"line":110,"column":4},"end":{"line":112,"column":5}},{"start":{},"end":{}}],"line":110},"20":{"loc":{"start":{"line":119,"column":8},"end":{"line":133,"column":9}},"type":"if","locations":[{"start":{"line":119,"column":8},"end":{"line":133,"column":9}},{"start":{"line":130,"column":15},"end":{"line":133,"column":9}}],"line":119},"21":{"loc":{"start":{"line":120,"column":12},"end":{"line":129,"column":13}},"type":"if","locations":[{"start":{"line":120,"column":12},"end":{"line":129,"column":13}},{"start":{"line":122,"column":19},"end":{"line":129,"column":13}}],"line":120},"22":{"loc":{"start":{"line":124,"column":16},"end":{"line":128,"column":17}},"type":"if","locations":[{"start":{"line":124,"column":16},"end":{"line":128,"column":17}},{"start":{"line":126,"column":23},"end":{"line":128,"column":17}}],"line":124},"23":{"loc":{"start":{"line":131,"column":12},"end":{"line":131,"column":62}},"type":"if","locations":[{"start":{"line":131,"column":12},"end":{"line":131,"column":62}},{"start":{},"end":{}}],"line":131},"24":{"loc":{"start":{"line":139,"column":8},"end":{"line":175,"column":9}},"type":"if","locations":[{"start":{"line":139,"column":8},"end":{"line":175,"column":9}},{"start":{"line":142,"column":15},"end":{"line":175,"column":9}}],"line":139},"25":{"loc":{"start":{"line":140,"column":12},"end":{"line":140,"column":62}},"type":"if","locations":[{"start":{"line":140,"column":12},"end":{"line":140,"column":62}},{"start":{},"end":{}}],"line":140},"26":{"loc":{"start":{"line":144,"column":12},"end":{"line":150,"column":13}},"type":"if","locations":[{"start":{"line":144,"column":12},"end":{"line":150,"column":13}},{"start":{},"end":{}}],"line":144},"27":{"loc":{"start":{"line":145,"column":16},"end":{"line":149,"column":17}},"type":"if","locations":[{"start":{"line":145,"column":16},"end":{"line":149,"column":17}},{"start":{},"end":{}}],"line":145},"28":{"loc":{"start":{"line":146,"column":20},"end":{"line":148,"column":21}},"type":"if","locations":[{"start":{"line":146,"column":20},"end":{"line":148,"column":21}},{"start":{},"end":{}}],"line":146},"29":{"loc":{"start":{"line":153,"column":12},"end":{"line":155,"column":13}},"type":"if","locations":[{"start":{"line":153,"column":12},"end":{"line":155,"column":13}},{"start":{},"end":{}}],"line":153},"30":{"loc":{"start":{"line":153,"column":15},"end":{"line":153,"column":67}},"type":"binary-expr","locations":[{"start":{"line":153,"column":15},"end":{"line":153,"column":27}},{"start":{"line":153,"column":31},"end":{"line":153,"column":45}},{"start":{"line":153,"column":49},"end":{"line":153,"column":67}}],"line":153},"31":{"loc":{"start":{"line":172,"column":20},"end":{"line":172,"column":70}},"type":"if","locations":[{"start":{"line":172,"column":20},"end":{"line":172,"column":70}},{"start":{},"end":{}}],"line":172},"32":{"loc":{"start":{"line":182,"column":4},"end":{"line":192,"column":5}},"type":"if","locations":[{"start":{"line":182,"column":4},"end":{"line":192,"column":5}},{"start":{"line":184,"column":11},"end":{"line":192,"column":5}}],"line":182},"33":{"loc":{"start":{"line":184,"column":11},"end":{"line":192,"column":5}},"type":"if","locations":[{"start":{"line":184,"column":11},"end":{"line":192,"column":5}},{"start":{"line":186,"column":11},"end":{"line":192,"column":5}}],"line":184},"34":{"loc":{"start":{"line":186,"column":11},"end":{"line":192,"column":5}},"type":"if","locations":[{"start":{"line":186,"column":11},"end":{"line":192,"column":5}},{"start":{"line":188,"column":11},"end":{"line":192,"column":5}}],"line":186},"35":{"loc":{"start":{"line":188,"column":11},"end":{"line":192,"column":5}},"type":"if","locations":[{"start":{"line":188,"column":11},"end":{"line":192,"column":5}},{"start":{"line":190,"column":11},"end":{"line":192,"column":5}}],"line":188},"36":{"loc":{"start":{"line":201,"column":8},"end":{"line":213,"column":9}},"type":"if","locations":[{"start":{"line":201,"column":8},"end":{"line":213,"column":9}},{"start":{"line":210,"column":15},"end":{"line":213,"column":9}}],"line":201},"37":{"loc":{"start":{"line":202,"column":12},"end":{"line":204,"column":13}},"type":"if","locations":[{"start":{"line":202,"column":12},"end":{"line":204,"column":13}},{"start":{},"end":{}}],"line":202},"38":{"loc":{"start":{"line":206,"column":12},"end":{"line":208,"column":13}},"type":"if","locations":[{"start":{"line":206,"column":12},"end":{"line":208,"column":13}},{"start":{},"end":{}}],"line":206},"39":{"loc":{"start":{"line":211,"column":12},"end":{"line":211,"column":62}},"type":"if","locations":[{"start":{"line":211,"column":12},"end":{"line":211,"column":62}},{"start":{},"end":{}}],"line":211}},"s":{"0":7,"1":7,"2":7,"3":7,"4":7,"5":9,"6":9,"7":8,"8":8,"9":1,"10":0,"11":1,"12":7,"13":3,"14":2,"15":1,"16":6,"17":6,"18":6,"19":6,"20":6,"21":2,"22":2,"23":1,"24":2,"25":1,"26":4,"27":6,"28":6,"29":0,"30":6,"31":1,"32":0,"33":1,"34":7,"35":1,"36":1,"37":1,"38":0,"39":1,"40":0,"41":0,"42":0,"43":7,"44":2,"45":2,"46":1,"47":1,"48":0,"49":1,"50":7,"51":3,"52":3,"53":3,"54":2,"55":1,"56":0,"57":0,"58":0,"59":7,"60":7,"61":7,"62":3,"63":4,"64":4,"65":7,"66":5,"67":5,"68":5,"69":0,"70":5,"71":5,"72":1,"73":4,"74":0,"75":0,"76":0,"77":7,"78":3,"79":3,"80":1,"81":0,"82":1,"83":2,"84":2,"85":2,"86":1,"87":1,"88":1,"89":1,"90":1,"91":0,"92":1,"93":7,"94":5,"95":5,"96":5,"97":1,"98":4,"99":1,"100":3,"101":1,"102":2,"103":1,"104":1,"105":7,"106":2,"107":2,"108":2,"109":2,"110":0,"111":2,"112":2,"113":1,"114":1,"115":0,"116":0,"117":0,"118":7},"f":{"0":9,"1":9,"2":8,"3":6,"4":1,"5":1,"6":2,"7":2,"8":3,"9":3,"10":7,"11":5,"12":5,"13":3,"14":3,"15":1,"16":5,"17":2,"18":2},"b":{"0":[8,1],"1":[1,7],"2":[0,1],"3":[3,4],"4":[2,1],"5":[1,1],"6":[2,4],"7":[1,1],"8":[1,1],"9":[0,6],"10":[0,1],"11":[1,0],"12":[0,1],"13":[0,0],"14":[1,1],"15":[0,1],"16":[3,0],"17":[2,1],"18":[0,0],"19":[3,4],"20":[5,0],"21":[0,5],"22":[1,4],"23":[0,0],"24":[1,2],"25":[0,1],"26":[2,0],"27":[2,0],"28":[1,1],"29":[1,0],"30":[1,1,1],"31":[0,1],"32":[1,4],"33":[1,3],"34":[1,2],"35":[1,1],"36":[2,0],"37":[0,2],"38":[1,1],"39":[0,0]},"_coverageSchema":"1a1c01bbd47fc00a2c39e90264f33305004495a9","hash":"053c01877ca1df366ae6901f8e8e977b49431355"}
,"/home/gabriele/Scrivania/IS22-TEAM-25/ProgettoT25/src/controllers/authentication.js": {"path":"/home/gabriele/Scrivania/IS22-TEAM-25/ProgettoT25/src/controllers/authentication.js","statementMap":{"0":{"start":{"line":1,"column":13},"end":{"line":1,"column":40}},"1":{"start":{"line":2,"column":12},"end":{"line":2,"column":35}},"2":{"start":{"line":3,"column":27},"end":{"line":3,"column":65}},"3":{"start":{"line":5,"column":14},"end":{"line":20,"column":1}},"4":{"start":{"line":6,"column":15},"end":{"line":6,"column":73}},"5":{"start":{"line":8,"column":4},"end":{"line":10,"column":5}},"6":{"start":{"line":9,"column":8},"end":{"line":9,"column":98}},"7":{"start":{"line":12,"column":4},"end":{"line":14,"column":5}},"8":{"start":{"line":13,"column":8},"end":{"line":13,"column":98}},"9":{"start":{"line":16,"column":18},"end":{"line":16,"column":57}},"10":{"start":{"line":17,"column":18},"end":{"line":17,"column":36}},"11":{"start":{"line":18,"column":14},"end":{"line":18,"column":66}},"12":{"start":{"line":19,"column":4},"end":{"line":19,"column":134}},"13":{"start":{"line":22,"column":15},"end":{"line":33,"column":1}},"14":{"start":{"line":23,"column":14},"end":{"line":23,"column":43}},"15":{"start":{"line":24,"column":4},"end":{"line":32,"column":5}},"16":{"start":{"line":25,"column":22},"end":{"line":25,"column":24}},"17":{"start":{"line":26,"column":22},"end":{"line":26,"column":36}},"18":{"start":{"line":27,"column":18},"end":{"line":27,"column":70}},"19":{"start":{"line":29,"column":8},"end":{"line":29,"column":81}},"20":{"start":{"line":31,"column":8},"end":{"line":31,"column":89}},"21":{"start":{"line":35,"column":27},"end":{"line":57,"column":1}},"22":{"start":{"line":36,"column":22},"end":{"line":36,"column":39}},"23":{"start":{"line":38,"column":18},"end":{"line":38,"column":40}},"24":{"start":{"line":39,"column":4},"end":{"line":39,"column":21}},"25":{"start":{"line":41,"column":4},"end":{"line":55,"column":6}},"26":{"start":{"line":42,"column":8},"end":{"line":54,"column":9}},"27":{"start":{"line":43,"column":12},"end":{"line":50,"column":14}},"28":{"start":{"line":47,"column":16},"end":{"line":47,"column":66}},"29":{"start":{"line":47,"column":24},"end":{"line":47,"column":66}},"30":{"start":{"line":48,"column":16},"end":{"line":49,"column":15}},"31":{"start":{"line":52,"column":12},"end":{"line":52,"column":62}},"32":{"start":{"line":52,"column":20},"end":{"line":52,"column":62}},"33":{"start":{"line":53,"column":12},"end":{"line":53,"column":91}},"34":{"start":{"line":60,"column":0},"end":{"line":64,"column":1}}},"fnMap":{"0":{"name":"(anonymous_0)","decl":{"start":{"line":5,"column":14},"end":{"line":5,"column":15}},"loc":{"start":{"line":5,"column":38},"end":{"line":20,"column":1}},"line":5},"1":{"name":"(anonymous_1)","decl":{"start":{"line":22,"column":15},"end":{"line":22,"column":16}},"loc":{"start":{"line":22,"column":34},"end":{"line":33,"column":1}},"line":22},"2":{"name":"(anonymous_2)","decl":{"start":{"line":35,"column":27},"end":{"line":35,"column":28}},"loc":{"start":{"line":35,"column":46},"end":{"line":57,"column":1}},"line":35},"3":{"name":"(anonymous_3)","decl":{"start":{"line":41,"column":42},"end":{"line":41,"column":43}},"loc":{"start":{"line":41,"column":57},"end":{"line":55,"column":5}},"line":41},"4":{"name":"(anonymous_4)","decl":{"start":{"line":46,"column":20},"end":{"line":46,"column":21}},"loc":{"start":{"line":46,"column":35},"end":{"line":50,"column":13}},"line":46}},"branchMap":{"0":{"loc":{"start":{"line":8,"column":4},"end":{"line":10,"column":5}},"type":"if","locations":[{"start":{"line":8,"column":4},"end":{"line":10,"column":5}},{"start":{},"end":{}}],"line":8},"1":{"loc":{"start":{"line":12,"column":4},"end":{"line":14,"column":5}},"type":"if","locations":[{"start":{"line":12,"column":4},"end":{"line":14,"column":5}},{"start":{},"end":{}}],"line":12},"2":{"loc":{"start":{"line":24,"column":4},"end":{"line":32,"column":5}},"type":"if","locations":[{"start":{"line":24,"column":4},"end":{"line":32,"column":5}},{"start":{"line":30,"column":11},"end":{"line":32,"column":5}}],"line":24},"3":{"loc":{"start":{"line":42,"column":8},"end":{"line":54,"column":9}},"type":"if","locations":[{"start":{"line":42,"column":8},"end":{"line":54,"column":9}},{"start":{"line":51,"column":15},"end":{"line":54,"column":9}}],"line":42},"4":{"loc":{"start":{"line":47,"column":16},"end":{"line":47,"column":66}},"type":"if","locations":[{"start":{"line":47,"column":16},"end":{"line":47,"column":66}},{"start":{},"end":{}}],"line":47},"5":{"loc":{"start":{"line":52,"column":12},"end":{"line":52,"column":62}},"type":"if","locations":[{"start":{"line":52,"column":12},"end":{"line":52,"column":62}},{"start":{},"end":{}}],"line":52}},"s":{"0":7,"1":7,"2":7,"3":7,"4":3,"5":3,"6":1,"7":2,"8":1,"9":1,"10":1,"11":1,"12":1,"13":7,"14":2,"15":2,"16":1,"17":1,"18":1,"19":1,"20":1,"21":7,"22":2,"23":2,"24":2,"25":2,"26":2,"27":1,"28":1,"29":0,"30":1,"31":1,"32":0,"33":1,"34":7},"f":{"0":3,"1":2,"2":2,"3":2,"4":1},"b":{"0":[1,2],"1":[1,1],"2":[1,1],"3":[1,1],"4":[0,1],"5":[0,1]},"_coverageSchema":"1a1c01bbd47fc00a2c39e90264f33305004495a9","hash":"965b600b36271b7557744c1d0fd52f79dae22bd4"}
,"/home/gabriele/Scrivania/IS22-TEAM-25/ProgettoT25/src/controllers/mailSender.js": {"path":"/home/gabriele/Scrivania/IS22-TEAM-25/ProgettoT25/src/controllers/mailSender.js","statementMap":{"0":{"start":{"line":1,"column":19},"end":{"line":1,"column":40}},"1":{"start":{"line":2,"column":13},"end":{"line":2,"column":40}},"2":{"start":{"line":3,"column":0},"end":{"line":3,"column":26}},"3":{"start":{"line":9,"column":18},"end":{"line":34,"column":1}},"4":{"start":{"line":10,"column":26},"end":{"line":16,"column":6}},"5":{"start":{"line":18,"column":22},"end":{"line":23,"column":5}},"6":{"start":{"line":25,"column":4},"end":{"line":33,"column":7}},"7":{"start":{"line":26,"column":8},"end":{"line":32,"column":9}},"8":{"start":{"line":27,"column":12},"end":{"line":27,"column":51}},"9":{"start":{"line":28,"column":12},"end":{"line":28,"column":69}},"10":{"start":{"line":30,"column":12},"end":{"line":30,"column":36}},"11":{"start":{"line":31,"column":12},"end":{"line":31,"column":42}},"12":{"start":{"line":36,"column":0},"end":{"line":36,"column":29}}},"fnMap":{"0":{"name":"(anonymous_0)","decl":{"start":{"line":9,"column":18},"end":{"line":9,"column":19}},"loc":{"start":{"line":9,"column":36},"end":{"line":34,"column":1}},"line":9},"1":{"name":"(anonymous_1)","decl":{"start":{"line":25,"column":42},"end":{"line":25,"column":43}},"loc":{"start":{"line":25,"column":62},"end":{"line":33,"column":5}},"line":25}},"branchMap":{"0":{"loc":{"start":{"line":26,"column":8},"end":{"line":32,"column":9}},"type":"if","locations":[{"start":{"line":26,"column":8},"end":{"line":32,"column":9}},{"start":{"line":29,"column":15},"end":{"line":32,"column":9}}],"line":26}},"s":{"0":7,"1":7,"2":7,"3":7,"4":2,"5":2,"6":2,"7":2,"8":1,"9":1,"10":1,"11":1,"12":7},"f":{"0":2,"1":2},"b":{"0":[1,1]},"_coverageSchema":"1a1c01bbd47fc00a2c39e90264f33305004495a9","hash":"aaa548443d722c806b9c6784f97bf7df7e2e0abf"}
,"/home/gabriele/Scrivania/IS22-TEAM-25/ProgettoT25/src/controllers/profilo.js": {"path":"/home/gabriele/Scrivania/IS22-TEAM-25/ProgettoT25/src/controllers/profilo.js","statementMap":{"0":{"start":{"line":1,"column":13},"end":{"line":1,"column":40}},"1":{"start":{"line":2,"column":16},"end":{"line":2,"column":44}},"2":{"start":{"line":3,"column":17},"end":{"line":3,"column":46}},"3":{"start":{"line":4,"column":20},"end":{"line":4,"column":52}},"4":{"start":{"line":5,"column":19},"end":{"line":5,"column":50}},"5":{"start":{"line":7,"column":21},"end":{"line":39,"column":1}},"6":{"start":{"line":8,"column":4},"end":{"line":38,"column":6}},"7":{"start":{"line":9,"column":8},"end":{"line":37,"column":9}},"8":{"start":{"line":10,"column":12},"end":{"line":33,"column":14}},"9":{"start":{"line":11,"column":16},"end":{"line":32,"column":17}},"10":{"start":{"line":13,"column":20},"end":{"line":15,"column":21}},"11":{"start":{"line":14,"column":24},"end":{"line":14,"column":108}},"12":{"start":{"line":17,"column":33},"end":{"line":24,"column":22}},"13":{"start":{"line":25,"column":20},"end":{"line":28,"column":23}},"14":{"start":{"line":26,"column":24},"end":{"line":26,"column":74}},"15":{"start":{"line":26,"column":32},"end":{"line":26,"column":74}},"16":{"start":{"line":27,"column":24},"end":{"line":27,"column":58}},"17":{"start":{"line":30,"column":20},"end":{"line":30,"column":70}},"18":{"start":{"line":30,"column":28},"end":{"line":30,"column":70}},"19":{"start":{"line":31,"column":20},"end":{"line":31,"column":99}},"20":{"start":{"line":35,"column":12},"end":{"line":35,"column":62}},"21":{"start":{"line":35,"column":20},"end":{"line":35,"column":62}},"22":{"start":{"line":36,"column":12},"end":{"line":36,"column":111}},"23":{"start":{"line":41,"column":24},"end":{"line":54,"column":1}},"24":{"start":{"line":42,"column":4},"end":{"line":53,"column":7}},"25":{"start":{"line":44,"column":8},"end":{"line":52,"column":9}},"26":{"start":{"line":45,"column":12},"end":{"line":47,"column":13}},"27":{"start":{"line":46,"column":16},"end":{"line":46,"column":97}},"28":{"start":{"line":48,"column":12},"end":{"line":48,"column":46}},"29":{"start":{"line":50,"column":12},"end":{"line":50,"column":63}},"30":{"start":{"line":50,"column":21},"end":{"line":50,"column":63}},"31":{"start":{"line":51,"column":12},"end":{"line":51,"column":94}},"32":{"start":{"line":56,"column":17},"end":{"line":66,"column":1}},"33":{"start":{"line":57,"column":4},"end":{"line":65,"column":6}},"34":{"start":{"line":58,"column":8},"end":{"line":64,"column":9}},"35":{"start":{"line":59,"column":12},"end":{"line":59,"column":109}},"36":{"start":{"line":60,"column":15},"end":{"line":64,"column":9}},"37":{"start":{"line":61,"column":12},"end":{"line":61,"column":46}},"38":{"start":{"line":63,"column":12},"end":{"line":63,"column":54}},"39":{"start":{"line":68,"column":23},"end":{"line":80,"column":1}},"40":{"start":{"line":70,"column":15},"end":{"line":70,"column":59}},"41":{"start":{"line":72,"column":4},"end":{"line":78,"column":5}},"42":{"start":{"line":73,"column":8},"end":{"line":73,"column":87}},"43":{"start":{"line":75,"column":8},"end":{"line":75,"column":66}},"44":{"start":{"line":76,"column":8},"end":{"line":76,"column":54}},"45":{"start":{"line":77,"column":8},"end":{"line":77,"column":38}},"46":{"start":{"line":82,"column":28},"end":{"line":99,"column":1}},"47":{"start":{"line":83,"column":4},"end":{"line":98,"column":6}},"48":{"start":{"line":84,"column":8},"end":{"line":97,"column":9}},"49":{"start":{"line":85,"column":12},"end":{"line":94,"column":13}},"50":{"start":{"line":86,"column":16},"end":{"line":86,"column":100}},"51":{"start":{"line":88,"column":16},"end":{"line":93,"column":18}},"52":{"start":{"line":91,"column":20},"end":{"line":91,"column":70}},"53":{"start":{"line":91,"column":28},"end":{"line":91,"column":70}},"54":{"start":{"line":92,"column":20},"end":{"line":92,"column":50}},"55":{"start":{"line":96,"column":12},"end":{"line":96,"column":117}},"56":{"start":{"line":101,"column":25},"end":{"line":130,"column":1}},"57":{"start":{"line":102,"column":21},"end":{"line":102,"column":38}},"58":{"start":{"line":103,"column":4},"end":{"line":129,"column":6}},"59":{"start":{"line":104,"column":8},"end":{"line":128,"column":9}},"60":{"start":{"line":105,"column":12},"end":{"line":124,"column":14}},"61":{"start":{"line":106,"column":16},"end":{"line":123,"column":17}},"62":{"start":{"line":107,"column":20},"end":{"line":119,"column":21}},"63":{"start":{"line":108,"column":24},"end":{"line":108,"column":118}},"64":{"start":{"line":110,"column":35},"end":{"line":110,"column":49}},"65":{"start":{"line":111,"column":24},"end":{"line":111,"column":42}},"66":{"start":{"line":112,"column":24},"end":{"line":118,"column":26}},"67":{"start":{"line":115,"column":32},"end":{"line":115,"column":82}},"68":{"start":{"line":115,"column":40},"end":{"line":115,"column":82}},"69":{"start":{"line":116,"column":32},"end":{"line":116,"column":62}},"70":{"start":{"line":121,"column":20},"end":{"line":121,"column":70}},"71":{"start":{"line":121,"column":28},"end":{"line":121,"column":70}},"72":{"start":{"line":122,"column":20},"end":{"line":122,"column":115}},"73":{"start":{"line":126,"column":12},"end":{"line":126,"column":61}},"74":{"start":{"line":126,"column":20},"end":{"line":126,"column":61}},"75":{"start":{"line":127,"column":12},"end":{"line":127,"column":108}},"76":{"start":{"line":132,"column":24},"end":{"line":164,"column":1}},"77":{"start":{"line":133,"column":21},"end":{"line":133,"column":38}},"78":{"start":{"line":134,"column":4},"end":{"line":163,"column":6}},"79":{"start":{"line":135,"column":8},"end":{"line":162,"column":9}},"80":{"start":{"line":136,"column":12},"end":{"line":158,"column":14}},"81":{"start":{"line":137,"column":16},"end":{"line":157,"column":17}},"82":{"start":{"line":138,"column":20},"end":{"line":153,"column":21}},"83":{"start":{"line":139,"column":24},"end":{"line":139,"column":117}},"84":{"start":{"line":141,"column":35},"end":{"line":141,"column":49}},"85":{"start":{"line":142,"column":38},"end":{"line":142,"column":58}},"86":{"start":{"line":143,"column":24},"end":{"line":143,"column":42}},"87":{"start":{"line":144,"column":24},"end":{"line":144,"column":41}},"88":{"start":{"line":145,"column":24},"end":{"line":145,"column":35}},"89":{"start":{"line":146,"column":24},"end":{"line":152,"column":26}},"90":{"start":{"line":149,"column":32},"end":{"line":149,"column":82}},"91":{"start":{"line":149,"column":40},"end":{"line":149,"column":82}},"92":{"start":{"line":150,"column":32},"end":{"line":150,"column":62}},"93":{"start":{"line":155,"column":20},"end":{"line":155,"column":70}},"94":{"start":{"line":155,"column":28},"end":{"line":155,"column":70}},"95":{"start":{"line":156,"column":20},"end":{"line":156,"column":115}},"96":{"start":{"line":160,"column":12},"end":{"line":160,"column":61}},"97":{"start":{"line":160,"column":20},"end":{"line":160,"column":61}},"98":{"start":{"line":161,"column":12},"end":{"line":161,"column":108}},"99":{"start":{"line":166,"column":25},"end":{"line":181,"column":1}},"100":{"start":{"line":167,"column":4},"end":{"line":180,"column":7}},"101":{"start":{"line":168,"column":8},"end":{"line":179,"column":9}},"102":{"start":{"line":169,"column":12},"end":{"line":171,"column":13}},"103":{"start":{"line":170,"column":16},"end":{"line":170,"column":97}},"104":{"start":{"line":172,"column":31},"end":{"line":174,"column":14}},"105":{"start":{"line":173,"column":16},"end":{"line":173,"column":43}},"106":{"start":{"line":175,"column":12},"end":{"line":175,"column":54}},"107":{"start":{"line":177,"column":12},"end":{"line":177,"column":63}},"108":{"start":{"line":177,"column":21},"end":{"line":177,"column":63}},"109":{"start":{"line":178,"column":12},"end":{"line":178,"column":94}},"110":{"start":{"line":183,"column":23},"end":{"line":214,"column":1}},"111":{"start":{"line":184,"column":4},"end":{"line":213,"column":6}},"112":{"start":{"line":185,"column":8},"end":{"line":212,"column":9}},"113":{"start":{"line":186,"column":27},"end":{"line":186,"column":28}},"114":{"start":{"line":186,"column":44},"end":{"line":186,"column":45}},"115":{"start":{"line":187,"column":12},"end":{"line":208,"column":14}},"116":{"start":{"line":188,"column":16},"end":{"line":188,"column":67}},"117":{"start":{"line":188,"column":25},"end":{"line":188,"column":67}},"118":{"start":{"line":189,"column":16},"end":{"line":189,"column":42}},"119":{"start":{"line":190,"column":30},"end":{"line":190,"column":31}},"120":{"start":{"line":191,"column":16},"end":{"line":197,"column":17}},"121":{"start":{"line":192,"column":28},"end":{"line":192,"column":29}},"122":{"start":{"line":193,"column":20},"end":{"line":195,"column":21}},"123":{"start":{"line":193,"column":31},"end":{"line":193,"column":32}},"124":{"start":{"line":194,"column":24},"end":{"line":194,"column":44}},"125":{"start":{"line":196,"column":20},"end":{"line":196,"column":46}},"126":{"start":{"line":198,"column":16},"end":{"line":207,"column":18}},"127":{"start":{"line":199,"column":20},"end":{"line":199,"column":43}},"128":{"start":{"line":200,"column":20},"end":{"line":205,"column":26}},"129":{"start":{"line":203,"column":28},"end":{"line":203,"column":78}},"130":{"start":{"line":203,"column":36},"end":{"line":203,"column":78}},"131":{"start":{"line":204,"column":28},"end":{"line":204,"column":58}},"132":{"start":{"line":206,"column":20},"end":{"line":206,"column":71}},"133":{"start":{"line":206,"column":29},"end":{"line":206,"column":71}},"134":{"start":{"line":210,"column":12},"end":{"line":210,"column":63}},"135":{"start":{"line":210,"column":21},"end":{"line":210,"column":63}},"136":{"start":{"line":211,"column":12},"end":{"line":211,"column":106}},"137":{"start":{"line":216,"column":30},"end":{"line":247,"column":1}},"138":{"start":{"line":217,"column":4},"end":{"line":246,"column":6}},"139":{"start":{"line":218,"column":8},"end":{"line":245,"column":9}},"140":{"start":{"line":220,"column":12},"end":{"line":241,"column":14}},"141":{"start":{"line":221,"column":16},"end":{"line":221,"column":67}},"142":{"start":{"line":221,"column":25},"end":{"line":221,"column":67}},"143":{"start":{"line":222,"column":24},"end":{"line":222,"column":35}},"144":{"start":{"line":223,"column":29},"end":{"line":223,"column":30}},"145":{"start":{"line":224,"column":29},"end":{"line":224,"column":30}},"146":{"start":{"line":225,"column":16},"end":{"line":233,"column":17}},"147":{"start":{"line":225,"column":28},"end":{"line":225,"column":29}},"148":{"start":{"line":226,"column":20},"end":{"line":232,"column":21}},"149":{"start":{"line":227,"column":24},"end":{"line":231,"column":25}},"150":{"start":{"line":228,"column":28},"end":{"line":228,"column":37}},"151":{"start":{"line":230,"column":28},"end":{"line":230,"column":37}},"152":{"start":{"line":235,"column":16},"end":{"line":240,"column":18}},"153":{"start":{"line":238,"column":24},"end":{"line":238,"column":74}},"154":{"start":{"line":238,"column":32},"end":{"line":238,"column":74}},"155":{"start":{"line":239,"column":24},"end":{"line":239,"column":54}},"156":{"start":{"line":243,"column":12},"end":{"line":243,"column":63}},"157":{"start":{"line":243,"column":21},"end":{"line":243,"column":63}},"158":{"start":{"line":244,"column":12},"end":{"line":244,"column":106}},"159":{"start":{"line":249,"column":35},"end":{"line":288,"column":1}},"160":{"start":{"line":250,"column":4},"end":{"line":287,"column":6}},"161":{"start":{"line":251,"column":8},"end":{"line":286,"column":9}},"162":{"start":{"line":252,"column":12},"end":{"line":281,"column":14}},"163":{"start":{"line":253,"column":16},"end":{"line":280,"column":17}},"164":{"start":{"line":255,"column":54},"end":{"line":255,"column":65}},"165":{"start":{"line":256,"column":38},"end":{"line":256,"column":39}},"166":{"start":{"line":256,"column":56},"end":{"line":256,"column":57}},"167":{"start":{"line":256,"column":79},"end":{"line":256,"column":80}},"168":{"start":{"line":258,"column":20},"end":{"line":265,"column":21}},"169":{"start":{"line":258,"column":32},"end":{"line":258,"column":33}},"170":{"start":{"line":259,"column":24},"end":{"line":264,"column":25}},"171":{"start":{"line":260,"column":28},"end":{"line":260,"column":55}},"172":{"start":{"line":262,"column":28},"end":{"line":262,"column":48}},"173":{"start":{"line":263,"column":28},"end":{"line":263,"column":56}},"174":{"start":{"line":267,"column":20},"end":{"line":275,"column":26}},"175":{"start":{"line":273,"column":28},"end":{"line":273,"column":78}},"176":{"start":{"line":273,"column":36},"end":{"line":273,"column":78}},"177":{"start":{"line":274,"column":28},"end":{"line":274,"column":58}},"178":{"start":{"line":278,"column":20},"end":{"line":278,"column":71}},"179":{"start":{"line":278,"column":29},"end":{"line":278,"column":71}},"180":{"start":{"line":279,"column":20},"end":{"line":279,"column":129}},"181":{"start":{"line":284,"column":12},"end":{"line":284,"column":63}},"182":{"start":{"line":284,"column":21},"end":{"line":284,"column":63}},"183":{"start":{"line":285,"column":12},"end":{"line":285,"column":106}},"184":{"start":{"line":290,"column":36},"end":{"line":311,"column":1}},"185":{"start":{"line":291,"column":4},"end":{"line":310,"column":6}},"186":{"start":{"line":292,"column":8},"end":{"line":309,"column":9}},"187":{"start":{"line":293,"column":24},"end":{"line":293,"column":25}},"188":{"start":{"line":294,"column":12},"end":{"line":305,"column":14}},"189":{"start":{"line":295,"column":16},"end":{"line":295,"column":66}},"190":{"start":{"line":295,"column":24},"end":{"line":295,"column":66}},"191":{"start":{"line":296,"column":16},"end":{"line":304,"column":17}},"192":{"start":{"line":297,"column":20},"end":{"line":299,"column":21}},"193":{"start":{"line":297,"column":32},"end":{"line":297,"column":33}},"194":{"start":{"line":298,"column":24},"end":{"line":298,"column":45}},"195":{"start":{"line":300,"column":20},"end":{"line":303,"column":22}},"196":{"start":{"line":301,"column":24},"end":{"line":301,"column":74}},"197":{"start":{"line":301,"column":32},"end":{"line":301,"column":74}},"198":{"start":{"line":302,"column":24},"end":{"line":302,"column":54}},"199":{"start":{"line":307,"column":12},"end":{"line":307,"column":63}},"200":{"start":{"line":307,"column":21},"end":{"line":307,"column":63}},"201":{"start":{"line":308,"column":12},"end":{"line":308,"column":106}},"202":{"start":{"line":313,"column":0},"end":{"line":326,"column":1}}},"fnMap":{"0":{"name":"(anonymous_0)","decl":{"start":{"line":7,"column":21},"end":{"line":7,"column":22}},"loc":{"start":{"line":7,"column":35},"end":{"line":39,"column":1}},"line":7},"1":{"name":"(anonymous_1)","decl":{"start":{"line":8,"column":40},"end":{"line":8,"column":41}},"loc":{"start":{"line":8,"column":55},"end":{"line":38,"column":5}},"line":8},"2":{"name":"(anonymous_2)","decl":{"start":{"line":10,"column":57},"end":{"line":10,"column":58}},"loc":{"start":{"line":10,"column":72},"end":{"line":33,"column":13}},"line":10},"3":{"name":"(anonymous_3)","decl":{"start":{"line":25,"column":30},"end":{"line":25,"column":31}},"loc":{"start":{"line":25,"column":45},"end":{"line":28,"column":21}},"line":25},"4":{"name":"(anonymous_4)","decl":{"start":{"line":41,"column":24},"end":{"line":41,"column":25}},"loc":{"start":{"line":41,"column":38},"end":{"line":54,"column":1}},"line":41},"5":{"name":"(anonymous_5)","decl":{"start":{"line":42,"column":21},"end":{"line":42,"column":22}},"loc":{"start":{"line":42,"column":36},"end":{"line":53,"column":5}},"line":42},"6":{"name":"(anonymous_6)","decl":{"start":{"line":56,"column":17},"end":{"line":56,"column":18}},"loc":{"start":{"line":56,"column":31},"end":{"line":66,"column":1}},"line":56},"7":{"name":"(anonymous_7)","decl":{"start":{"line":57,"column":36},"end":{"line":57,"column":37}},"loc":{"start":{"line":57,"column":51},"end":{"line":65,"column":5}},"line":57},"8":{"name":"(anonymous_8)","decl":{"start":{"line":68,"column":23},"end":{"line":68,"column":24}},"loc":{"start":{"line":68,"column":43},"end":{"line":80,"column":1}},"line":68},"9":{"name":"(anonymous_9)","decl":{"start":{"line":82,"column":28},"end":{"line":82,"column":29}},"loc":{"start":{"line":82,"column":42},"end":{"line":99,"column":1}},"line":82},"10":{"name":"(anonymous_10)","decl":{"start":{"line":83,"column":34},"end":{"line":83,"column":35}},"loc":{"start":{"line":83,"column":49},"end":{"line":98,"column":5}},"line":83},"11":{"name":"(anonymous_11)","decl":{"start":{"line":90,"column":19},"end":{"line":90,"column":20}},"loc":{"start":{"line":90,"column":34},"end":{"line":93,"column":17}},"line":90},"12":{"name":"(anonymous_12)","decl":{"start":{"line":101,"column":25},"end":{"line":101,"column":26}},"loc":{"start":{"line":101,"column":39},"end":{"line":130,"column":1}},"line":101},"13":{"name":"(anonymous_13)","decl":{"start":{"line":103,"column":32},"end":{"line":103,"column":33}},"loc":{"start":{"line":103,"column":47},"end":{"line":129,"column":5}},"line":103},"14":{"name":"(anonymous_14)","decl":{"start":{"line":105,"column":42},"end":{"line":105,"column":43}},"loc":{"start":{"line":105,"column":57},"end":{"line":124,"column":13}},"line":105},"15":{"name":"(anonymous_15)","decl":{"start":{"line":114,"column":31},"end":{"line":114,"column":32}},"loc":{"start":{"line":114,"column":45},"end":{"line":117,"column":29}},"line":114},"16":{"name":"(anonymous_16)","decl":{"start":{"line":132,"column":24},"end":{"line":132,"column":25}},"loc":{"start":{"line":132,"column":38},"end":{"line":164,"column":1}},"line":132},"17":{"name":"(anonymous_17)","decl":{"start":{"line":134,"column":32},"end":{"line":134,"column":33}},"loc":{"start":{"line":134,"column":47},"end":{"line":163,"column":5}},"line":134},"18":{"name":"(anonymous_18)","decl":{"start":{"line":136,"column":42},"end":{"line":136,"column":43}},"loc":{"start":{"line":136,"column":57},"end":{"line":158,"column":13}},"line":136},"19":{"name":"(anonymous_19)","decl":{"start":{"line":148,"column":31},"end":{"line":148,"column":32}},"loc":{"start":{"line":148,"column":45},"end":{"line":151,"column":29}},"line":148},"20":{"name":"(anonymous_20)","decl":{"start":{"line":166,"column":25},"end":{"line":166,"column":26}},"loc":{"start":{"line":166,"column":39},"end":{"line":181,"column":1}},"line":166},"21":{"name":"(anonymous_21)","decl":{"start":{"line":167,"column":21},"end":{"line":167,"column":22}},"loc":{"start":{"line":167,"column":36},"end":{"line":180,"column":5}},"line":167},"22":{"name":"(anonymous_22)","decl":{"start":{"line":172,"column":41},"end":{"line":172,"column":42}},"loc":{"start":{"line":172,"column":55},"end":{"line":174,"column":13}},"line":172},"23":{"name":"(anonymous_23)","decl":{"start":{"line":183,"column":23},"end":{"line":183,"column":24}},"loc":{"start":{"line":183,"column":37},"end":{"line":214,"column":1}},"line":183},"24":{"name":"(anonymous_24)","decl":{"start":{"line":184,"column":34},"end":{"line":184,"column":35}},"loc":{"start":{"line":184,"column":49},"end":{"line":213,"column":5}},"line":184},"25":{"name":"(anonymous_25)","decl":{"start":{"line":187,"column":61},"end":{"line":187,"column":62}},"loc":{"start":{"line":187,"column":76},"end":{"line":208,"column":13}},"line":187},"26":{"name":"(anonymous_26)","decl":{"start":{"line":198,"column":65},"end":{"line":198,"column":66}},"loc":{"start":{"line":198,"column":80},"end":{"line":207,"column":17}},"line":198},"27":{"name":"(anonymous_27)","decl":{"start":{"line":202,"column":24},"end":{"line":202,"column":25}},"loc":{"start":{"line":202,"column":39},"end":{"line":205,"column":25}},"line":202},"28":{"name":"(anonymous_28)","decl":{"start":{"line":216,"column":30},"end":{"line":216,"column":31}},"loc":{"start":{"line":216,"column":44},"end":{"line":247,"column":1}},"line":216},"29":{"name":"(anonymous_29)","decl":{"start":{"line":217,"column":34},"end":{"line":217,"column":35}},"loc":{"start":{"line":217,"column":49},"end":{"line":246,"column":5}},"line":217},"30":{"name":"(anonymous_30)","decl":{"start":{"line":220,"column":56},"end":{"line":220,"column":57}},"loc":{"start":{"line":220,"column":71},"end":{"line":241,"column":13}},"line":220},"31":{"name":"(anonymous_31)","decl":{"start":{"line":237,"column":20},"end":{"line":237,"column":21}},"loc":{"start":{"line":237,"column":35},"end":{"line":240,"column":17}},"line":237},"32":{"name":"(anonymous_32)","decl":{"start":{"line":249,"column":35},"end":{"line":249,"column":36}},"loc":{"start":{"line":249,"column":49},"end":{"line":288,"column":1}},"line":249},"3
[...]
:{"start":{"line":72,"column":20},"end":{"line":72,"column":21}},"loc":{"start":{"line":72,"column":33},"end":{"line":81,"column":1}},"line":72},"8":{"name":"(anonymous_8)","decl":{"start":{"line":73,"column":51},"end":{"line":73,"column":52}},"loc":{"start":{"line":73,"column":65},"end":{"line":80,"column":5}},"line":73},"9":{"name":"(anonymous_9)","decl":{"start":{"line":83,"column":21},"end":{"line":83,"column":22}},"loc":{"start":{"line":83,"column":35},"end":{"line":104,"column":1}},"line":83},"10":{"name":"(anonymous_10)","decl":{"start":{"line":85,"column":49},"end":{"line":85,"column":50}},"loc":{"start":{"line":85,"column":64},"end":{"line":103,"column":5}},"line":85},"11":{"name":"(anonymous_11)","decl":{"start":{"line":98,"column":20},"end":{"line":98,"column":21}},"loc":{"start":{"line":98,"column":35},"end":{"line":101,"column":13}},"line":98},"12":{"name":"(anonymous_12)","decl":{"start":{"line":106,"column":22},"end":{"line":106,"column":23}},"loc":{"start":{"line":106,"column":36},"end":{"line":132,"column":1}},"line":106},"13":{"name":"(anonymous_13)","decl":{"start":{"line":108,"column":49},"end":{"line":108,"column":50}},"loc":{"start":{"line":108,"column":64},"end":{"line":130,"column":5}},"line":108},"14":{"name":"(anonymous_14)","decl":{"start":{"line":115,"column":51},"end":{"line":115,"column":52}},"loc":{"start":{"line":115,"column":66},"end":{"line":128,"column":13}},"line":115},"15":{"name":"(anonymous_15)","decl":{"start":{"line":123,"column":28},"end":{"line":123,"column":29}},"loc":{"start":{"line":123,"column":43},"end":{"line":126,"column":21}},"line":123},"16":{"name":"(anonymous_16)","decl":{"start":{"line":134,"column":25},"end":{"line":134,"column":26}},"loc":{"start":{"line":134,"column":39},"end":{"line":151,"column":1}},"line":134},"17":{"name":"(anonymous_17)","decl":{"start":{"line":135,"column":49},"end":{"line":135,"column":50}},"loc":{"start":{"line":135,"column":64},"end":{"line":150,"column":5}},"line":135},"18":{"name":"(anonymous_18)","decl":{"start":{"line":144,"column":20},"end":{"line":144,"column":21}},"loc":{"start":{"line":144,"column":35},"end":{"line":147,"column":13}},"line":144}},"branchMap":{"0":{"loc":{"start":{"line":9,"column":8},"end":{"line":40,"column":9}},"type":"if","locations":[{"start":{"line":9,"column":8},"end":{"line":40,"column":9}},{"start":{"line":37,"column":15},"end":{"line":40,"column":9}}],"line":9},"1":{"loc":{"start":{"line":11,"column":16},"end":{"line":35,"column":17}},"type":"if","locations":[{"start":{"line":11,"column":16},"end":{"line":35,"column":17}},{"start":{"line":32,"column":23},"end":{"line":35,"column":17}}],"line":11},"2":{"loc":{"start":{"line":28,"column":24},"end":{"line":28,"column":75}},"type":"if","locations":[{"start":{"line":28,"column":24},"end":{"line":28,"column":75}},{"start":{},"end":{}}],"line":28},"3":{"loc":{"start":{"line":33,"column":20},"end":{"line":33,"column":59}},"type":"if","locations":[{"start":{"line":33,"column":20},"end":{"line":33,"column":59}},{"start":{},"end":{}}],"line":33},"4":{"loc":{"start":{"line":38,"column":12},"end":{"line":38,"column":64}},"type":"if","locations":[{"start":{"line":38,"column":12},"end":{"line":38,"column":64}},{"start":{},"end":{}}],"line":38},"5":{"loc":{"start":{"line":49,"column":4},"end":{"line":54,"column":5}},"type":"if","locations":[{"start":{"line":49,"column":4},"end":{"line":54,"column":5}},{"start":{"line":51,"column":11},"end":{"line":54,"column":5}}],"line":49},"6":{"loc":{"start":{"line":60,"column":8},"end":{"line":68,"column":9}},"type":"if","locations":[{"start":{"line":60,"column":8},"end":{"line":68,"column":9}},{"start":{"line":65,"column":15},"end":{"line":68,"column":9}}],"line":60},"7":{"loc":{"start":{"line":61,"column":12},"end":{"line":63,"column":13}},"type":"if","locations":[{"start":{"line":61,"column":12},"end":{"line":63,"column":13}},{"start":{},"end":{}}],"line":61},"8":{"loc":{"start":{"line":66,"column":12},"end":{"line":66,"column":63}},"type":"if","locations":[{"start":{"line":66,"column":12},"end":{"line":66,"column":63}},{"start":{},"end":{}}],"line":66},"9":{"loc":{"start":{"line":74,"column":8},"end":{"line":79,"column":9}},"type":"if","locations":[{"start":{"line":74,"column":8},"end":{"line":79,"column":9}},{"start":{"line":76,"column":15},"end":{"line":79,"column":9}}],"line":74},"10":{"loc":{"start":{"line":77,"column":12},"end":{"line":77,"column":62}},"type":"if","locations":[{"start":{"line":77,"column":12},"end":{"line":77,"column":62}},{"start":{},"end":{}}],"line":77},"11":{"loc":{"start":{"line":86,"column":8},"end":{"line":102,"column":9}},"type":"if","locations":[{"start":{"line":86,"column":8},"end":{"line":102,"column":9}},{"start":{"line":89,"column":15},"end":{"line":102,"column":9}}],"line":86},"12":{"loc":{"start":{"line":87,"column":12},"end":{"line":87,"column":63}},"type":"if","locations":[{"start":{"line":87,"column":12},"end":{"line":87,"column":63}},{"start":{},"end":{}}],"line":87},"13":{"loc":{"start":{"line":99,"column":16},"end":{"line":99,"column":66}},"type":"if","locations":[{"start":{"line":99,"column":16},"end":{"line":99,"column":66}},{"start":{},"end":{}}],"line":99},"14":{"loc":{"start":{"line":109,"column":8},"end":{"line":129,"column":9}},"type":"if","locations":[{"start":{"line":109,"column":8},"end":{"line":129,"column":9}},{"start":{"line":112,"column":15},"end":{"line":129,"column":9}}],"line":109},"15":{"loc":{"start":{"line":110,"column":12},"end":{"line":110,"column":63}},"type":"if","locations":[{"start":{"line":110,"column":12},"end":{"line":110,"column":63}},{"start":{},"end":{}}],"line":110},"16":{"loc":{"start":{"line":112,"column":15},"end":{"line":129,"column":9}},"type":"if","locations":[{"start":{"line":112,"column":15},"end":{"line":129,"column":9}},{"start":{"line":114,"column":15},"end":{"line":129,"column":9}}],"line":112},"17":{"loc":{"start":{"line":116,"column":16},"end":{"line":127,"column":17}},"type":"if","locations":[{"start":{"line":116,"column":16},"end":{"line":127,"column":17}},{"start":{"line":118,"column":23},"end":{"line":127,"column":17}}],"line":116},"18":{"loc":{"start":{"line":119,"column":20},"end":{"line":119,"column":70}},"type":"if","locations":[{"start":{"line":119,"column":20},"end":{"line":119,"column":70}},{"start":{},"end":{}}],"line":119},"19":{"loc":{"start":{"line":124,"column":24},"end":{"line":124,"column":74}},"type":"if","locations":[{"start":{"line":124,"column":24},"end":{"line":124,"column":74}},{"start":{},"end":{}}],"line":124},"20":{"loc":{"start":{"line":136,"column":8},"end":{"line":149,"column":9}},"type":"if","locations":[{"start":{"line":136,"column":8},"end":{"line":149,"column":9}},{"start":{"line":138,"column":15},"end":{"line":149,"column":9}}],"line":136},"21":{"loc":{"start":{"line":139,"column":12},"end":{"line":139,"column":62}},"type":"if","locations":[{"start":{"line":139,"column":12},"end":{"line":139,"column":62}},{"start":{},"end":{}}],"line":139},"22":{"loc":{"start":{"line":145,"column":16},"end":{"line":145,"column":66}},"type":"if","locations":[{"start":{"line":145,"column":16},"end":{"line":145,"column":66}},{"start":{},"end":{}}],"line":145}},"s":{"0":7,"1":7,"2":7,"3":7,"4":7,"5":6,"6":6,"7":5,"8":5,"9":5,"10":5,"11":0,"12":5,"13":1,"14":0,"15":1,"16":1,"17":0,"18":1,"19":7,"20":6,"21":6,"22":1,"23":5,"24":5,"25":7,"26":1,"27":1,"28":1,"29":0,"30":1,"31":0,"32":0,"33":0,"34":7,"35":2,"36":2,"37":1,"38":1,"39":0,"40":1,"41":7,"42":2,"43":2,"44":1,"45":0,"46":1,"47":1,"48":1,"49":0,"50":1,"51":7,"52":4,"53":4,"54":1,"55":0,"56":1,"57":3,"58":1,"59":2,"60":2,"61":1,"62":1,"63":0,"64":1,"65":1,"66":0,"67":1,"68":7,"69":3,"70":3,"71":1,"72":2,"73":0,"74":2,"75":2,"76":0,"77":2,"78":7},"f":{"0":7,"1":7,"2":6,"3":5,"4":6,"5":1,"6":1,"7":2,"8":2,"9":2,"10":2,"11":1,"12":4,"13":4,"14":2,"15":1,"16":3,"17":3,"18":2},"b":{"0":[6,1],"1":[5,1],"2":[0,5],"3":[0,1],"4":[0,1],"5":[1,5],"6":[1,0],"7":[0,1],"8":[0,0],"9":[1,1],"10":[0,1],"11":[1,1],"12":[0,1],"13":[0,1],"14":[1,3],"15":[0,1],"16":[1,2],"17":[1,1],"18":[0,1],"19":[0,1],"20":[1,2],"21":[0,2],"22":[0,2]},"_coverageSchema":"1a1c01bbd47fc00a2c39e90264f33305004495a9","hash":"f1bf2da75367e17e0b2f436823f6dd85271ad21f"}
,"/home/gabriele/Scrivania/IS22-TEAM-25/ProgettoT25/src/models/annuncio.js": {"path":"/home/gabriele/Scrivania/IS22-TEAM-25/ProgettoT25/src/models/annuncio.js","statementMap":{"0":{"start":{"line":1,"column":17},"end":{"line":1,"column":36}},"1":{"start":{"line":3,"column":15},"end":{"line":22,"column":2}},"2":{"start":{"line":24,"column":17},"end":{"line":24,"column":51}},"3":{"start":{"line":26,"column":0},"end":{"line":26,"column":26}}},"fnMap":{},"branchMap":{},"s":{"0":7,"1":7,"2":7,"3":7},"f":{},"b":{},"_coverageSchema":"1a1c01bbd47fc00a2c39e90264f33305004495a9","hash":"f22d6cba07ed107cd22e6b0e1998b6766700dede"}
,"/home/gabriele/Scrivania/IS22-TEAM-25/ProgettoT25/src/models/profilo.js": {"path":"/home/gabriele/Scrivania/IS22-TEAM-25/ProgettoT25/src/models/profilo.js","statementMap":{"0":{"start":{"line":1,"column":17},"end":{"line":1,"column":36}},"1":{"start":{"line":3,"column":15},"end":{"line":18,"column":2}},"2":{"start":{"line":20,"column":16},"end":{"line":20,"column":49}},"3":{"start":{"line":22,"column":0},"end":{"line":22,"column":25}}},"fnMap":{},"branchMap":{},"s":{"0":7,"1":7,"2":7,"3":7},"f":{},"b":{},"_coverageSchema":"1a1c01bbd47fc00a2c39e90264f33305004495a9","hash":"2a9ba35baf96bd09091e316c0fbfcfb2e4a41944"}
,"/home/gabriele/Scrivania/IS22-TEAM-25/ProgettoT25/src/models/recensione.js": {"path":"/home/gabriele/Scrivania/IS22-TEAM-25/ProgettoT25/src/models/recensione.js","statementMap":{"0":{"start":{"line":1,"column":17},"end":{"line":1,"column":36}},"1":{"start":{"line":3,"column":15},"end":{"line":12,"column":2}},"2":{"start":{"line":14,"column":19},"end":{"line":14,"column":55}},"3":{"start":{"line":16,"column":0},"end":{"line":16,"column":28}}},"fnMap":{},"branchMap":{},"s":{"0":7,"1":7,"2":7,"3":7},"f":{},"b":{},"_coverageSchema":"1a1c01bbd47fc00a2c39e90264f33305004495a9","hash":"588dad8ee723bae1820427f6008a2727c6efb752"}
,"/home/gabriele/Scrivania/IS22-TEAM-25/ProgettoT25/src/models/transazione.js": {"path":"/home/gabriele/Scrivania/IS22-TEAM-25/ProgettoT25/src/models/transazione.js","statementMap":{"0":{"start":{"line":1,"column":17},"end":{"line":1,"column":36}},"1":{"start":{"line":3,"column":15},"end":{"line":17,"column":2}},"2":{"start":{"line":19,"column":20},"end":{"line":19,"column":57}},"3":{"start":{"line":21,"column":0},"end":{"line":21,"column":29}}},"fnMap":{},"branchMap":{},"s":{"0":7,"1":7,"2":7,"3":7},"f":{},"b":{},"_coverageSchema":"1a1c01bbd47fc00a2c39e90264f33305004495a9","hash":"a06d5ea16457005aeb4101de5af8bf8d8edd18ca"}
,"/home/gabriele/Scrivania/IS22-TEAM-25/ProgettoT25/src/models/utente.js": {"path":"/home/gabriele/Scrivania/IS22-TEAM-25/ProgettoT25/src/models/utente.js","statementMap":{"0":{"start":{"line":1,"column":17},"end":{"line":1,"column":36}},"1":{"start":{"line":3,"column":15},"end":{"line":14,"column":2}},"2":{"start":{"line":16,"column":13},"end":{"line":16,"column":43}},"3":{"start":{"line":18,"column":0},"end":{"line":18,"column":22}}},"fnMap":{},"branchMap":{},"s":{"0":7,"1":7,"2":7,"3":7},"f":{},"b":{},"_coverageSchema":"1a1c01bbd47fc00a2c39e90264f33305004495a9","hash":"97c7c0274905d435780be108c869362de7558fc1"}
,"/home/gabriele/Scrivania/IS22-TEAM-25/ProgettoT25/src/routes/annuncio.js": {"path":"/home/gabriele/Scrivania/IS22-TEAM-25/ProgettoT25/src/routes/annuncio.js","statementMap":{"0":{"start":{"line":1,"column":16},"end":{"line":1,"column":34}},"1":{"start":{"line":3,"column":15},"end":{"line":3,"column":32}},"2":{"start":{"line":4,"column":15},"end":{"line":4,"column":23}},"3":{"start":{"line":6,"column":23},"end":{"line":6,"column":39}},"4":{"start":{"line":7,"column":27},"end":{"line":7,"column":61}},"5":{"start":{"line":9,"column":0},"end":{"line":9,"column":79}},"6":{"start":{"line":10,"column":0},"end":{"line":10,"column":65}},"7":{"start":{"line":11,"column":0},"end":{"line":11,"column":60}},"8":{"start":{"line":12,"column":0},"end":{"line":12,"column":83}},"9":{"start":{"line":13,"column":0},"end":{"line":13,"column":76}},"10":{"start":{"line":14,"column":0},"end":{"line":14,"column":73}},"11":{"start":{"line":15,"column":0},"end":{"line":15,"column":84}},"12":{"start":{"line":16,"column":0},"end":{"line":16,"column":68}},"13":{"start":{"line":17,"column":0},"end":{"line":17,"column":67}},"14":{"start":{"line":19,"column":0},"end":{"line":19,"column":32}}},"fnMap":{},"branchMap":{},"s":{"0":7,"1":7,"2":7,"3":7,"4":7,"5":7,"6":7,"7":7,"8":7,"9":7,"10":7,"11":7,"12":7,"13":7,"14":7},"f":{},"b":{},"_coverageSchema":"1a1c01bbd47fc00a2c39e90264f33305004495a9","hash":"e620803906905a21aa3d27313b2f9dd43c5b8170"}
,"/home/gabriele/Scrivania/IS22-TEAM-25/ProgettoT25/src/routes/authentication.js": {"path":"/home/gabriele/Scrivania/IS22-TEAM-25/ProgettoT25/src/routes/authentication.js","statementMap":{"0":{"start":{"line":1,"column":16},"end":{"line":1,"column":34}},"1":{"start":{"line":3,"column":15},"end":{"line":3,"column":32}},"2":{"start":{"line":4,"column":15},"end":{"line":4,"column":23}},"3":{"start":{"line":6,"column":19},"end":{"line":6,"column":35}},"4":{"start":{"line":7,"column":23},"end":{"line":7,"column":63}},"5":{"start":{"line":9,"column":0},"end":{"line":9,"column":64}},"6":{"start":{"line":10,"column":0},"end":{"line":10,"column":79}},"7":{"start":{"line":11,"column":0},"end":{"line":11,"column":48}},"8":{"start":{"line":12,"column":0},"end":{"line":12,"column":28}}},"fnMap":{},"branchMap":{},"s":{"0":7,"1":7,"2":7,"3":7,"4":7,"5":7,"6":7,"7":7,"8":7},"f":{},"b":{},"_coverageSchema":"1a1c01bbd47fc00a2c39e90264f33305004495a9","hash":"620bb21c2432154f615dadff3b6ba59f9669e4c7"}
,"/home/gabriele/Scrivania/IS22-TEAM-25/ProgettoT25/src/routes/mailSender.js": {"path":"/home/gabriele/Scrivania/IS22-TEAM-25/ProgettoT25/src/routes/mailSender.js","statementMap":{"0":{"start":{"line":1,"column":16},"end":{"line":1,"column":34}},"1":{"start":{"line":3,"column":15},"end":{"line":3,"column":32}},"2":{"start":{"line":4,"column":15},"end":{"line":4,"column":23}},"3":{"start":{"line":6,"column":19},"end":{"line":6,"column":35}},"4":{"start":{"line":7,"column":23},"end":{"line":7,"column":59}},"5":{"start":{"line":9,"column":0},"end":{"line":9,"column":71}},"6":{"start":{"line":10,"column":0},"end":{"line":10,"column":28}}},"fnMap":{},"branchMap":{},"s":{"0":7,"1":7,"2":7,"3":7,"4":7,"5":7,"6":7},"f":{},"b":{},"_coverageSchema":"1a1c01bbd47fc00a2c39e90264f33305004495a9","hash":"6f62a71cc41ca20f0670e75e98a5731674d1ff22"}
,"/home/gabriele/Scrivania/IS22-TEAM-25/ProgettoT25/src/routes/profilo.js": {"path":"/home/gabriele/Scrivania/IS22-TEAM-25/ProgettoT25/src/routes/profilo.js","statementMap":{"0":{"start":{"line":1,"column":16},"end":{"line":1,"column":34}},"1":{"start":{"line":3,"column":15},"end":{"line":3,"column":32}},"2":{"start":{"line":4,"column":15},"end":{"line":4,"column":23}},"3":{"start":{"line":6,"column":22},"end":{"line":6,"column":38}},"4":{"start":{"line":7,"column":26},"end":{"line":7,"column":59}},"5":{"start":{"line":9,"column":0},"end":{"line":9,"column":76}},"6":{"start":{"line":11,"column":0},"end":{"line":11,"column":64}},"7":{"start":{"line":12,"column":0},"end":{"line":12,"column":59}},"8":{"start":{"line":13,"column":0},"end":{"line":13,"column":67}},"9":{"start":{"line":15,"column":0},"end":{"line":15,"column":71}},"10":{"start":{"line":17,"column":0},"end":{"line":17,"column":81}},"11":{"start":{"line":18,"column":0},"end":{"line":18,"column":86}},"12":{"start":{"line":19,"column":0},"end":{"line":19,"column":81}},"13":{"start":{"line":20,"column":0},"end":{"line":20,"column":84}},"14":{"start":{"line":21,"column":0},"end":{"line":21,"column":89}},"15":{"start":{"line":22,"column":0},"end":{"line":22,"column":94}},"16":{"start":{"line":23,"column":0},"end":{"line":23,"column":93}},"17":{"start":{"line":24,"column":0},"end":{"line":24,"column":31}}},"fnMap":{},"branchMap":{},"s":{"0":7,"1":7,"2":7,"3":7,"4":7,"5":7,"6":7,"7":7,"8":7,"9":7,"10":7,"11":7,"12":7,"13":7,"14":7,"15":7,"16":7,"17":7},"f":{},"b":{},"_coverageSchema":"1a1c01bbd47fc00a2c39e90264f33305004495a9","hash":"c096e5d0ed2f0fc9740ec20f75ecb5f3e2d438eb"}
,"/home/gabriele/Scrivania/IS22-TEAM-25/ProgettoT25/src/routes/recensione.js": {"path":"/home/gabriele/Scrivania/IS22-TEAM-25/ProgettoT25/src/routes/recensione.js","statementMap":{"0":{"start":{"line":1,"column":16},"end":{"line":1,"column":34}},"1":{"start":{"line":3,"column":15},"end":{"line":3,"column":32}},"2":{"start":{"line":4,"column":15},"end":{"line":4,"column":23}},"3":{"start":{"line":6,"column":25},"end":{"line":6,"column":41}},"4":{"start":{"line":7,"column":29},"end":{"line":7,"column":65}},"5":{"start":{"line":9,"column":0},"end":{"line":9,"column":84}},"6":{"start":{"line":10,"column":0},"end":{"line":10,"column":71}},"7":{"start":{"line":11,"column":0},"end":{"line":11,"column":89}},"8":{"start":{"line":12,"column":0},"end":{"line":12,"column":89}},"9":{"start":{"line":13,"column":0},"end":{"line":13,"column":92}},"10":{"start":{"line":14,"column":0},"end":{"line":14,"column":80}},"11":{"start":{"line":16,"column":0},"end":{"line":16,"column":34}}},"fnMap":{},"branchMap":{},"s":{"0":7,"1":7,"2":7,"3":7,"4":7,"5":7,"6":7,"7":7,"8":7,"9":7,"10":7,"11":7},"f":{},"b":{},"_coverageSchema":"1a1c01bbd47fc00a2c39e90264f33305004495a9","hash":"34b88494ce18a1fc70081c54ca6049fe90ffe01a"}
,"/home/gabriele/Scrivania/IS22-TEAM-25/ProgettoT25/src/routes/transazione.js": {"path":"/home/gabriele/Scrivania/IS22-TEAM-25/ProgettoT25/src/routes/transazione.js","statementMap":{"0":{"start":{"line":1,"column":16},"end":{"line":1,"column":34}},"1":{"start":{"line":3,"column":15},"end":{"line":3,"column":32}},"2":{"start":{"line":4,"column":15},"end":{"line":4,"column":23}},"3":{"start":{"line":6,"column":26},"end":{"line":6,"column":42}},"4":{"start":{"line":7,"column":30},"end":{"line":7,"column":67}},"5":{"start":{"line":9,"column":0},"end":{"line":9,"column":87}},"6":{"start":{"line":10,"column":0},"end":{"line":10,"column":74}},"7":{"start":{"line":11,"column":0},"end":{"line":11,"column":91}},"8":{"start":{"line":12,"column":0},"end":{"line":12,"column":93}},"9":{"start":{"line":13,"column":0},"end":{"line":13,"column":89}},"10":{"start":{"line":14,"column":0},"end":{"line":14,"column":83}},"11":{"start":{"line":16,"column":0},"end":{"line":16,"column":35}}},"fnMap":{},"branchMap":{},"s":{"0":7,"1":7,"2":7,"3":7,"4":7,"5":7,"6":7,"7":7,"8":7,"9":7,"10":7,"11":7},"f":{},"b":{},"_coverageSchema":"1a1c01bbd47fc00a2c39e90264f33305004495a9","hash":"9e11ca60331027de61d8fdc6ab3f0f336abbc546"}
,"/home/gabriele/Scrivania/IS22-TEAM-25/ProgettoT25/src/routes/utente.js": {"path":"/home/gabriele/Scrivania/IS22-TEAM-25/ProgettoT25/src/routes/utente.js","statementMap":{"0":{"start":{"line":1,"column":16},"end":{"line":1,"column":34}},"1":{"start":{"line":3,"column":15},"end":{"line":3,"column":32}},"2":{"start":{"line":4,"column":15},"end":{"line":4,"column":23}},"3":{"start":{"line":6,"column":21},"end":{"line":6,"column":37}},"4":{"start":{"line":7,"column":25},"end":{"line":7,"column":57}},"5":{"start":{"line":9,"column":0},"end":{"line":9,"column":69}},"6":{"start":{"line":10,"column":0},"end":{"line":10,"column":75}},"7":{"start":{"line":11,"column":0},"end":{"line":11,"column":59}},"8":{"start":{"line":12,"column":0},"end":{"line":12,"column":66}},"9":{"start":{"line":13,"column":0},"end":{"line":13,"column":76}},"10":{"start":{"line":14,"column":0},"end":{"line":14,"column":78}},"11":{"start":{"line":15,"column":0},"end":{"line":15,"column":81}},"12":{"start":{"line":17,"column":0},"end":{"line":17,"column":30}}},"fnMap":{},"branchMap":{},"s":{"0":7,"1":7,"2":7,"3":7,"4":7,"5":7,"6":7,"7":7,"8":7,"9":7,"10":7,"11":7,"12":7},"f":{},"b":{},"_coverageSchema":"1a1c01bbd47fc00a2c39e90264f33305004495a9","hash":"f87e2b242b30edfec1356fa904f2768c51cf8fc5"}
}
