TN:
SF:src/server.js
FNF:0
FNH:0
DA:2,7
DA:4,7
DA:5,7
DA:7,7
DA:9,7
DA:10,7
DA:12,7
DA:13,7
DA:16,7
DA:17,7
DA:18,7
DA:21,7
DA:23,7
DA:24,7
DA:25,7
DA:26,7
DA:27,7
DA:28,7
DA:30,7
DA:31,7
DA:32,7
DA:34,7
DA:35,7
DA:36,7
DA:37,7
DA:39,7
DA:40,7
DA:41,7
DA:42,7
DA:43,7
DA:45,7
DA:46,7
DA:47,7
DA:48,7
DA:49,7
DA:51,7
DA:52,7
DA:53,7
DA:54,7
DA:55,7
DA:57,7
DA:59,7
DA:60,7
DA:62,7
LF:44
LH:44
BRF:0
BRH:0
end_of_record
TN:
SF:src/auxiliaries/checks.js
FN:2,(anonymous_0)
FN:18,(anonymous_1)
FN:26,(anonymous_2)
FNF:3
FNH:3
FNDA:11,(anonymous_0)
FNDA:14,(anonymous_1)
FNDA:8,(anonymous_2)
DA:2,7
DA:3,11
DA:4,11
DA:5,1
DA:8,10
DA:12,8
DA:14,2
DA:18,7
DA:19,14
DA:26,7
DA:27,8
DA:31,7
LF:12
LH:12
BRDA:4,0,0,1
BRDA:4,0,1,10
BRDA:8,1,0,8
BRDA:8,1,1,2
BRDA:8,2,0,10
BRDA:8,2,1,8
BRDA:8,2,2,7
BRDA:8,2,3,6
BRDA:8,2,4,5
BRDA:8,2,5,4
BRDA:8,2,6,3
BRF:11
BRH:11
end_of_record
TN:
SF:src/auxiliaries/createId.js
FN:1,createId
FNF:1
FNH:1
FNDA:11,createId
DA:2,11
DA:3,11
DA:6,7
LF:3
LH:3
BRF:0
BRH:0
end_of_record
TN:
SF:src/auxiliaries/dateFunction.js
FN:2,(anonymous_0)
FN:9,(anonymous_1)
FN:16,(anonymous_2)
FN:23,(anonymous_3)
FNF:4
FNH:4
FNDA:8,(anonymous_0)
FNDA:8,(anonymous_1)
FNDA:8,(anonymous_2)
FNDA:10,(anonymous_3)
DA:2,7
DA:3,8
DA:4,8
DA:5,8
DA:9,7
DA:10,8
DA:11,8
DA:12,8
DA:16,7
DA:17,8
DA:23,7
DA:24,10
DA:29,7
LF:13
LH:13
BRF:0
BRH:0
end_of_record
TN:
SF:src/auxiliaries/filtraggio.js
FN:4,(anonymous_0)
FN:18,(anonymous_1)
FN:30,(anonymous_2)
FN:44,(anonymous_3)
FN:56,(anonymous_4)
FN:68,(anonymous_5)
FN:76,(anonymous_6)
FN:84,(anonymous_7)
FN:92,(anonymous_8)
FN:101,(anonymous_9)
FN:112,(anonymous_10)
FN:113,(anonymous_11)
FN:121,(anonymous_12)
FN:122,(anonymous_13)
FN:141,(anonymous_14)
FN:142,(anonymous_15)
FN:149,(anonymous_16)
FN:150,(anonymous_17)
FN:164,(anonymous_18)
FN:166,(anonymous_19)
FN:171,(anonymous_20)
FN:173,(anonymous_21)
FNF:22
FNH:22
FNDA:18,(anonymous_0)
FNDA:17,(anonymous_1)
FNDA:8,(anonymous_2)
FNDA:31,(anonymous_3)
FNDA:20,(anonymous_4)
FNDA:46,(anonymous_5)
FNDA:19,(anonymous_6)
FNDA:15,(anonymous_7)
FNDA:7,(anonymous_8)
FNDA:11,(anonymous_9)
FNDA:4,(anonymous_10)
FNDA:12,(anonymous_11)
FNDA:4,(anonymous_12)
FNDA:10,(anonymous_13)
FNDA:4,(anonymous_14)
FNDA:11,(anonymous_15)
FNDA:4,(anonymous_16)
FNDA:9,(anonymous_17)
FNDA:6,(anonymous_18)
FNDA:44,(anonymous_19)
FNDA:4,(anonymous_20)
FNDA:28,(anonymous_21)
DA:1,7
DA:2,7
DA:4,7
DA:5,18
DA:6,18
DA:7,18
DA:8,18
DA:9,18
DA:10,18
DA:11,18
DA:13,18
DA:14,18
DA:16,18
DA:17,4
DA:18,3
DA:19,17
DA:20,7
DA:22,10
DA:23,10
DA:28,18
DA:29,3
DA:30,2
DA:31,8
DA:32,7
DA:34,1
DA:35,1
DA:42,18
DA:43,5
DA:44,4
DA:45,31
DA:46,14
DA:48,17
DA:54,18
DA:55,4
DA:56,3
DA:57,20
DA:58,7
DA:60,13
DA:66,18
DA:67,7
DA:68,6
DA:69,46
DA:74,18
DA:75,4
DA:76,3
DA:77,19
DA:82,18
DA:83,4
DA:84,3
DA:85,15
DA:90,18
DA:91,2
DA:92,1
DA:93,7
DA:94,7
DA:99,18
DA:100,3
DA:101,2
DA:102,11
DA:103,11
DA:108,18
DA:112,7
DA:113,4
DA:114,12
DA:116,4
DA:121,7
DA:122,4
DA:123,10
DA:124,3
DA:125,7
DA:126,4
DA:127,3
DA:128,2
DA:130,1
DA:133,4
DA:141,7
DA:142,4
DA:143,11
DA:145,4
DA:149,7
DA:150,4
DA:151,9
DA:152,2
DA:153,7
DA:154,2
DA:155,5
DA:156,4
DA:158,1
DA:161,4
DA:164,7
DA:165,6
DA:166,6
DA:167,44
DA:171,7
DA:172,4
DA:173,4
DA:174,28
DA:178,7
LF:98
LH:98
BRDA:16,0,0,4
BRDA:16,0,1,14
BRDA:17,1,0,3
BRDA:17,1,1,1
BRDA:19,2,0,7
BRDA:19,2,1,10
BRDA:28,3,0,3
BRDA:28,3,1,15
BRDA:29,4,0,2
BRDA:29,4,1,1
BRDA:31,5,0,7
BRDA:31,5,1,1
BRDA:42,6,0,5
BRDA:42,6,1,13
BRDA:43,7,0,4
BRDA:43,7,1,1
BRDA:45,8,0,14
BRDA:45,8,1,17
BRDA:54,9,0,4
BRDA:54,9,1,14
BRDA:55,10,0,3
BRDA:55,10,1,1
BRDA:57,11,0,7
BRDA:57,11,1,13
BRDA:66,12,0,7
BRDA:66,12,1,11
BRDA:67,13,0,6
BRDA:67,13,1,1
BRDA:74,14,0,4
BRDA:74,14,1,14
BRDA:75,15,0,3
BRDA:75,15,1,1
BRDA:82,16,0,4
BRDA:82,16,1,14
BRDA:83,17,0,3
BRDA:83,17,1,1
BRDA:90,18,0,2
BRDA:90,18,1,16
BRDA:91,19,0,1
BRDA:91,19,1,1
BRDA:99,20,0,3
BRDA:99,20,1,15
BRDA:100,21,0,2
BRDA:100,21,1,1
BRDA:123,22,0,3
BRDA:123,22,1,7
BRDA:123,23,0,10
BRDA:123,23,1,7
BRDA:125,24,0,4
BRDA:125,24,1,3
BRDA:125,25,0,7
BRDA:125,25,1,4
BRDA:127,26,0,2
BRDA:127,26,1,1
BRDA:127,27,0,3
BRDA:127,27,1,3
BRDA:151,28,0,2
BRDA:151,28,1,7
BRDA:151,29,0,9
BRDA:151,29,1,4
BRDA:153,30,0,2
BRDA:153,30,1,5
BRDA:153,31,0,7
BRDA:153,31,1,2
BRDA:155,32,0,4
BRDA:155,32,1,1
BRDA:155,33,0,5
BRDA:155,33,1,5
BRF:68
BRH:68
end_of_record
TN:
SF:src/auxiliaries/randomString.js
FN:1,createRandomString
FNF:1
FNH:1
FNDA:11,createRandomString
DA:2,11
DA:3,11
DA:4,11
DA:5,63
DA:6,63
DA:8,11
DA:11,7
LF:7
LH:7
BRF:0
BRH:0
end_of_record
TN:
SF:src/controllers/annuncio.js
FN:6,(anonymous_0)
FN:7,(anonymous_1)
FN:9,(anonymous_2)
FN:56,(anonymous_3)
FN:69,(anonymous_4)
FN:70,(anonymous_5)
FN:83,(anonymous_6)
FN:84,(anonymous_7)
FN:94,(anonymous_8)
FN:95,(anonymous_9)
FN:108,(anonymous_10)
FN:117,(anonymous_11)
FN:118,(anonymous_12)
FN:137,(anonymous_13)
FN:138,(anonymous_14)
FN:171,(anonymous_15)
FN:179,(anonymous_16)
FN:197,(anonymous_17)
FN:200,(anonymous_18)
FNF:19
FNH:19
FNDA:9,(anonymous_0)
FNDA:9,(anonymous_1)
FNDA:8,(anonymous_2)
FNDA:6,(anonymous_3)
FNDA:1,(anonymous_4)
FNDA:1,(anonymous_5)
FNDA:2,(anonymous_6)
FNDA:2,(anonymous_7)
FNDA:3,(anonymous_8)
FNDA:3,(anonymous_9)
FNDA:7,(anonymous_10)
FNDA:5,(anonymous_11)
FNDA:5,(anonymous_12)
FNDA:3,(anonymous_13)
FNDA:3,(anonymous_14)
FNDA:1,(anonymous_15)
FNDA:5,(anonymous_16)
FNDA:2,(anonymous_17)
FNDA:2,(anonymous_18)
DA:1,7
DA:2,7
DA:4,7
DA:5,7
DA:6,7
DA:7,9
DA:8,9
DA:9,8
DA:10,8
DA:11,1
DA:12,1
DA:15,7
DA:16,3
DA:17,2
DA:18,1
DA:25,6
DA:26,6
DA:28,6
DA:30,6
DA:44,6
DA:45,2
DA:46,2
DA:47,1
DA:49,2
DA:50,1
DA:53,4
DA:56,6
DA:57,6
DA:58,6
DA:63,1
DA:64,1
DA:69,7
DA:70,1
DA:71,1
DA:72,1
DA:73,0
DA:75,1
DA:77,0
DA:78,0
DA:83,7
DA:84,2
DA:85,2
DA:86,1
DA:88,1
DA:89,1
DA:94,7
DA:95,3
DA:96,3
DA:97,3
DA:98,2
DA:100,1
DA:102,0
DA:103,0
DA:108,7
DA:109,7
DA:110,7
DA:111,3
DA:113,4
DA:114,4
DA:117,7
DA:118,5
DA:119,5
DA:120,5
DA:121,0
DA:123,5
DA:124,5
DA:125,1
DA:127,4
DA:131,0
DA:132,0
DA:137,7
DA:138,3
DA:139,3
DA:140,1
DA:141,1
DA:144,2
DA:145,2
DA:146,2
DA:147,1
DA:153,1
DA:154,1
DA:157,1
DA:172,1
DA:173,1
DA:179,7
DA:180,5
DA:181,5
DA:182,5
DA:183,1
DA:184,4
DA:185,1
DA:186,3
DA:187,1
DA:188,2
DA:189,1
DA:191,1
DA:197,7
DA:198,2
DA:200,2
DA:201,2
DA:202,2
DA:203,0
DA:205,2
DA:206,2
DA:207,1
DA:209,1
DA:211,0
DA:212,0
DA:218,7
LF:109
LH:98
BRDA:8,0,0,8
BRDA:8,0,1,1
BRDA:10,1,0,1
BRDA:10,1,1,7
BRDA:11,2,0,0
BRDA:11,2,1,1
BRDA:15,3,0,3
BRDA:15,3,1,4
BRDA:16,4,0,2
BRDA:16,4,1,1
BRDA:17,5,0,1
BRDA:17,5,1,1
BRDA:44,6,0,2
BRDA:44,6,1,4
BRDA:46,7,0,1
BRDA:46,7,1,1
BRDA:49,8,0,1
BRDA:49,8,1,1
BRDA:57,9,0,0
BRDA:57,9,1,6
BRDA:63,10,0,0
BRDA:63,10,1,1
BRDA:71,11,0,1
BRDA:71,11,1,0
BRDA:72,12,0,0
BRDA:72,12,1,1
BRDA:77,13,0,0
BRDA:77,13,1,0
BRDA:85,14,0,1
BRDA:85,14,1,1
BRDA:88,15,0,0
BRDA:88,15,1,1
BRDA:96,16,0,3
BRDA:96,16,1,0
BRDA:97,17,0,2
BRDA:97,17,1,1
BRDA:102,18,0,0
BRDA:102,18,1,0
BRDA:110,19,0,3
BRDA:110,19,1,4
BRDA:119,20,0,5
BRDA:119,20,1,0
BRDA:120,21,0,0
BRDA:120,21,1,5
BRDA:124,22,0,1
BRDA:124,22,1,4
BRDA:131,23,0,0
BRDA:131,23,1,0
BRDA:139,24,0,1
BRDA:139,24,1,2
BRDA:140,25,0,0
BRDA:140,25,1,1
BRDA:144,26,0,2
BRDA:144,26,1,0
BRDA:145,27,0,2
BRDA:145,27,1,0
BRDA:146,28,0,1
BRDA:146,28,1,1
BRDA:153,29,0,1
BRDA:153,29,1,0
BRDA:153,30,0,1
BRDA:153,30,1,1
BRDA:153,30,2,1
BRDA:172,31,0,0
BRDA:172,31,1,1
BRDA:182,32,0,1
BRDA:182,32,1,4
BRDA:184,33,0,1
BRDA:184,33,1,3
BRDA:186,34,0,1
BRDA:186,34,1,2
BRDA:188,35,0,1
BRDA:188,35,1,1
BRDA:201,36,0,2
BRDA:201,36,1,0
BRDA:202,37,0,0
BRDA:202,37,1,2
BRDA:206,38,0,1
BRDA:206,38,1,1
BRDA:211,39,0,0
BRDA:211,39,1,0
BRF:81
BRH:57
end_of_record
TN:
SF:src/controllers/authentication.js
FN:5,(anonymous_0)
FN:22,(anonymous_1)
FN:35,(anonymous_2)
FN:41,(anonymous_3)
FN:46,(anonymous_4)
FNF:5
FNH:5
FNDA:3,(anonymous_0)
FNDA:2,(anonymous_1)
FNDA:2,(anonymous_2)
FNDA:2,(anonymous_3)
FNDA:1,(anonymous_4)
DA:1,7
DA:2,7
DA:3,7
DA:5,7
DA:6,3
DA:8,3
DA:9,1
DA:12,2
DA:13,1
DA:16,1
DA:17,1
DA:18,1
DA:19,1
DA:22,7
DA:23,2
DA:24,2
DA:25,1
DA:26,1
DA:27,1
DA:29,1
DA:31,1
DA:35,7
DA:36,2
DA:38,2
DA:39,2
DA:41,2
DA:42,2
DA:43,1
DA:47,1
DA:48,1
DA:52,1
DA:53,1
DA:60,7
LF:33
LH:33
BRDA:8,0,0,1
BRDA:8,0,1,2
BRDA:12,1,0,1
BRDA:12,1,1,1
BRDA:24,2,0,1
BRDA:24,2,1,1
BRDA:42,3,0,1
BRDA:42,3,1,1
BRDA:47,4,0,0
BRDA:47,4,1,1
BRDA:52,5,0,0
BRDA:52,5,1,1
BRF:12
BRH:10
end_of_record
TN:
SF:src/controllers/mailSender.js
FN:9,(anonymous_0)
FN:25,(anonymous_1)
FNF:2
FNH:2
FNDA:2,(anonymous_0)
FNDA:2,(anonymous_1)
DA:1,7
DA:2,7
DA:3,7
DA:9,7
DA:10,2
DA:18,2
DA:25,2
DA:26,2
DA:27,1
DA:28,1
DA:30,1
DA:31,1
DA:36,7
LF:13
LH:13
BRDA:26,0,0,1
BRDA:26,0,1,1
BRF:2
BRH:2
end_of_record
TN:
SF:src/controllers/profilo.js
FN:7,(anonymous_0)
FN:8,(anonymous_1)
FN:10,(anonymous_2)
FN:25,(anonymous_3)
FN:41,(anonymous_4)
FN:42,(anonymous_5)
FN:56,(anonymous_6)
FN:57,(anonymous_7)
FN:68,(anonymous_8)
FN:82,(anonymous_9)
FN:83,(anonymous_10)
FN:90,(anonymous_11)
FN:101,(anonymous_12)
FN:103,(anonymous_13)
FN:105,(anonymous_14)
FN:114,(anonymous_15)
FN:132,(anonymous_16)
FN:134,(anonymous_17)
FN:136,(anonymous_18)
FN:148,(anonymous_19)
FN:166,(anonymous_20)
FN:167,(anonymous_21)
FN:172,(anonymous_22)
FN:183,(anonymous_23)
FN:184,(anonymous_24)
FN:187,(anonymous_25)
FN:198,(anonymous_26)
FN:202,(anonymous_27)
FN:216,(anonymous_28)
FN:217,(anonymous_29)
FN:220,(anonymous_30)
FN:237,(anonymous_31)
FN:249,(anonymous_32)
FN:250,(anonymous_33)
FN:252,(anonymous_34)
FN:272,(anonymous_35)
FN:290,(anonymous_36)
FN:291,(anonymous_37)
FN:294,(anonymous_38)
FN:300,(anonymous_39)
FNF:40
FNH:40
FNDA:4,(anonymous_0)
FNDA:4,(anonymous_1)
FNDA:3,(anonymous_2)
FNDA:1,(anonymous_3)
FNDA:1,(anonymous_4)
FNDA:1,(anonymous_5)
FNDA:2,(anonymous_6)
FNDA:2,(anonymous_7)
FNDA:2,(anonymous_8)
FNDA:3,(anonymous_9)
FNDA:3,(anonymous_10)
FNDA:1,(anonymous_11)
FNDA:4,(anonymous_12)
FNDA:4,(anonymous_13)
FNDA:3,(anonymous_14)
FNDA:1,(anonymous_15)
FNDA:4,(anonymous_16)
FNDA:4,(anonymous_17)
FNDA:3,(anonymous_18)
FNDA:1,(anonymous_19)
FNDA:1,(anonymous_20)
FNDA:1,(anonymous_21)
FNDA:3,(anonymous_22)
FNDA:2,(anonymous_23)
FNDA:2,(anonymous_24)
FNDA:1,(anonymous_25)
FNDA:1,(anonymous_26)
FNDA:1,(anonymous_27)
FNDA:2,(anonymous_28)
FNDA:2,(anonymous_29)
FNDA:1,(anonymous_30)
FNDA:1,(anonymous_31)
FNDA:2,(anonymous_32)
FNDA:2,(anonymous_33)
FNDA:1,(anonymous_34)
FNDA:1,(anonymous_35)
FNDA:2,(anonymous_36)
FNDA:2,(anonymous_37)
FNDA:1,(anonymous_38)
FNDA:1,(anonymous_39)
DA:1,7
DA:2,7
DA:3,7
DA:4,7
DA:5,7
DA:7,7
DA:8,4
DA:9,4
DA:10,3
DA:11,3
DA:13,2
DA:14,1
DA:17,1
DA:25,1
DA:26,1
DA:27,1
DA:30,1
DA:31,1
DA:35,1
DA:36,1
DA:41,7
DA:42,1
DA:44,1
DA:45,1
DA:46,0
DA:48,1
DA:50,0
DA:51,0
DA:56,7
DA:57,2
DA:58,2
DA:59,1
DA:60,1
DA:61,1
DA:63,0
DA:68,7
DA:70,2
DA:72,2
DA:73,1
DA:75,1
DA:76,1
DA:77,1
DA:82,7
DA:83,3
DA:84,3
DA:85,2
DA:86,1
DA:88,1
DA:91,1
DA:92,1
DA:96,1
DA:101,7
DA:102,4
DA:103,4
DA:104,4
DA:105,3
DA:106,3
DA:107,2
DA:108,1
DA:110,1
DA:111,1
DA:112,1
DA:115,1
DA:116,1
DA:121,1
DA:122,1
DA:126,1
DA:127,1
DA:132,7
DA:133,4
DA:134,4
DA:135,4
DA:136,3
DA:137,3
DA:138,2
DA:139,1
DA:141,1
DA:142,1
DA:143,1
DA:144,1
DA:145,1
DA:146,1
DA:149,1
DA:150,1
DA:155,1
DA:156,1
DA:160,1
DA:161,1
DA:166,7
DA:167,1
DA:168,1
DA:169,1
DA:170,0
DA:172,1
DA:173,3
DA:175,1
DA:177,0
DA:178,0
DA:183,7
DA:184,2
DA:185,2
DA:186,1
DA:187,1
DA:188,1
DA:189,1
DA:190,1
DA:191,1
DA:192,1
DA:193,1
DA:194,1
DA:196,1
DA:198,1
DA:199,1
DA:200,1
DA:203,1
DA:204,1
DA:206,1
DA:210,1
DA:211,1
DA:216,7
DA:217,2
DA:218,2
DA:220,1
DA:221,1
DA:222,1
DA:223,1
DA:224,1
DA:225,1
DA:226,2
DA:227,2
DA:228,1
DA:230,1
DA:235,1
DA:238,1
DA:239,1
DA:243,1
DA:244,1
DA:249,7
DA:250,2
DA:251,2
DA:252,1
DA:253,1
DA:255,1
DA:256,1
DA:258,1
DA:259,2
DA:260,1
DA:262,1
DA:263,1
DA:267,1
DA:273,1
DA:274,1
DA:278,0
DA:279,0
DA:284,1
DA:285,1
DA:290,7
DA:291,2
DA:292,2
DA:293,1
DA:294,1
DA:295,1
DA:296,1
DA:297,1
DA:298,2
DA:300,1
DA:301,1
DA:302,1
DA:307,1
DA:308,1
DA:313,7
LF:171
LH:162
BRDA:9,0,0,3
BRDA:9,0,1,1
BRDA:11,1,0,2
BRDA:11,1,1,1
BRDA:13,2,0,1
BRDA:13,2,1,1
BRDA:26,3,0,0
BRDA:26,3,1,1
BRDA:30,4,0,0
BRDA:30,4,1,1
BRDA:35,5,0,0
BRDA:35,5,1,1
BRDA:44,6,0,1
BRDA:44,6,1,0
BRDA:45,7,0,0
BRDA:45,7,1,1
BRDA:50,8,0,0
BRDA:50,8,1,0
BRDA:58,9,0,1
BRDA:58,9,1,1
BRDA:60,10,0,1
BRDA:60,10,1,0
BRDA:72,11,0,1
BRDA:72,11,1,1
BRDA:84,12,0,2
BRDA:84,12,1,1
BRDA:85,13,0,1
BRDA:85,13,1,1
BRDA:91,14,0,0
BRDA:91,14,1,1
BRDA:104,15,0,3
BRDA:104,15,1,1
BRDA:106,16,0,2
BRDA:106,16,1,1
BRDA:107,17,0,1
BRDA:107,17,1,1
BRDA:115,18,0,0
BRDA:115,18,1,1
BRDA:121,19,0,0
BRDA:121,19,1,1
BRDA:126,20,0,0
BRDA:126,20,1,1
BRDA:135,21,0,3
BRDA:135,21,1,1
BRDA:137,22,0,2
BRDA:137,22,1,1
BRDA:138,23,0,1
BRDA:138,23,1,1
BRDA:149,24,0,0
BRDA:149,24,1,1
BRDA:155,25,0,0
BRDA:155,25,1,1
BRDA:160,26,0,0
BRDA:160,26,1,1
BRDA:168,27,0,1
BRDA:168,27,1,0
BRDA:169,28,0,0
BRDA:169,28,1,1
BRDA:177,29,0,0
BRDA:177,29,1,0
BRDA:185,30,0,1
BRDA:185,30,1,1
BRDA:188,31,0,0
BRDA:188,31,1,1
BRDA:191,32,0,1
BRDA:191,32,1,0
BRDA:203,33,0,0
BRDA:203,33,1,1
BRDA:206,34,0,0
BRDA:206,34,1,1
BRDA:210,35,0,0
BRDA:210,35,1,1
BRDA:218,36,0,1
BRDA:218,36,1,1
BRDA:221,37,0,0
BRDA:221,37,1,1
BRDA:226,38,0,2
BRDA:226,38,1,0
BRDA:227,39,0,1
BRDA:227,39,1,1
BRDA:238,40,0,0
BRDA:238,40,1,1
BRDA:243,41,0,0
BRDA:243,41,1,1
BRDA:251,42,0,1
BRDA:251,42,1,1
BRDA:253,43,0,1
BRDA:253,43,1,0
BRDA:259,44,0,1
BRDA:259,44,1,1
BRDA:273,45,0,0
BRDA:273,45,1,1
BRDA:278,46,0,0
BRDA:278,46,1,0
BRDA:284,47,0,0
BRDA:284,47,1,1
BRDA:292,48,0,1
BRDA:292,48,1,1
BRDA:295,49,0,0
BRDA:295,49,1,1
BRDA:296,50,0,1
BRDA:296,50,1,0
BRDA:301,51,0,0
BRDA:301,51,1,1
BRDA:307,52,0,0
BRDA:307,52,1,1
BRF:106
BRH:69
end_of_record
TN:
SF:src/controllers/recensione.js
FN:8,(anonymous_0)
FN:10,(anonymous_1)
FN:12,(anonymous_2)
FN:38,(anonymous_3)
FN:61,(anonymous_4)
FN:62,(anonymous_5)
FN:77,(anonymous_6)
FN:79,(anonymous_7)
FN:94,(anonymous_8)
FN:96,(anonymous_9)
FN:111,(anonymous_10)
FN:120,(anonymous_11)
FN:122,(anonymous_12)
FNF:13
FNH:13
FNDA:7,(anonymous_0)
FNDA:7,(anonymous_1)
FNDA:6,(anonymous_2)
FNDA:2,(anonymous_3)
FNDA:1,(anonymous_4)
FNDA:1,(anonymous_5)
FNDA:2,(anonymous_6)
FNDA:2,(anonymous_7)
FNDA:2,(anonymous_8)
FNDA:2,(anonymous_9)
FNDA:3,(anonymous_10)
FNDA:2,(anonymous_11)
FNDA:2,(anonymous_12)
DA:1,7
DA:2,7
DA:3,7
DA:4,7
DA:6,7
DA:8,7
DA:10,7
DA:11,7
DA:12,6
DA:13,6
DA:15,5
DA:18,4
DA:19,3
DA:20,3
DA:21,3
DA:24,4
DA:25,2
DA:28,2
DA:38,2
DA:39,2
DA:40,2
DA:44,1
DA:45,1
DA:49,1
DA:50,1
DA:54,1
DA:55,1
DA:61,7
DA:62,1
DA:63,1
DA:64,1
DA:65,0
DA:68,1
DA:71,0
DA:72,0
DA:77,7
DA:78,2
DA:79,2
DA:80,2
DA:81,2
DA:82,1
DA:85,1
DA:88,0
DA:89,0
DA:94,7
DA:95,2
DA:96,2
DA:97,2
DA:98,2
DA:99,1
DA:102,1
DA:105,0
DA:106,0
DA:111,7
DA:112,3
DA:113,3
DA:114,1
DA:116,2
DA:117,2
DA:120,7
DA:121,2
DA:122,2
DA:123,2
DA:124,2
DA:125,1
DA:128,1
DA:131,0
DA:132,0
DA:137,7
LF:69
LH:60
BRDA:11,0,0,6
BRDA:11,0,1,1
BRDA:13,1,0,5
BRDA:13,1,1,1
BRDA:15,2,0,4
BRDA:15,2,1,1
BRDA:15,3,0,5
BRDA:15,3,1,4
BRDA:18,4,0,3
BRDA:18,4,1,1
BRDA:18,5,0,4
BRDA:18,5,1,2
BRDA:24,6,0,2
BRDA:24,6,1,2
BRDA:24,7,0,4
BRDA:24,7,1,3
BRDA:24,7,2,2
BRDA:39,8,0,0
BRDA:39,8,1,2
BRDA:44,9,0,0
BRDA:44,9,1,1
BRDA:49,10,0,0
BRDA:49,10,1,1
BRDA:54,11,0,0
BRDA:54,11,1,1
BRDA:63,12,0,1
BRDA:63,12,1,0
BRDA:64,13,0,0
BRDA:64,13,1,1
BRDA:71,14,0,0
BRDA:71,14,1,0
BRDA:80,15,0,2
BRDA:80,15,1,0
BRDA:81,16,0,1
BRDA:81,16,1,1
BRDA:88,17,0,0
BRDA:88,17,1,0
BRDA:97,18,0,2
BRDA:97,18,1,0
BRDA:98,19,0,1
BRDA:98,19,1,1
BRDA:105,20,0,0
BRDA:105,20,1,0
BRDA:113,21,0,1
BRDA:113,21,1,2
BRDA:123,22,0,2
BRDA:123,22,1,0
BRDA:124,23,0,1
BRDA:124,23,1,1
BRDA:131,24,0,0
BRDA:131,24,1,0
BRF:51
BRH:34
end_of_record
TN:
SF:src/controllers/tokenChecker.js
FN:3,(anonymous_0)
FN:19,(anonymous_1)
FNF:2
FNH:2
FNDA:95,(anonymous_0)
FNDA:79,(anonymous_1)
DA:1,7
DA:3,7
DA:7,95
DA:11,95
DA:12,16
DA:19,79
DA:20,79
DA:21,16
DA:26,63
DA:30,63
DA:36,7
LF:11
LH:11
BRDA:11,0,0,16
BRDA:11,0,1,79
BRDA:20,1,0,16
BRDA:20,1,1,63
BRF:4
BRH:4
end_of_record
TN:
SF:src/controllers/transazione.js
FN:8,(anonymous_0)
FN:13,(anonymous_1)
FN:16,(anonymous_2)
FN:18,(anonymous_3)
FN:38,(anonymous_4)
FN:63,(anonymous_5)
FN:64,(anonymous_6)
FN:79,(anonymous_7)
FN:81,(anonymous_8)
FN:96,(anonymous_9)
FN:98,(anonymous_10)
FN:113,(anonymous_11)
FN:122,(anonymous_12)
FN:124,(anonymous_13)
FNF:14
FNH:14
FNDA:7,(anonymous_0)
FNDA:7,(anonymous_1)
FNDA:7,(anonymous_2)
FNDA:6,(anonymous_3)
FNDA:4,(anonymous_4)
FNDA:1,(anonymous_5)
FNDA:1,(anonymous_6)
FNDA:2,(anonymous_7)
FNDA:2,(anonymous_8)
FNDA:2,(anonymous_9)
FNDA:2,(anonymous_10)
FNDA:5,(anonymous_11)
FNDA:13,(anonymous_12)
FNDA:13,(anonymous_13)
DA:1,7
DA:2,7
DA:3,7
DA:5,7
DA:6,7
DA:8,7
DA:9,7
DA:10,7
DA:13,7
DA:14,7
DA:16,7
DA:17,7
DA:18,6
DA:19,6
DA:20,5
DA:26,5
DA:27,4
DA:38,4
DA:39,4
DA:40,4
DA:43,1
DA:46,1
DA:47,1
DA:51,1
DA:52,1
DA:57,0
DA:58,0
DA:63,7
DA:64,1
DA:65,1
DA:66,1
DA:67,0
DA:70,1
DA:73,0
DA:74,0
DA:79,7
DA:80,2
DA:81,2
DA:82,2
DA:83,2
DA:84,1
DA:87,1
DA:90,0
DA:91,0
DA:96,7
DA:97,2
DA:98,2
DA:99,2
DA:100,2
DA:101,1
DA:104,1
DA:107,0
DA:108,0
DA:113,7
DA:114,5
DA:115,5
DA:116,1
DA:118,4
DA:119,4
DA:122,7
DA:123,13
DA:124,13
DA:125,13
DA:126,13
DA:127,1
DA:130,12
DA:133,0
DA:134,0
DA:139,7
LF:69
LH:58
BRDA:14,0,0,7
BRDA:14,0,1,0
BRDA:17,1,0,6
BRDA:17,1,1,1
BRDA:19,2,0,5
BRDA:19,2,1,1
BRDA:26,3,0,4
BRDA:26,3,1,1
BRDA:39,4,0,0
BRDA:39,4,1,4
BRDA:46,5,0,0
BRDA:46,5,1,1
BRDA:51,6,0,0
BRDA:51,6,1,1
BRDA:57,7,0,0
BRDA:57,7,1,0
BRDA:65,8,0,1
BRDA:65,8,1,0
BRDA:66,9,0,0
BRDA:66,9,1,1
BRDA:73,10,0,0
BRDA:73,10,1,0
BRDA:82,11,0,2
BRDA:82,11,1,0
BRDA:83,12,0,1
BRDA:83,12,1,1
BRDA:90,13,0,0
BRDA:90,13,1,0
BRDA:99,14,0,2
BRDA:99,14,1,0
BRDA:100,15,0,1
BRDA:100,15,1,1
BRDA:107,16,0,0
BRDA:107,16,1,0
BRDA:115,17,0,1
BRDA:115,17,1,4
BRDA:125,18,0,13
BRDA:125,18,1,0
BRDA:126,19,0,1
BRDA:126,19,1,12
BRDA:133,20,0,0
BRDA:133,20,1,0
BRF:42
BRH:23
end_of_record
TN:
SF:src/controllers/utente.js
FN:7,(anonymous_0)
FN:8,(anonymous_1)
FN:10,(anonymous_2)
FN:27,(anonymous_3)
FN:45,(anonymous_4)
FN:58,(anonymous_5)
FN:59,(anonymous_6)
FN:72,(anonymous_7)
FN:73,(anonymous_8)
FN:83,(anonymous_9)
FN:85,(anonymous_10)
FN:98,(anonymous_11)
FN:106,(anonymous_12)
FN:108,(anonymous_13)
FN:115,(anonymous_14)
FN:123,(anonymous_15)
FN:134,(anonymous_16)
FN:135,(anonymous_17)
FN:144,(anonymous_18)
FNF:19
FNH:19
FNDA:7,(anonymous_0)
FNDA:7,(anonymous_1)
FNDA:6,(anonymous_2)
FNDA:5,(anonymous_3)
FNDA:6,(anonymous_4)
FNDA:1,(anonymous_5)
FNDA:1,(anonymous_6)
FNDA:2,(anonymous_7)
FNDA:2,(anonymous_8)
FNDA:2,(anonymous_9)
FNDA:2,(anonymous_10)
FNDA:1,(anonymous_11)
FNDA:4,(anonymous_12)
FNDA:4,(anonymous_13)
FNDA:2,(anonymous_14)
FNDA:1,(anonymous_15)
FNDA:3,(anonymous_16)
FNDA:3,(anonymous_17)
FNDA:2,(anonymous_18)
DA:1,7
DA:3,7
DA:7,7
DA:8,7
DA:9,7
DA:10,6
DA:11,6
DA:13,5
DA:15,5
DA:27,5
DA:28,5
DA:29,5
DA:33,1
DA:34,1
DA:38,1
DA:39,1
DA:45,7
DA:47,6
DA:49,6
DA:50,1
DA:52,5
DA:53,5
DA:58,7
DA:59,1
DA:60,1
DA:61,1
DA:62,0
DA:64,1
DA:66,0
DA:67,0
DA:72,7
DA:73,2
DA:74,2
DA:75,1
DA:77,1
DA:78,1
DA:83,7
DA:85,2
DA:86,2
DA:87,1
DA:88,1
DA:91,1
DA:99,1
DA:100,1
DA:106,7
DA:108,4
DA:109,4
DA:110,1
DA:111,1
DA:112,3
DA:113,1
DA:115,2
DA:116,2
DA:117,1
DA:119,1
DA:120,1
DA:124,1
DA:125,1
DA:134,7
DA:135,3
DA:136,3
DA:137,1
DA:139,2
DA:141,2
DA:145,2
DA:146,2
DA:154,7
LF:67
LH:64
BRDA:9,0,0,6
BRDA:9,0,1,1
BRDA:11,1,0,5
BRDA:11,1,1,1
BRDA:28,2,0,0
BRDA:28,2,1,5
BRDA:33,3,0,0
BRDA:33,3,1,1
BRDA:38,4,0,0
BRDA:38,4,1,1
BRDA:49,5,0,1
BRDA:49,5,1,5
BRDA:60,6,0,1
BRDA:60,6,1,0
BRDA:61,7,0,0
BRDA:61,7,1,1
BRDA:66,8,0,0
BRDA:66,8,1,0
BRDA:74,9,0,1
BRDA:74,9,1,1
BRDA:77,10,0,0
BRDA:77,10,1,1
BRDA:86,11,0,1
BRDA:86,11,1,1
BRDA:87,12,0,0
BRDA:87,12,1,1
BRDA:99,13,0,0
BRDA:99,13,1,1
BRDA:109,14,0,1
BRDA:109,14,1,3
BRDA:110,15,0,0
BRDA:110,15,1,1
BRDA:112,16,0,1
BRDA:112,16,1,2
BRDA:116,17,0,1
BRDA:116,17,1,1
BRDA:119,18,0,0
BRDA:119,18,1,1
BRDA:124,19,0,0
BRDA:124,19,1,1
BRDA:136,20,0,1
BRDA:136,20,1,2
BRDA:139,21,0,0
BRDA:139,21,1,2
BRDA:145,22,0,0
BRDA:145,22,1,2
BRF:46
BRH:31
end_of_record
TN:
SF:src/models/annuncio.js
FNF:0
FNH:0
DA:1,7
DA:3,7
DA:24,7
DA:26,7
LF:4
LH:4
BRF:0
BRH:0
end_of_record
TN:
SF:src/models/profilo.js
FNF:0
FNH:0
DA:1,7
DA:3,7
DA:20,7
DA:22,7
LF:4
LH:4
BRF:0
BRH:0
end_of_record
TN:
SF:src/models/recensione.js
FNF:0
FNH:0
DA:1,7
DA:3,7
DA:14,7
DA:16,7
LF:4
LH:4
BRF:0
BRH:0
end_of_record
TN:
SF:src/models/transazione.js
FNF:0
FNH:0
DA:1,7
DA:3,7
DA:19,7
DA:21,7
LF:4
LH:4
BRF:0
BRH:0
end_of_record
TN:
SF:src/models/utente.js
FNF:0
FNH:0
DA:1,7
DA:3,7
DA:16,7
DA:18,7
LF:4
LH:4
BRF:0
BRH:0
end_of_record
TN:
SF:src/routes/annuncio.js
FNF:0
FNH:0
DA:1,7
DA:3,7
DA:4,7
DA:6,7
DA:7,7
DA:9,7
DA:10,7
DA:11,7
DA:12,7
DA:13,7
DA:14,7
DA:15,7
DA:16,7
DA:17,7
DA:19,7
LF:15
LH:15
BRF:0
BRH:0
end_of_record
TN:
SF:src/routes/authentication.js
FNF:0
FNH:0
DA:1,7
DA:3,7
DA:4,7
DA:6,7
DA:7,7
DA:9,7
DA:10,7
DA:11,7
DA:12,7
LF:9
LH:9
BRF:0
BRH:0
end_of_record
TN:
SF:src/routes/mailSender.js
FNF:0
FNH:0
DA:1,7
DA:3,7
DA:4,7
DA:6,7
DA:7,7
DA:9,7
DA:10,7
LF:7
LH:7
BRF:0
BRH:0
end_of_record
TN:
SF:src/routes/profilo.js
FNF:0
FNH:0
DA:1,7
DA:3,7
DA:4,7
DA:6,7
DA:7,7
DA:9,7
DA:11,7
DA:12,7
DA:13,7
DA:15,7
DA:17,7
DA:18,7
DA:19,7
DA:20,7
DA:21,7
DA:22,7
DA:23,7
DA:24,7
LF:18
LH:18
BRF:0
BRH:0
end_of_record
TN:
SF:src/routes/recensione.js
FNF:0
FNH:0
DA:1,7
DA:3,7
DA:4,7
DA:6,7
DA:7,7
DA:9,7
DA:10,7
DA:11,7
DA:12,7
DA:13,7
DA:14,7
DA:16,7
LF:12
LH:12
BRF:0
BRH:0
end_of_record
TN:
SF:src/routes/transazione.js
FNF:0
FNH:0
DA:1,7
DA:3,7
DA:4,7
DA:6,7
DA:7,7
DA:9,7
DA:10,7
DA:11,7
DA:12,7
DA:13,7
DA:14,7
DA:16,7
LF:12
LH:12
BRF:0
BRH:0
end_of_record
TN:
SF:src/routes/utente.js
FNF:0
FNH:0
DA:1,7
DA:3,7
DA:4,7
DA:6,7
DA:7,7
DA:9,7
DA:10,7
DA:11,7
DA:12,7
DA:13,7
DA:14,7
DA:15,7
DA:17,7
LF:13
LH:13
BRF:0
BRH:0
end_of_record
