TN:
SF:src/server.js
FNF:0
FNH:0
DA:2,5
DA:4,5
DA:5,5
DA:7,5
DA:9,5
DA:10,5
DA:12,5
DA:13,5
DA:16,5
DA:17,5
DA:18,5
DA:21,5
DA:23,5
DA:24,5
DA:25,5
DA:26,5
DA:27,5
DA:28,5
DA:30,5
DA:31,5
DA:32,5
DA:34,5
DA:35,5
DA:36,5
DA:37,5
DA:39,5
DA:40,5
DA:41,5
DA:42,5
DA:43,5
DA:45,5
DA:46,5
DA:47,5
DA:48,5
DA:49,5
DA:51,5
DA:52,5
DA:53,5
DA:54,5
DA:55,5
DA:57,5
DA:59,5
DA:60,5
DA:62,5
LF:44
LH:44
BRF:0
BRH:0
end_of_record
TN:
SF:src/auxiliaries/checks.js
FN:2,(anonymous_0)
FN:17,(anonymous_1)
FN:25,(anonymous_2)
FNF:3
FNH:0
FNDA:0,(anonymous_0)
FNDA:0,(anonymous_1)
FNDA:0,(anonymous_2)
DA:2,5
DA:3,0
DA:4,0
DA:7,0
DA:11,0
DA:13,0
DA:17,5
DA:18,0
DA:25,5
DA:26,0
DA:30,5
LF:11
LH:4
BRDA:3,0,0,0
BRDA:3,0,1,0
BRDA:7,1,0,0
BRDA:7,1,1,0
BRDA:7,2,0,0
BRDA:7,2,1,0
BRDA:7,2,2,0
BRDA:7,2,3,0
BRDA:7,2,4,0
BRDA:7,2,5,0
BRDA:7,2,6,0
BRF:11
BRH:0
end_of_record
TN:
SF:src/auxiliaries/createId.js
FN:1,createId
FNF:1
FNH:1
FNDA:5,createId
DA:2,5
DA:3,5
DA:6,5
LF:3
LH:3
BRF:0
BRH:0
end_of_record
TN:
SF:src/auxiliaries/dateFunction.js
FN:2,(anonymous_0)
FN:9,(anonymous_1)
FN:16,(anonymous_2)
FN:23,(anonymous_3)
FNF:4
FNH:1
FNDA:0,(anonymous_0)
FNDA:0,(anonymous_1)
FNDA:0,(anonymous_2)
FNDA:2,(anonymous_3)
DA:2,5
DA:3,0
DA:4,0
DA:5,0
DA:9,5
DA:10,0
DA:11,0
DA:12,0
DA:16,5
DA:17,0
DA:23,5
DA:24,2
DA:29,5
LF:13
LH:6
BRF:0
BRH:0
end_of_record
TN:
SF:src/auxiliaries/filtraggio.js
FN:4,(anonymous_0)
FN:18,(anonymous_1)
FN:30,(anonymous_2)
FN:44,(anonymous_3)
FN:56,(anonymous_4)
FN:68,(anonymous_5)
FN:76,(anonymous_6)
FN:84,(anonymous_7)
FN:92,(anonymous_8)
FN:101,(anonymous_9)
FN:112,(anonymous_10)
FN:113,(anonymous_11)
FN:121,(anonymous_12)
FN:122,(anonymous_13)
FN:141,(anonymous_14)
FN:142,(anonymous_15)
FN:149,(anonymous_16)
FN:150,(anonymous_17)
FN:164,(anonymous_18)
FN:166,(anonymous_19)
FN:171,(anonymous_20)
FN:173,(anonymous_21)
FNF:22
FNH:11
FNDA:5,(anonymous_0)
FNDA:43,(anonymous_1)
FNDA:0,(anonymous_2)
FNDA:129,(anonymous_3)
FNDA:43,(anonymous_4)
FNDA:171,(anonymous_5)
FNDA:0,(anonymous_6)
FNDA:0,(anonymous_7)
FNDA:0,(anonymous_8)
FNDA:0,(anonymous_9)
FNDA:1,(anonymous_10)
FNDA:0,(anonymous_11)
FNDA:1,(anonymous_12)
FNDA:0,(anonymous_13)
FNDA:1,(anonymous_14)
FNDA:0,(anonymous_15)
FNDA:1,(anonymous_16)
FNDA:0,(anonymous_17)
FNDA:2,(anonymous_18)
FNDA:86,(anonymous_19)
FNDA:0,(anonymous_20)
FNDA:0,(anonymous_21)
DA:1,5
DA:2,5
DA:4,5
DA:5,5
DA:6,5
DA:7,5
DA:8,5
DA:9,5
DA:10,5
DA:11,5
DA:13,5
DA:14,5
DA:16,5
DA:17,1
DA:18,1
DA:19,43
DA:20,0
DA:22,43
DA:23,43
DA:28,5
DA:29,0
DA:30,0
DA:31,0
DA:32,0
DA:34,0
DA:35,0
DA:42,5
DA:43,3
DA:44,3
DA:45,129
DA:46,48
DA:48,81
DA:54,5
DA:55,1
DA:56,1
DA:57,43
DA:58,16
DA:60,27
DA:66,5
DA:67,4
DA:68,4
DA:69,171
DA:74,5
DA:75,0
DA:76,0
DA:77,0
DA:82,5
DA:83,0
DA:84,0
DA:85,0
DA:90,5
DA:91,0
DA:92,0
DA:93,0
DA:94,0
DA:99,5
DA:100,0
DA:101,0
DA:102,0
DA:103,0
DA:108,5
DA:112,5
DA:113,1
DA:114,0
DA:116,1
DA:121,5
DA:122,1
DA:123,0
DA:124,0
DA:125,0
DA:126,0
DA:127,0
DA:128,0
DA:129,0
DA:130,0
DA:133,1
DA:141,5
DA:142,1
DA:143,0
DA:145,1
DA:149,5
DA:150,1
DA:151,0
DA:152,0
DA:153,0
DA:154,0
DA:155,0
DA:156,0
DA:157,0
DA:158,0
DA:161,1
DA:164,5
DA:165,2
DA:166,2
DA:167,86
DA:171,5
DA:172,0
DA:173,0
DA:174,0
DA:178,5
LF:100
LH:58
BRDA:16,0,0,1
BRDA:16,0,1,4
BRDA:17,1,0,1
BRDA:17,1,1,0
BRDA:19,2,0,0
BRDA:19,2,1,43
BRDA:28,3,0,0
BRDA:28,3,1,5
BRDA:29,4,0,0
BRDA:29,4,1,0
BRDA:31,5,0,0
BRDA:31,5,1,0
BRDA:42,6,0,3
BRDA:42,6,1,2
BRDA:43,7,0,3
BRDA:43,7,1,0
BRDA:45,8,0,48
BRDA:45,8,1,81
BRDA:54,9,0,1
BRDA:54,9,1,4
BRDA:55,10,0,1
BRDA:55,10,1,0
BRDA:57,11,0,16
BRDA:57,11,1,27
BRDA:66,12,0,4
BRDA:66,12,1,1
BRDA:67,13,0,4
BRDA:67,13,1,0
BRDA:74,14,0,0
BRDA:74,14,1,5
BRDA:75,15,0,0
BRDA:75,15,1,0
BRDA:82,16,0,0
BRDA:82,16,1,5
BRDA:83,17,0,0
BRDA:83,17,1,0
BRDA:90,18,0,0
BRDA:90,18,1,5
BRDA:91,19,0,0
BRDA:91,19,1,0
BRDA:99,20,0,0
BRDA:99,20,1,5
BRDA:100,21,0,0
BRDA:100,21,1,0
BRDA:123,22,0,0
BRDA:123,22,1,0
BRDA:123,23,0,0
BRDA:123,23,1,0
BRDA:125,24,0,0
BRDA:125,24,1,0
BRDA:125,25,0,0
BRDA:125,25,1,0
BRDA:127,26,0,0
BRDA:127,26,1,0
BRDA:127,27,0,0
BRDA:127,27,1,0
BRDA:129,28,0,0
BRDA:129,28,1,0
BRDA:129,29,0,0
BRDA:129,29,1,0
BRDA:151,30,0,0
BRDA:151,30,1,0
BRDA:151,31,0,0
BRDA:151,31,1,0
BRDA:153,32,0,0
BRDA:153,32,1,0
BRDA:153,33,0,0
BRDA:153,33,1,0
BRDA:155,34,0,0
BRDA:155,34,1,0
BRDA:155,35,0,0
BRDA:155,35,1,0
BRDA:157,36,0,0
BRDA:157,36,1,0
BRDA:157,37,0,0
BRDA:157,37,1,0
BRF:76
BRH:22
end_of_record
TN:
SF:src/auxiliaries/randomString.js
FN:1,createRandomString
FNF:1
FNH:1
FNDA:2,createRandomString
DA:2,2
DA:3,2
DA:4,2
DA:5,20
DA:6,20
DA:8,2
DA:11,5
LF:7
LH:7
BRF:0
BRH:0
end_of_record
TN:
SF:src/controllers/annuncio.js
FN:6,(anonymous_0)
FN:7,(anonymous_1)
FN:9,(anonymous_2)
FN:56,(anonymous_3)
FN:69,(anonymous_4)
FN:70,(anonymous_5)
FN:83,(anonymous_6)
FN:84,(anonymous_7)
FN:94,(anonymous_8)
FN:95,(anonymous_9)
FN:108,(anonymous_10)
FN:117,(anonymous_11)
FN:118,(anonymous_12)
FN:137,(anonymous_13)
FN:138,(anonymous_14)
FN:171,(anonymous_15)
FN:179,(anonymous_16)
FN:197,(anonymous_17)
FN:200,(anonymous_18)
FNF:19
FNH:19
FNDA:7,(anonymous_0)
FNDA:7,(anonymous_1)
FNDA:6,(anonymous_2)
FNDA:4,(anonymous_3)
FNDA:1,(anonymous_4)
FNDA:1,(anonymous_5)
FNDA:2,(anonymous_6)
FNDA:2,(anonymous_7)
FNDA:3,(anonymous_8)
FNDA:3,(anonymous_9)
FNDA:5,(anonymous_10)
FNDA:5,(anonymous_11)
FNDA:5,(anonymous_12)
FNDA:3,(anonymous_13)
FNDA:3,(anonymous_14)
FNDA:1,(anonymous_15)
FNDA:5,(anonymous_16)
FNDA:2,(anonymous_17)
FNDA:2,(anonymous_18)
DA:1,5
DA:2,5
DA:4,5
DA:5,5
DA:6,5
DA:7,7
DA:8,7
DA:9,6
DA:10,6
DA:11,1
DA:12,1
DA:15,5
DA:16,3
DA:17,2
DA:18,1
DA:25,4
DA:26,4
DA:28,4
DA:30,4
DA:44,4
DA:45,1
DA:46,1
DA:47,1
DA:49,1
DA:50,1
DA:53,3
DA:56,4
DA:57,4
DA:58,4
DA:63,1
DA:64,1
DA:69,5
DA:70,1
DA:71,1
DA:72,1
DA:73,0
DA:75,1
DA:77,0
DA:78,0
DA:83,5
DA:84,2
DA:85,2
DA:86,1
DA:88,1
DA:89,1
DA:94,5
DA:95,3
DA:96,3
DA:97,3
DA:98,2
DA:100,1
DA:102,0
DA:103,0
DA:108,5
DA:109,5
DA:110,5
DA:111,1
DA:113,4
DA:114,4
DA:117,5
DA:118,5
DA:119,5
DA:120,5
DA:121,0
DA:123,5
DA:124,5
DA:125,1
DA:127,4
DA:131,0
DA:132,0
DA:137,5
DA:138,3
DA:139,3
DA:140,1
DA:141,1
DA:144,2
DA:145,2
DA:146,2
DA:147,1
DA:153,1
DA:154,1
DA:157,1
DA:172,1
DA:173,1
DA:179,5
DA:180,5
DA:181,5
DA:182,5
DA:183,1
DA:184,4
DA:185,1
DA:186,3
DA:187,1
DA:188,2
DA:189,1
DA:191,1
DA:197,5
DA:198,2
DA:200,2
DA:201,2
DA:202,2
DA:203,0
DA:205,2
DA:206,2
DA:207,1
DA:209,1
DA:211,0
DA:212,0
DA:218,5
LF:109
LH:98
BRDA:8,0,0,6
BRDA:8,0,1,1
BRDA:10,1,0,1
BRDA:10,1,1,5
BRDA:11,2,0,0
BRDA:11,2,1,1
BRDA:15,3,0,3
BRDA:15,3,1,2
BRDA:16,4,0,2
BRDA:16,4,1,1
BRDA:17,5,0,1
BRDA:17,5,1,1
BRDA:44,6,0,1
BRDA:44,6,1,3
BRDA:46,7,0,1
BRDA:46,7,1,0
BRDA:49,8,0,1
BRDA:49,8,1,0
BRDA:57,9,0,0
BRDA:57,9,1,4
BRDA:63,10,0,0
BRDA:63,10,1,1
BRDA:71,11,0,1
BRDA:71,11,1,0
BRDA:72,12,0,0
BRDA:72,12,1,1
BRDA:77,13,0,0
BRDA:77,13,1,0
BRDA:85,14,0,1
BRDA:85,14,1,1
BRDA:88,15,0,0
BRDA:88,15,1,1
BRDA:96,16,0,3
BRDA:96,16,1,0
BRDA:97,17,0,2
BRDA:97,17,1,1
BRDA:102,18,0,0
BRDA:102,18,1,0
BRDA:110,19,0,1
BRDA:110,19,1,4
BRDA:119,20,0,5
BRDA:119,20,1,0
BRDA:120,21,0,0
BRDA:120,21,1,5
BRDA:124,22,0,1
BRDA:124,22,1,4
BRDA:131,23,0,0
BRDA:131,23,1,0
BRDA:139,24,0,1
BRDA:139,24,1,2
BRDA:140,25,0,0
BRDA:140,25,1,1
BRDA:144,26,0,2
BRDA:144,26,1,0
BRDA:145,27,0,2
BRDA:145,27,1,0
BRDA:146,28,0,1
BRDA:146,28,1,1
BRDA:153,29,0,1
BRDA:153,29,1,0
BRDA:153,30,0,1
BRDA:153,30,1,1
BRDA:153,30,2,1
BRDA:172,31,0,0
BRDA:172,31,1,1
BRDA:182,32,0,1
BRDA:182,32,1,4
BRDA:184,33,0,1
BRDA:184,33,1,3
BRDA:186,34,0,1
BRDA:186,34,1,2
BRDA:188,35,0,1
BRDA:188,35,1,1
BRDA:201,36,0,2
BRDA:201,36,1,0
BRDA:202,37,0,0
BRDA:202,37,1,2
BRDA:206,38,0,1
BRDA:206,38,1,1
BRDA:211,39,0,0
BRDA:211,39,1,0
BRF:81
BRH:55
end_of_record
TN:
SF:src/controllers/authentication.js
FN:5,(anonymous_0)
FN:22,(anonymous_1)
FN:35,(anonymous_2)
FN:41,(anonymous_3)
FN:46,(anonymous_4)
FNF:5
FNH:5
FNDA:3,(anonymous_0)
FNDA:2,(anonymous_1)
FNDA:2,(anonymous_2)
FNDA:2,(anonymous_3)
FNDA:1,(anonymous_4)
DA:1,5
DA:2,5
DA:3,5
DA:5,5
DA:6,3
DA:8,3
DA:9,1
DA:12,2
DA:13,1
DA:16,1
DA:17,1
DA:18,1
DA:19,1
DA:22,5
DA:23,2
DA:24,2
DA:25,1
DA:26,1
DA:27,1
DA:29,1
DA:31,1
DA:35,5
DA:36,2
DA:38,2
DA:39,2
DA:41,2
DA:42,2
DA:43,1
DA:47,1
DA:48,1
DA:52,1
DA:53,1
DA:60,5
LF:33
LH:33
BRDA:8,0,0,1
BRDA:8,0,1,2
BRDA:12,1,0,1
BRDA:12,1,1,1
BRDA:24,2,0,1
BRDA:24,2,1,1
BRDA:42,3,0,1
BRDA:42,3,1,1
BRDA:47,4,0,0
BRDA:47,4,1,1
BRDA:52,5,0,0
BRDA:52,5,1,1
BRF:12
BRH:10
end_of_record
TN:
SF:src/controllers/mailSender.js
FN:9,(anonymous_0)
FN:25,(anonymous_1)
FNF:2
FNH:2
FNDA:2,(anonymous_0)
FNDA:2,(anonymous_1)
DA:1,5
DA:2,5
DA:3,5
DA:9,5
DA:10,2
DA:18,2
DA:25,2
DA:26,2
DA:27,1
DA:28,1
DA:30,1
DA:31,1
DA:36,5
LF:13
LH:13
BRDA:26,0,0,1
BRDA:26,0,1,1
BRF:2
BRH:2
end_of_record
TN:
SF:src/controllers/profilo.js
FN:7,(anonymous_0)
FN:8,(anonymous_1)
FN:10,(anonymous_2)
FN:25,(anonymous_3)
FN:41,(anonymous_4)
FN:42,(anonymous_5)
FN:56,(anonymous_6)
FN:57,(anonymous_7)
FN:68,(anonymous_8)
FN:82,(anonymous_9)
FN:83,(anonymous_10)
FN:90,(anonymous_11)
FN:101,(anonymous_12)
FN:103,(anonymous_13)
FN:105,(anonymous_14)
FN:114,(anonymous_15)
FN:132,(anonymous_16)
FN:134,(anonymous_17)
FN:136,(anonymous_18)
FN:148,(anonymous_19)
FN:166,(anonymous_20)
FN:167,(anonymous_21)
FN:172,(anonymous_22)
FN:183,(anonymous_23)
FN:184,(anonymous_24)
FN:187,(anonymous_25)
FN:198,(anonymous_26)
FN:203,(anonymous_27)
FN:222,(anonymous_28)
FN:223,(anonymous_29)
FN:226,(anonymous_30)
FN:244,(anonymous_31)
FN:260,(anonymous_32)
FN:261,(anonymous_33)
FN:263,(anonymous_34)
FN:286,(anonymous_35)
FN:304,(anonymous_36)
FN:305,(anonymous_37)
FN:311,(anonymous_38)
FN:316,(anonymous_39)
FNF:40
FNH:0
FNDA:0,(anonymous_0)
FNDA:0,(anonymous_1)
FNDA:0,(anonymous_2)
FNDA:0,(anonymous_3)
FNDA:0,(anonymous_4)
FNDA:0,(anonymous_5)
FNDA:0,(anonymous_6)
FNDA:0,(anonymous_7)
FNDA:0,(anonymous_8)
FNDA:0,(anonymous_9)
FNDA:0,(anonymous_10)
FNDA:0,(anonymous_11)
FNDA:0,(anonymous_12)
FNDA:0,(anonymous_13)
FNDA:0,(anonymous_14)
FNDA:0,(anonymous_15)
FNDA:0,(anonymous_16)
FNDA:0,(anonymous_17)
FNDA:0,(anonymous_18)
FNDA:0,(anonymous_19)
FNDA:0,(anonymous_20)
FNDA:0,(anonymous_21)
FNDA:0,(anonymous_22)
FNDA:0,(anonymous_23)
FNDA:0,(anonymous_24)
FNDA:0,(anonymous_25)
FNDA:0,(anonymous_26)
FNDA:0,(anonymous_27)
FNDA:0,(anonymous_28)
FNDA:0,(anonymous_29)
FNDA:0,(anonymous_30)
FNDA:0,(anonymous_31)
FNDA:0,(anonymous_32)
FNDA:0,(anonymous_33)
FNDA:0,(anonymous_34)
FNDA:0,(anonymous_35)
FNDA:0,(anonymous_36)
FNDA:0,(anonymous_37)
FNDA:0,(anonymous_38)
FNDA:0,(anonymous_39)
DA:1,5
DA:2,5
DA:3,5
DA:4,5
DA:5,5
DA:7,5
DA:8,0
DA:9,0
DA:10,0
DA:11,0
DA:13,0
DA:14,0
DA:17,0
DA:25,0
DA:26,0
DA:27,0
DA:30,0
DA:31,0
DA:35,0
DA:36,0
DA:41,5
DA:42,0
DA:44,0
DA:45,0
DA:46,0
DA:48,0
DA:50,0
DA:51,0
DA:56,5
DA:57,0
DA:58,0
DA:59,0
DA:60,0
DA:61,0
DA:63,0
DA:68,5
DA:70,0
DA:72,0
DA:73,0
DA:75,0
DA:76,0
DA:77,0
DA:82,5
DA:83,0
DA:84,0
DA:85,0
DA:86,0
DA:88,0
DA:91,0
DA:92,0
DA:96,0
DA:101,5
DA:102,0
DA:103,0
DA:104,0
DA:105,0
DA:106,0
DA:107,0
DA:108,0
DA:110,0
DA:111,0
DA:112,0
DA:115,0
DA:116,0
DA:121,0
DA:122,0
DA:126,0
DA:127,0
DA:132,5
DA:133,0
DA:134,0
DA:135,0
DA:136,0
DA:137,0
DA:138,0
DA:139,0
DA:141,0
DA:142,0
DA:143,0
DA:144,0
DA:145,0
DA:146,0
DA:149,0
DA:150,0
DA:155,0
DA:156,0
DA:160,0
DA:161,0
DA:166,5
DA:167,0
DA:168,0
DA:169,0
DA:170,0
DA:172,0
DA:173,0
DA:175,0
DA:177,0
DA:178,0
DA:183,5
DA:184,0
DA:185,0
DA:186,0
DA:187,0
DA:188,0
DA:189,0
DA:190,0
DA:191,0
DA:192,0
DA:193,0
DA:194,0
DA:196,0
DA:198,0
DA:199,0
DA:200,0
DA:201,0
DA:204,0
DA:205,0
DA:208,0
DA:212,0
DA:216,0
DA:217,0
DA:222,5
DA:223,0
DA:224,0
DA:226,0
DA:227,0
DA:229,0
DA:230,0
DA:231,0
DA:232,0
DA:233,0
DA:234,0
DA:235,0
DA:237,0
DA:242,0
DA:245,0
DA:246,0
DA:250,0
DA:254,0
DA:255,0
DA:260,5
DA:261,0
DA:262,0
DA:263,0
DA:264,0
DA:265,0
DA:266,0
DA:269,0
DA:270,0
DA:272,0
DA:273,0
DA:274,0
DA:276,0
DA:277,0
DA:281,0
DA:287,0
DA:288,0
DA:292,0
DA:293,0
DA:298,0
DA:299,0
DA:304,5
DA:305,0
DA:306,0
DA:307,0
DA:308,0
DA:310,0
DA:311,0
DA:312,0
DA:313,0
DA:314,0
DA:316,0
DA:317,0
DA:318,0
DA:323,0
DA:324,0
DA:329,5
LF:177
LH:18
BRDA:9,0,0,0
BRDA:9,0,1,0
BRDA:11,1,0,0
BRDA:11,1,1,0
BRDA:13,2,0,0
BRDA:13,2,1,0
BRDA:26,3,0,0
BRDA:26,3,1,0
BRDA:30,4,0,0
BRDA:30,4,1,0
BRDA:35,5,0,0
BRDA:35,5,1,0
BRDA:44,6,0,0
BRDA:44,6,1,0
BRDA:45,7,0,0
BRDA:45,7,1,0
BRDA:50,8,0,0
BRDA:50,8,1,0
BRDA:58,9,0,0
BRDA:58,9,1,0
BRDA:60,10,0,0
BRDA:60,10,1,0
BRDA:72,11,0,0
BRDA:72,11,1,0
BRDA:84,12,0,0
BRDA:84,12,1,0
BRDA:85,13,0,0
BRDA:85,13,1,0
BRDA:91,14,0,0
BRDA:91,14,1,0
BRDA:104,15,0,0
BRDA:104,15,1,0
BRDA:106,16,0,0
BRDA:106,16,1,0
BRDA:107,17,0,0
BRDA:107,17,1,0
BRDA:115,18,0,0
BRDA:115,18,1,0
BRDA:121,19,0,0
BRDA:121,19,1,0
BRDA:126,20,0,0
BRDA:126,20,1,0
BRDA:135,21,0,0
BRDA:135,21,1,0
BRDA:137,22,0,0
BRDA:137,22,1,0
BRDA:138,23,0,0
BRDA:138,23,1,0
BRDA:149,24,0,0
BRDA:149,24,1,0
BRDA:155,25,0,0
BRDA:155,25,1,0
BRDA:160,26,0,0
BRDA:160,26,1,0
BRDA:168,27,0,0
BRDA:168,27,1,0
BRDA:169,28,0,0
BRDA:169,28,1,0
BRDA:177,29,0,0
BRDA:177,29,1,0
BRDA:185,30,0,0
BRDA:185,30,1,0
BRDA:188,31,0,0
BRDA:188,31,1,0
BRDA:191,32,0,0
BRDA:191,32,1,0
BRDA:199,33,0,0
BRDA:199,33,1,0
BRDA:204,34,0,0
BRDA:204,34,1,0
BRDA:208,35,0,0
BRDA:208,35,1,0
BRDA:212,36,0,0
BRDA:212,36,1,0
BRDA:216,37,0,0
BRDA:216,37,1,0
BRDA:224,38,0,0
BRDA:224,38,1,0
BRDA:227,39,0,0
BRDA:227,39,1,0
BRDA:233,40,0,0
BRDA:233,40,1,0
BRDA:234,41,0,0
BRDA:234,41,1,0
BRDA:245,42,0,0
BRDA:245,42,1,0
BRDA:250,43,0,0
BRDA:250,43,1,0
BRDA:254,44,0,0
BRDA:254,44,1,0
BRDA:262,45,0,0
BRDA:262,45,1,0
BRDA:264,46,0,0
BRDA:264,46,1,0
BRDA:265,47,0,0
BRDA:265,47,1,0
BRDA:273,48,0,0
BRDA:273,48,1,0
BRDA:287,49,0,0
BRDA:287,49,1,0
BRDA:292,50,0,0
BRDA:292,50,1,0
BRDA:298,51,0,0
BRDA:298,51,1,0
BRDA:306,52,0,0
BRDA:306,52,1,0
BRDA:307,53,0,0
BRDA:307,53,1,0
BRDA:312,54,0,0
BRDA:312,54,1,0
BRDA:317,55,0,0
BRDA:317,55,1,0
BRDA:323,56,0,0
BRDA:323,56,1,0
BRF:114
BRH:0
end_of_record
TN:
SF:src/controllers/recensione.js
FN:8,(anonymous_0)
FN:10,(anonymous_1)
FN:12,(anonymous_2)
FN:38,(anonymous_3)
FN:61,(anonymous_4)
FN:62,(anonymous_5)
FN:77,(anonymous_6)
FN:79,(anonymous_7)
FN:94,(anonymous_8)
FN:96,(anonymous_9)
FN:111,(anonymous_10)
FN:120,(anonymous_11)
FN:122,(anonymous_12)
FNF:13
FNH:13
FNDA:6,(anonymous_0)
FNDA:6,(anonymous_1)
FNDA:5,(anonymous_2)
FNDA:1,(anonymous_3)
FNDA:1,(anonymous_4)
FNDA:1,(anonymous_5)
FNDA:2,(anonymous_6)
FNDA:2,(anonymous_7)
FNDA:2,(anonymous_8)
FNDA:2,(anonymous_9)
FNDA:2,(anonymous_10)
FNDA:2,(anonymous_11)
FNDA:2,(anonymous_12)
DA:1,5
DA:2,5
DA:3,5
DA:4,5
DA:6,5
DA:8,5
DA:10,6
DA:11,6
DA:12,5
DA:13,5
DA:15,4
DA:18,3
DA:19,2
DA:20,2
DA:21,2
DA:24,3
DA:25,2
DA:28,1
DA:38,1
DA:39,1
DA:40,1
DA:44,1
DA:45,1
DA:49,1
DA:50,1
DA:54,1
DA:55,1
DA:61,5
DA:62,1
DA:63,1
DA:64,1
DA:65,0
DA:68,1
DA:71,0
DA:72,0
DA:77,5
DA:78,2
DA:79,2
DA:80,2
DA:81,2
DA:82,1
DA:85,1
DA:88,0
DA:89,0
DA:94,5
DA:95,2
DA:96,2
DA:97,2
DA:98,2
DA:99,1
DA:102,1
DA:105,0
DA:106,0
DA:111,5
DA:112,2
DA:113,2
DA:114,1
DA:116,1
DA:117,1
DA:120,5
DA:121,2
DA:122,2
DA:123,2
DA:124,2
DA:125,1
DA:128,1
DA:131,0
DA:132,0
DA:137,5
LF:69
LH:60
BRDA:11,0,0,5
BRDA:11,0,1,1
BRDA:13,1,0,4
BRDA:13,1,1,1
BRDA:15,2,0,3
BRDA:15,2,1,1
BRDA:15,3,0,4
BRDA:15,3,1,3
BRDA:18,4,0,2
BRDA:18,4,1,1
BRDA:18,5,0,3
BRDA:18,5,1,2
BRDA:24,6,0,2
BRDA:24,6,1,1
BRDA:24,7,0,3
BRDA:24,7,1,2
BRDA:24,7,2,1
BRDA:39,8,0,0
BRDA:39,8,1,1
BRDA:44,9,0,0
BRDA:44,9,1,1
BRDA:49,10,0,0
BRDA:49,10,1,1
BRDA:54,11,0,0
BRDA:54,11,1,1
BRDA:63,12,0,1
BRDA:63,12,1,0
BRDA:64,13,0,0
BRDA:64,13,1,1
BRDA:71,14,0,0
BRDA:71,14,1,0
BRDA:80,15,0,2
BRDA:80,15,1,0
BRDA:81,16,0,1
BRDA:81,16,1,1
BRDA:88,17,0,0
BRDA:88,17,1,0
BRDA:97,18,0,2
BRDA:97,18,1,0
BRDA:98,19,0,1
BRDA:98,19,1,1
BRDA:105,20,0,0
BRDA:105,20,1,0
BRDA:113,21,0,1
BRDA:113,21,1,1
BRDA:123,22,0,2
BRDA:123,22,1,0
BRDA:124,23,0,1
BRDA:124,23,1,1
BRDA:131,24,0,0
BRDA:131,24,1,0
BRF:51
BRH:34
end_of_record
TN:
SF:src/controllers/tokenChecker.js
FN:3,(anonymous_0)
FN:19,(anonymous_1)
FNF:2
FNH:2
FNDA:67,(anonymous_0)
FNDA:55,(anonymous_1)
DA:1,5
DA:3,5
DA:7,67
DA:11,67
DA:12,12
DA:19,55
DA:20,55
DA:21,12
DA:26,43
DA:30,43
DA:36,5
LF:11
LH:11
BRDA:11,0,0,12
BRDA:11,0,1,55
BRDA:20,1,0,12
BRDA:20,1,1,43
BRF:4
BRH:4
end_of_record
TN:
SF:src/controllers/transazione.js
FN:8,(anonymous_0)
FN:13,(anonymous_1)
FN:16,(anonymous_2)
FN:18,(anonymous_3)
FN:38,(anonymous_4)
FN:63,(anonymous_5)
FN:64,(anonymous_6)
FN:79,(anonymous_7)
FN:81,(anonymous_8)
FN:96,(anonymous_9)
FN:98,(anonymous_10)
FN:113,(anonymous_11)
FN:122,(anonymous_12)
FN:124,(anonymous_13)
FNF:14
FNH:14
FNDA:5,(anonymous_0)
FNDA:5,(anonymous_1)
FNDA:5,(anonymous_2)
FNDA:4,(anonymous_3)
FNDA:2,(anonymous_4)
FNDA:1,(anonymous_5)
FNDA:1,(anonymous_6)
FNDA:2,(anonymous_7)
FNDA:2,(anonymous_8)
FNDA:2,(anonymous_9)
FNDA:2,(anonymous_10)
FNDA:3,(anonymous_11)
FNDA:11,(anonymous_12)
FNDA:11,(anonymous_13)
DA:1,5
DA:2,5
DA:3,5
DA:5,5
DA:6,5
DA:8,5
DA:9,5
DA:10,5
DA:13,5
DA:14,5
DA:16,5
DA:17,5
DA:18,4
DA:19,4
DA:20,3
DA:26,3
DA:27,2
DA:38,2
DA:39,2
DA:40,2
DA:43,1
DA:46,1
DA:47,1
DA:51,1
DA:52,1
DA:57,0
DA:58,0
DA:63,5
DA:64,1
DA:65,1
DA:66,1
DA:67,0
DA:70,1
DA:73,0
DA:74,0
DA:79,5
DA:80,2
DA:81,2
DA:82,2
DA:83,2
DA:84,1
DA:87,1
DA:90,0
DA:91,0
DA:96,5
DA:97,2
DA:98,2
DA:99,2
DA:100,2
DA:101,1
DA:104,1
DA:107,0
DA:108,0
DA:113,5
DA:114,3
DA:115,3
DA:116,1
DA:118,2
DA:119,2
DA:122,5
DA:123,11
DA:124,11
DA:125,11
DA:126,11
DA:127,1
DA:130,10
DA:133,0
DA:134,0
DA:139,5
LF:69
LH:58
BRDA:14,0,0,5
BRDA:14,0,1,0
BRDA:17,1,0,4
BRDA:17,1,1,1
BRDA:19,2,0,3
BRDA:19,2,1,1
BRDA:26,3,0,2
BRDA:26,3,1,1
BRDA:39,4,0,0
BRDA:39,4,1,2
BRDA:46,5,0,0
BRDA:46,5,1,1
BRDA:51,6,0,0
BRDA:51,6,1,1
BRDA:57,7,0,0
BRDA:57,7,1,0
BRDA:65,8,0,1
BRDA:65,8,1,0
BRDA:66,9,0,0
BRDA:66,9,1,1
BRDA:73,10,0,0
BRDA:73,10,1,0
BRDA:82,11,0,2
BRDA:82,11,1,0
BRDA:83,12,0,1
BRDA:83,12,1,1
BRDA:90,13,0,0
BRDA:90,13,1,0
BRDA:99,14,0,2
BRDA:99,14,1,0
BRDA:100,15,0,1
BRDA:100,15,1,1
BRDA:107,16,0,0
BRDA:107,16,1,0
BRDA:115,17,0,1
BRDA:115,17,1,2
BRDA:125,18,0,11
BRDA:125,18,1,0
BRDA:126,19,0,1
BRDA:126,19,1,10
BRDA:133,20,0,0
BRDA:133,20,1,0
BRF:42
BRH:23
end_of_record
TN:
SF:src/controllers/utente.js
FN:7,(anonymous_0)
FN:8,(anonymous_1)
FN:10,(anonymous_2)
FN:27,(anonymous_3)
FN:45,(anonymous_4)
FN:58,(anonymous_5)
FN:59,(anonymous_6)
FN:72,(anonymous_7)
FN:73,(anonymous_8)
FN:83,(anonymous_9)
FN:85,(anonymous_10)
FN:98,(anonymous_11)
FN:106,(anonymous_12)
FN:108,(anonymous_13)
FN:115,(anonymous_14)
FN:123,(anonymous_15)
FN:134,(anonymous_16)
FN:135,(anonymous_17)
FN:144,(anonymous_18)
FNF:19
FNH:19
FNDA:6,(anonymous_0)
FNDA:6,(anonymous_1)
FNDA:5,(anonymous_2)
FNDA:4,(anonymous_3)
FNDA:5,(anonymous_4)
FNDA:1,(anonymous_5)
FNDA:1,(anonymous_6)
FNDA:2,(anonymous_7)
FNDA:2,(anonymous_8)
FNDA:2,(anonymous_9)
FNDA:2,(anonymous_10)
FNDA:1,(anonymous_11)
FNDA:4,(anonymous_12)
FNDA:4,(anonymous_13)
FNDA:2,(anonymous_14)
FNDA:1,(anonymous_15)
FNDA:3,(anonymous_16)
FNDA:3,(anonymous_17)
FNDA:2,(anonymous_18)
DA:1,5
DA:3,5
DA:7,5
DA:8,6
DA:9,6
DA:10,5
DA:11,5
DA:13,4
DA:15,4
DA:27,4
DA:28,4
DA:29,4
DA:33,1
DA:34,1
DA:38,1
DA:39,1
DA:45,5
DA:47,5
DA:49,5
DA:50,1
DA:52,4
DA:53,4
DA:58,5
DA:59,1
DA:60,1
DA:61,1
DA:62,0
DA:64,1
DA:66,0
DA:67,0
DA:72,5
DA:73,2
DA:74,2
DA:75,1
DA:77,1
DA:78,1
DA:83,5
DA:85,2
DA:86,2
DA:87,1
DA:88,1
DA:91,1
DA:99,1
DA:100,1
DA:106,5
DA:108,4
DA:109,4
DA:110,1
DA:111,1
DA:112,3
DA:113,1
DA:115,2
DA:116,2
DA:117,1
DA:119,1
DA:120,1
DA:124,1
DA:125,1
DA:134,5
DA:135,3
DA:136,3
DA:137,1
DA:139,2
DA:141,2
DA:145,2
DA:146,2
DA:154,5
LF:67
LH:64
BRDA:9,0,0,5
BRDA:9,0,1,1
BRDA:11,1,0,4
BRDA:11,1,1,1
BRDA:28,2,0,0
BRDA:28,2,1,4
BRDA:33,3,0,0
BRDA:33,3,1,1
BRDA:38,4,0,0
BRDA:38,4,1,1
BRDA:49,5,0,1
BRDA:49,5,1,4
BRDA:60,6,0,1
BRDA:60,6,1,0
BRDA:61,7,0,0
BRDA:61,7,1,1
BRDA:66,8,0,0
BRDA:66,8,1,0
BRDA:74,9,0,1
BRDA:74,9,1,1
BRDA:77,10,0,0
BRDA:77,10,1,1
BRDA:86,11,0,1
BRDA:86,11,1,1
BRDA:87,12,0,0
BRDA:87,12,1,1
BRDA:99,13,0,0
BRDA:99,13,1,1
BRDA:109,14,0,1
BRDA:109,14,1,3
BRDA:110,15,0,0
BRDA:110,15,1,1
BRDA:112,16,0,1
BRDA:112,16,1,2
BRDA:116,17,0,1
BRDA:116,17,1,1
BRDA:119,18,0,0
BRDA:119,18,1,1
BRDA:124,19,0,0
BRDA:124,19,1,1
BRDA:136,20,0,1
BRDA:136,20,1,2
BRDA:139,21,0,0
BRDA:139,21,1,2
BRDA:145,22,0,0
BRDA:145,22,1,2
BRF:46
BRH:31
end_of_record
TN:
SF:src/models/annuncio.js
FNF:0
FNH:0
DA:1,5
DA:3,5
DA:24,5
DA:26,5
LF:4
LH:4
BRF:0
BRH:0
end_of_record
TN:
SF:src/models/profilo.js
FNF:0
FNH:0
DA:1,5
DA:3,5
DA:20,5
DA:22,5
LF:4
LH:4
BRF:0
BRH:0
end_of_record
TN:
SF:src/models/recensione.js
FNF:0
FNH:0
DA:1,5
DA:3,5
DA:14,5
DA:16,5
LF:4
LH:4
BRF:0
BRH:0
end_of_record
TN:
SF:src/models/transazione.js
FNF:0
FNH:0
DA:1,5
DA:3,5
DA:19,5
DA:21,5
LF:4
LH:4
BRF:0
BRH:0
end_of_record
TN:
SF:src/models/utente.js
FNF:0
FNH:0
DA:1,5
DA:3,5
DA:16,5
DA:18,5
LF:4
LH:4
BRF:0
BRH:0
end_of_record
TN:
SF:src/routes/annuncio.js
FNF:0
FNH:0
DA:1,5
DA:3,5
DA:4,5
DA:6,5
DA:7,5
DA:9,5
DA:10,5
DA:11,5
DA:12,5
DA:13,5
DA:14,5
DA:15,5
DA:16,5
DA:17,5
DA:19,5
LF:15
LH:15
BRF:0
BRH:0
end_of_record
TN:
SF:src/routes/authentication.js
FNF:0
FNH:0
DA:1,5
DA:3,5
DA:4,5
DA:6,5
DA:7,5
DA:9,5
DA:10,5
DA:11,5
DA:12,5
LF:9
LH:9
BRF:0
BRH:0
end_of_record
TN:
SF:src/routes/mailSender.js
FNF:0
FNH:0
DA:1,5
DA:3,5
DA:4,5
DA:6,5
DA:7,5
DA:9,5
DA:10,5
LF:7
LH:7
BRF:0
BRH:0
end_of_record
TN:
SF:src/routes/profilo.js
FNF:0
FNH:0
DA:1,5
DA:3,5
DA:4,5
DA:6,5
DA:7,5
DA:9,5
DA:11,5
DA:12,5
DA:13,5
DA:15,5
DA:17,5
DA:18,5
DA:19,5
DA:20,5
DA:21,5
DA:22,5
DA:23,5
DA:24,5
LF:18
LH:18
BRF:0
BRH:0
end_of_record
TN:
SF:src/routes/recensione.js
FNF:0
FNH:0
DA:1,5
DA:3,5
DA:4,5
DA:6,5
DA:7,5
DA:9,5
DA:10,5
DA:11,5
DA:12,5
DA:13,5
DA:14,5
DA:16,5
LF:12
LH:12
BRF:0
BRH:0
end_of_record
TN:
SF:src/routes/transazione.js
FNF:0
FNH:0
DA:1,5
DA:3,5
DA:4,5
DA:6,5
DA:7,5
DA:9,5
DA:10,5
DA:11,5
DA:12,5
DA:13,5
DA:14,5
DA:16,5
LF:12
LH:12
BRF:0
BRH:0
end_of_record
TN:
SF:src/routes/utente.js
FNF:0
FNH:0
DA:1,5
DA:3,5
DA:4,5
DA:6,5
DA:7,5
DA:9,5
DA:10,5
DA:11,5
DA:12,5
DA:13,5
DA:14,5
DA:15,5
DA:17,5
LF:13
LH:13
BRF:0
BRH:0
end_of_record
